<?xml version="1.0" encoding="UTF-8"?>
<robot generator="Robot 7.3.2 (Python 3.13.7 on darwin)" generated="2025-10-09T17:33:20.771867" rpa="false" schemaversion="5">
<suite id="s1" name="Api Test" source="/Users/wesleylima/Documents/challenge-final/cinema_test/api_test.robot">
<test id="s1-t1" name="CT-AUTH-001" line="20">
<kw name="Criar Novo Usuário" owner="auth_register_keywords">
<kw name="Criar DataMass de Novo Usuário Dinâmico" owner="auth_register_keywords">
<kw name="First Name" owner="FakerLibrary">
<msg time="2025-10-09T17:33:21.022300" level="INFO">${NAME} = David</msg>
<var>${NAME}</var>
<status status="PASS" start="2025-10-09T17:33:21.022174" elapsed="0.000141"/>
</kw>
<kw name="Email" owner="FakerLibrary">
<msg time="2025-10-09T17:33:21.022534" level="INFO">${EMAIL} = charlesgomez@example.com</msg>
<var>${EMAIL}</var>
<status status="PASS" start="2025-10-09T17:33:21.022371" elapsed="0.000175"/>
</kw>
<kw name="Password" owner="FakerLibrary">
<msg time="2025-10-09T17:33:21.022660" level="INFO">${PASSWORD} = R8ZBOlmP+u</msg>
<var>${PASSWORD}</var>
<doc>Generate a random password of the specified ``length``.</doc>
<status status="PASS" start="2025-10-09T17:33:21.022593" elapsed="0.000077"/>
</kw>
<kw name="Create Dictionary" owner="BuiltIn">
<msg time="2025-10-09T17:33:21.022848" level="INFO">${DYNAMICPAYLOAD} = {'name': 'David', 'email': 'charlesgomez@example.com', 'password': 'R8ZBOlmP+u'}</msg>
<var>${DYNAMICPAYLOAD}</var>
<arg>name=${NAME}</arg>
<arg>email=${EMAIL}</arg>
<arg>password=${PASSWORD}</arg>
<doc>Creates and returns a dictionary based on the given ``items``.</doc>
<status status="PASS" start="2025-10-09T17:33:21.022718" elapsed="0.000140"/>
</kw>
<return>
<value>${DYNAMICPAYLOAD}</value>
<status status="PASS" start="2025-10-09T17:33:21.022883" elapsed="0.000033"/>
</return>
<msg time="2025-10-09T17:33:21.022966" level="INFO">${dynamic} = {'name': 'David', 'email': 'charlesgomez@example.com', 'password': 'R8ZBOlmP+u'}</msg>
<var>${dynamic}</var>
<status status="PASS" start="2025-10-09T17:33:21.021726" elapsed="0.001249"/>
</kw>
<kw name="Criar DataMass de Novo Usuário Estatico" owner="auth_register_keywords">
<kw name="Importar JSON estático" owner="config">
<kw name="Load Json From File" owner="JSONLibrary">
<msg time="2025-10-09T17:33:21.023462" level="INFO">${data} = {'user_valid': {}, 'user_repeated': {'name': 'Example User', 'email': 'example@example.com', 'password': 'password123'}}</msg>
<var>${data}</var>
<arg>${EXECDIR}/resources/json/${nome_arquivo}</arg>
<doc>Load JSON from file.</doc>
<status status="PASS" start="2025-10-09T17:33:21.023214" elapsed="0.000257"/>
</kw>
<return>
<value>${data}</value>
<status status="PASS" start="2025-10-09T17:33:21.023492" elapsed="0.000025"/>
</return>
<msg time="2025-10-09T17:33:21.023561" level="INFO">${json} = {'user_valid': {}, 'user_repeated': {'name': 'Example User', 'email': 'example@example.com', 'password': 'password123'}}</msg>
<var>${json}</var>
<arg>user.json</arg>
<status status="PASS" start="2025-10-09T17:33:21.023134" elapsed="0.000436"/>
</kw>
<kw name="Set Variable" owner="BuiltIn">
<msg time="2025-10-09T17:33:21.023795" level="INFO">${STATICPAYLOAD} = {}</msg>
<var>${STATICPAYLOAD}</var>
<arg>${json["${testcase}"]}</arg>
<doc>Returns the given values which can then be assigned to a variables.</doc>
<status status="PASS" start="2025-10-09T17:33:21.023612" elapsed="0.000193"/>
</kw>
<return>
<value>${STATICPAYLOAD}</value>
<status status="PASS" start="2025-10-09T17:33:21.023824" elapsed="0.000021"/>
</return>
<msg time="2025-10-09T17:33:21.023885" level="INFO">${static} = {}</msg>
<var>${static}</var>
<arg>${testcase}</arg>
<status status="PASS" start="2025-10-09T17:33:21.023032" elapsed="0.000862"/>
</kw>
<kw name="Copy Dictionary" owner="Collections">
<msg time="2025-10-09T17:33:21.023998" level="INFO">${body} = {'name': 'David', 'email': 'charlesgomez@example.com', 'password': 'R8ZBOlmP+u'}</msg>
<var>${body}</var>
<arg>${dynamic}</arg>
<doc>Returns a copy of the given dictionary.</doc>
<status status="PASS" start="2025-10-09T17:33:21.023934" elapsed="0.000072"/>
</kw>
<kw name="Set To Dictionary" owner="Collections">
<arg>${body}</arg>
<arg>&amp;{static}</arg>
<doc>Adds the given ``key_value_pairs`` and/or ``items`` to the ``dictionary``.</doc>
<status status="PASS" start="2025-10-09T17:33:21.024045" elapsed="0.000058"/>
</kw>
<kw name="Log To Console" owner="BuiltIn">
<arg>\nPayload: ${body}</arg>
<doc>Logs the given message to the console.</doc>
<status status="PASS" start="2025-10-09T17:33:21.024143" elapsed="0.000061"/>
</kw>
<kw name="Create Session" owner="RequestsLibrary">
<msg time="2025-10-09T17:33:21.024310" level="INFO">Creating Session using : alias=CinemaApp, url=http://localhost:4173/api/v1, headers={},                     cookies={}, auth=None, timeout=None, proxies=None, verify=False,                     debug=0 </msg>
<arg>CinemaApp</arg>
<arg>${BASEURL}</arg>
<doc>Create Session: create a HTTP session to a server</doc>
<status status="PASS" start="2025-10-09T17:33:21.024250" elapsed="0.000135"/>
</kw>
<kw name="POST On Session" owner="RequestsLibrary">
<msg time="2025-10-09T17:33:21.200575" level="INFO">POST Request : url=http://localhost:4173/api/v1/auth/register 
 path_url=/api/v1/auth/register 
 headers={'User-Agent': 'python-requests/2.32.5', 'Accept-Encoding': 'gzip, deflate', 'Accept': '*/*', 'Connection': 'keep-alive', 'Content-Length': '80', 'Content-Type': 'application/json'} 
 body=b'{"name": "David", "email": "charlesgomez@example.com", "password": "R8ZBOlmP+u"}' 
 </msg>
<msg time="2025-10-09T17:33:21.200652" level="INFO">POST Response : url=http://localhost:4173/api/v1/auth/register 
 status=201, reason=Created 
 headers={'Vary': 'Origin', 'x-powered-by': 'Express', 'access-control-allow-origin': '*', 'content-type': 'application/json; charset=utf-8', 'content-length': '304', 'etag': 'W/"130-ZubEYVkldfrFLJAKijp6r7NuDfQ"', 'date': 'Thu, 09 Oct 2025 20:33:21 GMT', 'connection': 'close'} 
 body={"success":true,"data":{"_id":"68e81c1195f05c1694d95a10","name":"David","email":"charlesgomez@example.com","role":"user","token":"eyJhbGciOiJIUzI1NiIsInR5cCI6IkpXVCJ9.eyJpZCI6IjY4ZTgxYzExOTVmMDVjMTY5NGQ5NWExMCIsImlhdCI6MTc2MDA0MjAwMSwiZXhwIjoxNzYwMTI4NDAxfQ.TFWnUaJYWhOptuP8SBKf3keqthkh5gicckcFBQZq4ks"}} 
 </msg>
<msg time="2025-10-09T17:33:21.200730" level="INFO">${response} = &lt;Response [201]&gt;</msg>
<var>${response}</var>
<arg>CinemaApp</arg>
<arg>/auth/register</arg>
<arg>json=${body}</arg>
<arg>expected_status=any</arg>
<doc>Sends a POST request on a previously created HTTP Session.</doc>
<status status="PASS" start="2025-10-09T17:33:21.024431" elapsed="0.176315"/>
</kw>
<kw name="Run Keyword If" owner="BuiltIn">
<kw name="Validar Sucesso No Cadastro" owner="auth_register_keywords">
<kw name="Run Keyword And Continue On Failure" owner="BuiltIn">
<kw name="Should Be Equal As Integers" owner="BuiltIn">
<msg time="2025-10-09T17:33:21.201664" level="INFO">Argument types are:
&lt;class 'int'&gt;
&lt;class 'str'&gt;</msg>
<arg>${response.status_code}</arg>
<arg>201</arg>
<doc>Fails if objects are unequal after converting them to integers.</doc>
<status status="PASS" start="2025-10-09T17:33:21.201450" elapsed="0.000246"/>
</kw>
<arg>Should Be Equal As Integers</arg>
<arg>${response.status_code}</arg>
<arg>201</arg>
<doc>Runs the keyword and continues execution even if a failure occurs.</doc>
<status status="PASS" start="2025-10-09T17:33:21.201367" elapsed="0.000364"/>
</kw>
<arg>${response}</arg>
<status status="PASS" start="2025-10-09T17:33:21.201217" elapsed="0.000543"/>
</kw>
<arg>'${testcase}' == 'user_valid'</arg>
<arg>Validar Sucesso No Cadastro</arg>
<arg>${response}</arg>
<arg>ELSE IF</arg>
<arg>'${testcase}' != 'user_valid'</arg>
<arg>Validar Falha No Cadastro</arg>
<arg>${response}</arg>
<doc>Runs the given keyword with the given arguments, if ``condition`` is true.</doc>
<status status="PASS" start="2025-10-09T17:33:21.200905" elapsed="0.000878"/>
</kw>
<kw name="Log" owner="BuiltIn">
<msg time="2025-10-09T17:33:21.202071" level="INFO">
Mensagem de status: {'success': True, 'data': {'_id': '68e81c1195f05c1694d95a10', 'name': 'David', 'email': 'charlesgomez@example.com', 'role': 'user', 'token': 'eyJhbGciOiJIUzI1NiIsInR5cCI6IkpXVCJ9.eyJpZCI6IjY4ZTgxYzExOTVmMDVjMTY5NGQ5NWExMCIsImlhdCI6MTc2MDA0MjAwMSwiZXhwIjoxNzYwMTI4NDAxfQ.TFWnUaJYWhOptuP8SBKf3keqthkh5gicckcFBQZq4ks'}}</msg>
<arg>\nMensagem de status: ${response.json()}</arg>
<arg>console=True</arg>
<doc>Logs the given message with the given level.</doc>
<status status="PASS" start="2025-10-09T17:33:21.201840" elapsed="0.000402"/>
</kw>
<kw name="Log To Console" owner="BuiltIn">
<arg>Status code: ${response.status_code}</arg>
<doc>Logs the given message to the console.</doc>
<status status="PASS" start="2025-10-09T17:33:21.202304" elapsed="0.000185"/>
</kw>
<arg>user_valid</arg>
<status status="PASS" start="2025-10-09T17:33:21.021455" elapsed="0.181064"/>
</kw>
<msg time="2025-10-09T17:33:21.217728" level="INFO">Starting Browser process /Library/Frameworks/Python.framework/Versions/3.13/lib/python3.13/site-packages/Browser/wrapper/index.js using at 127.0.0.1:59235</msg>
<tag>201</tag>
<tag>auth</tag>
<tag>prioridade_alta</tag>
<tag>register</tag>
<status status="PASS" start="2025-10-09T17:33:21.021131" elapsed="0.181466"/>
</test>
<test id="s1-t2" name="CT-AUTH-002" line="24">
<kw name="Criar Novo Usuário" owner="auth_register_keywords">
<kw name="Criar DataMass de Novo Usuário Dinâmico" owner="auth_register_keywords">
<kw name="First Name" owner="FakerLibrary">
<msg time="2025-10-09T17:33:22.573077" level="INFO">${NAME} = Meghan</msg>
<var>${NAME}</var>
<status status="PASS" start="2025-10-09T17:33:22.572538" elapsed="0.000578"/>
</kw>
<kw name="Email" owner="FakerLibrary">
<msg time="2025-10-09T17:33:22.573726" level="INFO">${EMAIL} = johnsonlinda@example.com</msg>
<var>${EMAIL}</var>
<status status="PASS" start="2025-10-09T17:33:22.573257" elapsed="0.000494"/>
</kw>
<kw name="Password" owner="FakerLibrary">
<msg time="2025-10-09T17:33:22.574059" level="INFO">${PASSWORD} = z%5!B*pd3C</msg>
<var>${PASSWORD}</var>
<doc>Generate a random password of the specified ``length``.</doc>
<status status="PASS" start="2025-10-09T17:33:22.573864" elapsed="0.000218"/>
</kw>
<kw name="Create Dictionary" owner="BuiltIn">
<msg time="2025-10-09T17:33:22.574555" level="INFO">${DYNAMICPAYLOAD} = {'name': 'Meghan', 'email': 'johnsonlinda@example.com', 'password': 'z%5!B*pd3C'}</msg>
<var>${DYNAMICPAYLOAD}</var>
<arg>name=${NAME}</arg>
<arg>email=${EMAIL}</arg>
<arg>password=${PASSWORD}</arg>
<doc>Creates and returns a dictionary based on the given ``items``.</doc>
<status status="PASS" start="2025-10-09T17:33:22.574217" elapsed="0.000365"/>
</kw>
<return>
<value>${DYNAMICPAYLOAD}</value>
<status status="PASS" start="2025-10-09T17:33:22.574646" elapsed="0.000099"/>
</return>
<msg time="2025-10-09T17:33:22.574868" level="INFO">${dynamic} = {'name': 'Meghan', 'email': 'johnsonlinda@example.com', 'password': 'z%5!B*pd3C'}</msg>
<var>${dynamic}</var>
<status status="PASS" start="2025-10-09T17:33:22.572233" elapsed="0.002659"/>
</kw>
<kw name="Criar DataMass de Novo Usuário Estatico" owner="auth_register_keywords">
<kw name="Importar JSON estático" owner="config">
<kw name="Load Json From File" owner="JSONLibrary">
<msg time="2025-10-09T17:33:22.575818" level="INFO">${data} = {'user_valid': {}, 'user_repeated': {'name': 'Example User', 'email': 'example@example.com', 'password': 'password123'}}</msg>
<var>${data}</var>
<arg>${EXECDIR}/resources/json/${nome_arquivo}</arg>
<doc>Load JSON from file.</doc>
<status status="PASS" start="2025-10-09T17:33:22.575462" elapsed="0.000378"/>
</kw>
<return>
<value>${data}</value>
<status status="PASS" start="2025-10-09T17:33:22.575881" elapsed="0.000046"/>
</return>
<msg time="2025-10-09T17:33:22.576013" level="INFO">${json} = {'user_valid': {}, 'user_repeated': {'name': 'Example User', 'email': 'example@example.com', 'password': 'password123'}}</msg>
<var>${json}</var>
<arg>user.json</arg>
<status status="PASS" start="2025-10-09T17:33:22.575279" elapsed="0.000753"/>
</kw>
<kw name="Set Variable" owner="BuiltIn">
<msg time="2025-10-09T17:33:22.576590" level="INFO">${STATICPAYLOAD} = {'name': 'Example User', 'email': 'example@example.com', 'password': 'password123'}</msg>
<var>${STATICPAYLOAD}</var>
<arg>${json["${testcase}"]}</arg>
<doc>Returns the given values which can then be assigned to a variables.</doc>
<status status="PASS" start="2025-10-09T17:33:22.576128" elapsed="0.000483"/>
</kw>
<return>
<value>${STATICPAYLOAD}</value>
<status status="PASS" start="2025-10-09T17:33:22.576652" elapsed="0.000043"/>
</return>
<msg time="2025-10-09T17:33:22.576777" level="INFO">${static} = {'name': 'Example User', 'email': 'example@example.com', 'password': 'password123'}</msg>
<var>${static}</var>
<arg>${testcase}</arg>
<status status="PASS" start="2025-10-09T17:33:22.575034" elapsed="0.001760"/>
</kw>
<kw name="Copy Dictionary" owner="Collections">
<msg time="2025-10-09T17:33:22.577024" level="INFO">${body} = {'name': 'Meghan', 'email': 'johnsonlinda@example.com', 'password': 'z%5!B*pd3C'}</msg>
<var>${body}</var>
<arg>${dynamic}</arg>
<doc>Returns a copy of the given dictionary.</doc>
<status status="PASS" start="2025-10-09T17:33:22.576882" elapsed="0.000160"/>
</kw>
<kw name="Set To Dictionary" owner="Collections">
<arg>${body}</arg>
<arg>&amp;{static}</arg>
<doc>Adds the given ``key_value_pairs`` and/or ``items`` to the ``dictionary``.</doc>
<status status="PASS" start="2025-10-09T17:33:22.577131" elapsed="0.000142"/>
</kw>
<kw name="Log To Console" owner="BuiltIn">
<arg>\nPayload: ${body}</arg>
<doc>Logs the given message to the console.</doc>
<status status="PASS" start="2025-10-09T17:33:22.577360" elapsed="0.000155"/>
</kw>
<kw name="Create Session" owner="RequestsLibrary">
<msg time="2025-10-09T17:33:22.577732" level="INFO">Creating Session using : alias=CinemaApp, url=http://localhost:4173/api/v1, headers={},                     cookies={}, auth=None, timeout=None, proxies=None, verify=False,                     debug=0 </msg>
<arg>CinemaApp</arg>
<arg>${BASEURL}</arg>
<doc>Create Session: create a HTTP session to a server</doc>
<status status="PASS" start="2025-10-09T17:33:22.577611" elapsed="0.000402"/>
</kw>
<kw name="POST On Session" owner="RequestsLibrary">
<msg time="2025-10-09T17:33:22.633357" level="INFO">POST Request : url=http://localhost:4173/api/v1/auth/register 
 path_url=/api/v1/auth/register 
 headers={'User-Agent': 'python-requests/2.32.5', 'Accept-Encoding': 'gzip, deflate', 'Accept': '*/*', 'Connection': 'keep-alive', 'Content-Length': '83', 'Content-Type': 'application/json'} 
 body=b'{"name": "Example User", "email": "example@example.com", "password": "password123"}' 
 </msg>
<msg time="2025-10-09T17:33:22.633433" level="INFO">POST Response : url=http://localhost:4173/api/v1/auth/register 
 status=400, reason=Bad Request 
 headers={'Vary': 'Origin', 'x-powered-by': 'Express', 'access-control-allow-origin': '*', 'content-type': 'application/json; charset=utf-8', 'content-length': '49', 'etag': 'W/"31-WKEMg8zALB1Ko0WjUHi/6RBGHVc"', 'date': 'Thu, 09 Oct 2025 20:33:22 GMT', 'connection': 'close'} 
 body={"success":false,"message":"User already exists"} 
 </msg>
<msg time="2025-10-09T17:33:22.633534" level="INFO">${response} = &lt;Response [400]&gt;</msg>
<var>${response}</var>
<arg>CinemaApp</arg>
<arg>/auth/register</arg>
<arg>json=${body}</arg>
<arg>expected_status=any</arg>
<doc>Sends a POST request on a previously created HTTP Session.</doc>
<status status="PASS" start="2025-10-09T17:33:22.578104" elapsed="0.055442"/>
</kw>
<kw name="Run Keyword If" owner="BuiltIn">
<kw name="Validar Falha No Cadastro" owner="auth_register_keywords">
<kw name="Run Keyword And Continue On Failure" owner="BuiltIn">
<kw name="Should Be Equal As Integers" owner="BuiltIn">
<msg time="2025-10-09T17:33:22.634461" level="INFO">Argument types are:
&lt;class 'int'&gt;
&lt;class 'str'&gt;</msg>
<arg>${response.status_code}</arg>
<arg>400</arg>
<doc>Fails if objects are unequal after converting them to integers.</doc>
<status status="PASS" start="2025-10-09T17:33:22.634258" elapsed="0.000240"/>
</kw>
<arg>Should Be Equal As Integers</arg>
<arg>${response.status_code}</arg>
<arg>400</arg>
<doc>Runs the keyword and continues execution even if a failure occurs.</doc>
<status status="PASS" start="2025-10-09T17:33:22.634195" elapsed="0.000356"/>
</kw>
<arg>${response}</arg>
<status status="PASS" start="2025-10-09T17:33:22.634053" elapsed="0.000532"/>
</kw>
<arg>'${testcase}' == 'user_valid'</arg>
<arg>Validar Sucesso No Cadastro</arg>
<arg>${response}</arg>
<arg>ELSE IF</arg>
<arg>'${testcase}' != 'user_valid'</arg>
<arg>Validar Falha No Cadastro</arg>
<arg>${response}</arg>
<doc>Runs the given keyword with the given arguments, if ``condition`` is true.</doc>
<status status="PASS" start="2025-10-09T17:33:22.633720" elapsed="0.001270"/>
</kw>
<kw name="Log" owner="BuiltIn">
<msg time="2025-10-09T17:33:22.635310" level="INFO">
Mensagem de status: {'success': False, 'message': 'User already exists'}</msg>
<arg>\nMensagem de status: ${response.json()}</arg>
<arg>console=True</arg>
<doc>Logs the given message with the given level.</doc>
<status status="PASS" start="2025-10-09T17:33:22.635044" elapsed="0.000326"/>
</kw>
<kw name="Log To Console" owner="BuiltIn">
<arg>Status code: ${response.status_code}</arg>
<doc>Logs the given message to the console.</doc>
<status status="PASS" start="2025-10-09T17:33:22.635442" elapsed="0.000158"/>
</kw>
<arg>user_repeated</arg>
<status status="PASS" start="2025-10-09T17:33:22.571603" elapsed="0.064022"/>
</kw>
<tag>400</tag>
<tag>auth</tag>
<tag>register</tag>
<status status="PASS" start="2025-10-09T17:33:22.568254" elapsed="0.067447"/>
</test>
<test id="s1-t3" name="CT-AUTH-003" line="28">
<kw name="Fazer Login" owner="auth_login_keywords">
<kw name="Create Dictionary" owner="BuiltIn">
<msg time="2025-10-09T17:33:22.639561" level="INFO">${body} = {}</msg>
<var>${body}</var>
<doc>Creates and returns a dictionary based on the given ``items``.</doc>
<status status="PASS" start="2025-10-09T17:33:22.639488" elapsed="0.000084"/>
</kw>
<kw name="Criar DataMass de Login Estático" owner="auth_login_keywords">
<kw name="Importar JSON estático" owner="config">
<kw name="Load Json From File" owner="JSONLibrary">
<msg time="2025-10-09T17:33:22.640798" level="INFO">${data} = {'login_valid': {'email': 'example@example.com', 'password': 'password123'}, 'login_invalid': {'email': 'example@example.com', 'password': 'password456'}}</msg>
<var>${data}</var>
<arg>${EXECDIR}/resources/json/${nome_arquivo}</arg>
<doc>Load JSON from file.</doc>
<status status="PASS" start="2025-10-09T17:33:22.639819" elapsed="0.000991"/>
</kw>
<return>
<value>${data}</value>
<status status="PASS" start="2025-10-09T17:33:22.640834" elapsed="0.000031"/>
</return>
<msg time="2025-10-09T17:33:22.640911" level="INFO">${json} = {'login_valid': {'email': 'example@example.com', 'password': 'password123'}, 'login_invalid': {'email': 'example@example.com', 'password': 'password456'}}</msg>
<var>${json}</var>
<arg>login.json</arg>
<status status="PASS" start="2025-10-09T17:33:22.639736" elapsed="0.001186"/>
</kw>
<kw name="Set Variable" owner="BuiltIn">
<msg time="2025-10-09T17:33:22.641170" level="INFO">${testcase_data} = {'email': 'example@example.com', 'password': 'password123'}</msg>
<var>${testcase_data}</var>
<arg>${json["${testcase}"]}</arg>
<doc>Returns the given values which can then be assigned to a variables.</doc>
<status status="PASS" start="2025-10-09T17:33:22.640977" elapsed="0.000202"/>
</kw>
<kw name="Create Dictionary" owner="BuiltIn">
<msg time="2025-10-09T17:33:22.641494" level="INFO">${payload_login} = {'email': 'example@example.com', 'password': 'password123'}</msg>
<var>${payload_login}</var>
<arg>email=${testcase_data["email"]}</arg>
<arg>password=${testcase_data["password"]}</arg>
<doc>Creates and returns a dictionary based on the given ``items``.</doc>
<status status="PASS" start="2025-10-09T17:33:22.641224" elapsed="0.000282"/>
</kw>
<return>
<value>${payload_login}</value>
<status status="PASS" start="2025-10-09T17:33:22.641527" elapsed="0.000023"/>
</return>
<msg time="2025-10-09T17:33:22.641594" level="INFO">${body} = {'email': 'example@example.com', 'password': 'password123'}</msg>
<var>${body}</var>
<arg>${testcase}</arg>
<status status="PASS" start="2025-10-09T17:33:22.639633" elapsed="0.001971"/>
</kw>
<kw name="Create Session" owner="RequestsLibrary">
<msg time="2025-10-09T17:33:22.641697" level="INFO">Creating Session using : alias=CinemaApp, url=http://localhost:4173/api/v1, headers={},                     cookies={}, auth=None, timeout=None, proxies=None, verify=False,                     debug=0 </msg>
<arg>CinemaApp</arg>
<arg>${BASEURL}</arg>
<doc>Create Session: create a HTTP session to a server</doc>
<status status="PASS" start="2025-10-09T17:33:22.641645" elapsed="0.000107"/>
</kw>
<kw name="POST On Session" owner="RequestsLibrary">
<msg time="2025-10-09T17:33:22.768616" level="INFO">POST Request : url=http://localhost:4173/api/v1/auth/login 
 path_url=/api/v1/auth/login 
 headers={'User-Agent': 'python-requests/2.32.5', 'Accept-Encoding': 'gzip, deflate', 'Accept': '*/*', 'Connection': 'keep-alive', 'Content-Length': '59', 'Content-Type': 'application/json'} 
 body=b'{"email": "example@example.com", "password": "password123"}' 
 </msg>
<msg time="2025-10-09T17:33:22.768666" level="INFO">POST Response : url=http://localhost:4173/api/v1/auth/login 
 status=200, reason=OK 
 headers={'Vary': 'Origin', 'x-powered-by': 'Express', 'access-control-allow-origin': '*', 'content-type': 'application/json; charset=utf-8', 'content-length': '306', 'etag': 'W/"132-yq3cdQLtlCR8aqsfpoa9Jx9E95M"', 'date': 'Thu, 09 Oct 2025 20:33:22 GMT', 'connection': 'close'} 
 body={"success":true,"data":{"_id":"68e56af995f05c1694d9568c","name":"Example User","email":"example@example.com","role":"user","token":"eyJhbGciOiJIUzI1NiIsInR5cCI6IkpXVCJ9.eyJpZCI6IjY4ZTU2YWY5OTVmMDVjMTY5NGQ5NTY4YyIsImlhdCI6MTc2MDA0MjAwMiwiZXhwIjoxNzYwMTI4NDAyfQ.JX9hmqsyvGl64L9qZHsVdwg16MxpsGP1jsi1UuxpxN0"}} 
 </msg>
<msg time="2025-10-09T17:33:22.768739" level="INFO">${response} = &lt;Response [200]&gt;</msg>
<var>${response}</var>
<arg>CinemaApp</arg>
<arg>/auth/login</arg>
<arg>json=${body}</arg>
<arg>expected_status=any</arg>
<doc>Sends a POST request on a previously created HTTP Session.</doc>
<status status="PASS" start="2025-10-09T17:33:22.641794" elapsed="0.126958"/>
</kw>
<kw name="Run Keyword If" owner="BuiltIn">
<kw name="Validar Sucesso No Login" owner="auth_login_keywords">
<kw name="Run Keyword And Continue On Failure" owner="BuiltIn">
<kw name="Should Be Equal As Integers" owner="BuiltIn">
<msg time="2025-10-09T17:33:22.769476" level="INFO">Argument types are:
&lt;class 'int'&gt;
&lt;class 'str'&gt;</msg>
<arg>${response.status_code}</arg>
<arg>200</arg>
<doc>Fails if objects are unequal after converting them to integers.</doc>
<status status="PASS" start="2025-10-09T17:33:22.769295" elapsed="0.000205"/>
</kw>
<arg>Should Be Equal As Integers</arg>
<arg>${response.status_code}</arg>
<arg>200</arg>
<doc>Runs the keyword and continues execution even if a failure occurs.</doc>
<status status="PASS" start="2025-10-09T17:33:22.769225" elapsed="0.000301"/>
</kw>
<arg>${response}</arg>
<status status="PASS" start="2025-10-09T17:33:22.769088" elapsed="0.000463"/>
</kw>
<arg>'${testcase}' == 'login_valid'</arg>
<arg>Validar Sucesso No Login</arg>
<arg>${response}</arg>
<arg>ELSE IF</arg>
<arg>'${testcase}' != 'login_valid'</arg>
<arg>Validar Falha No Login</arg>
<arg>${response}</arg>
<doc>Runs the given keyword with the given arguments, if ``condition`` is true.</doc>
<status status="PASS" start="2025-10-09T17:33:22.768863" elapsed="0.000707"/>
</kw>
<arg>login_valid</arg>
<status status="PASS" start="2025-10-09T17:33:22.639355" elapsed="0.130240"/>
</kw>
<tag>200</tag>
<tag>auth</tag>
<tag>login</tag>
<tag>prioridade_alta</tag>
<status status="PASS" start="2025-10-09T17:33:22.638261" elapsed="0.131406"/>
</test>
<test id="s1-t4" name="CT-AUTH-004" line="32">
<kw name="Fazer Login" owner="auth_login_keywords">
<kw name="Create Dictionary" owner="BuiltIn">
<msg time="2025-10-09T17:33:22.773344" level="INFO">${body} = {}</msg>
<var>${body}</var>
<doc>Creates and returns a dictionary based on the given ``items``.</doc>
<status status="PASS" start="2025-10-09T17:33:22.773269" elapsed="0.000086"/>
</kw>
<kw name="Criar DataMass de Login Estático" owner="auth_login_keywords">
<kw name="Importar JSON estático" owner="config">
<kw name="Load Json From File" owner="JSONLibrary">
<msg time="2025-10-09T17:33:22.773791" level="INFO">${data} = {'login_valid': {'email': 'example@example.com', 'password': 'password123'}, 'login_invalid': {'email': 'example@example.com', 'password': 'password456'}}</msg>
<var>${data}</var>
<arg>${EXECDIR}/resources/json/${nome_arquivo}</arg>
<doc>Load JSON from file.</doc>
<status status="PASS" start="2025-10-09T17:33:22.773622" elapsed="0.000207"/>
</kw>
<return>
<value>${data}</value>
<status status="PASS" start="2025-10-09T17:33:22.773853" elapsed="0.000032"/>
</return>
<msg time="2025-10-09T17:33:22.773932" level="INFO">${json} = {'login_valid': {'email': 'example@example.com', 'password': 'password123'}, 'login_invalid': {'email': 'example@example.com', 'password': 'password456'}}</msg>
<var>${json}</var>
<arg>login.json</arg>
<status status="PASS" start="2025-10-09T17:33:22.773535" elapsed="0.000407"/>
</kw>
<kw name="Set Variable" owner="BuiltIn">
<msg time="2025-10-09T17:33:22.774166" level="INFO">${testcase_data} = {'email': 'example@example.com', 'password': 'password456'}</msg>
<var>${testcase_data}</var>
<arg>${json["${testcase}"]}</arg>
<doc>Returns the given values which can then be assigned to a variables.</doc>
<status status="PASS" start="2025-10-09T17:33:22.773987" elapsed="0.000189"/>
</kw>
<kw name="Create Dictionary" owner="BuiltIn">
<msg time="2025-10-09T17:33:22.774482" level="INFO">${payload_login} = {'email': 'example@example.com', 'password': 'password456'}</msg>
<var>${payload_login}</var>
<arg>email=${testcase_data["email"]}</arg>
<arg>password=${testcase_data["password"]}</arg>
<doc>Creates and returns a dictionary based on the given ``items``.</doc>
<status status="PASS" start="2025-10-09T17:33:22.774224" elapsed="0.000268"/>
</kw>
<return>
<value>${payload_login}</value>
<status status="PASS" start="2025-10-09T17:33:22.774514" elapsed="0.000022"/>
</return>
<msg time="2025-10-09T17:33:22.774580" level="INFO">${body} = {'email': 'example@example.com', 'password': 'password456'}</msg>
<var>${body}</var>
<arg>${testcase}</arg>
<status status="PASS" start="2025-10-09T17:33:22.773420" elapsed="0.001169"/>
</kw>
<kw name="Create Session" owner="RequestsLibrary">
<msg time="2025-10-09T17:33:22.774690" level="INFO">Creating Session using : alias=CinemaApp, url=http://localhost:4173/api/v1, headers={},                     cookies={}, auth=None, timeout=None, proxies=None, verify=False,                     debug=0 </msg>
<arg>CinemaApp</arg>
<arg>${BASEURL}</arg>
<doc>Create Session: create a HTTP session to a server</doc>
<status status="PASS" start="2025-10-09T17:33:22.774635" elapsed="0.000112"/>
</kw>
<kw name="POST On Session" owner="RequestsLibrary">
<msg time="2025-10-09T17:33:22.884952" level="INFO">POST Request : url=http://localhost:4173/api/v1/auth/login 
 path_url=/api/v1/auth/login 
 headers={'User-Agent': 'python-requests/2.32.5', 'Accept-Encoding': 'gzip, deflate', 'Accept': '*/*', 'Connection': 'keep-alive', 'Content-Length': '59', 'Content-Type': 'application/json'} 
 body=b'{"email": "example@example.com", "password": "password456"}' 
 </msg>
<msg time="2025-10-09T17:33:22.884983" level="INFO">POST Response : url=http://localhost:4173/api/v1/auth/login 
 status=401, reason=Unauthorized 
 headers={'Vary': 'Origin', 'x-powered-by': 'Express', 'access-control-allow-origin': '*', 'content-type': 'application/json; charset=utf-8', 'content-length': '55', 'etag': 'W/"37-5uDpJTljPBecOPs/j7OXFdPRcmQ"', 'date': 'Thu, 09 Oct 2025 20:33:22 GMT', 'connection': 'close'} 
 body={"success":false,"message":"Invalid email or password"} 
 </msg>
<msg time="2025-10-09T17:33:22.885025" level="INFO">${response} = &lt;Response [401]&gt;</msg>
<var>${response}</var>
<arg>CinemaApp</arg>
<arg>/auth/login</arg>
<arg>json=${body}</arg>
<arg>expected_status=any</arg>
<doc>Sends a POST request on a previously created HTTP Session.</doc>
<status status="PASS" start="2025-10-09T17:33:22.774792" elapsed="0.110243"/>
</kw>
<kw name="Run Keyword If" owner="BuiltIn">
<kw name="Validar Falha No Login" owner="auth_login_keywords">
<kw name="Run Keyword And Continue On Failure" owner="BuiltIn">
<kw name="Should Be Equal As Integers" owner="BuiltIn">
<msg time="2025-10-09T17:33:22.885580" level="INFO">Argument types are:
&lt;class 'int'&gt;
&lt;class 'str'&gt;</msg>
<msg time="2025-10-09T17:33:22.885657" level="FAIL">401 != 400</msg>
<arg>${response.status_code}</arg>
<arg>400</arg>
<doc>Fails if objects are unequal after converting them to integers.</doc>
<status status="FAIL" start="2025-10-09T17:33:22.885443" elapsed="0.000337">401 != 400</status>
</kw>
<arg>Should Be Equal As Integers</arg>
<arg>${response.status_code}</arg>
<arg>400</arg>
<doc>Runs the keyword and continues execution even if a failure occurs.</doc>
<status status="FAIL" start="2025-10-09T17:33:22.885386" elapsed="0.000425">401 != 400</status>
</kw>
<arg>${response}</arg>
<status status="FAIL" start="2025-10-09T17:33:22.885279" elapsed="0.000580">401 != 400</status>
</kw>
<arg>'${testcase}' == 'login_valid'</arg>
<arg>Validar Sucesso No Login</arg>
<arg>${response}</arg>
<arg>ELSE IF</arg>
<arg>'${testcase}' != 'login_valid'</arg>
<arg>Validar Falha No Login</arg>
<arg>${response}</arg>
<doc>Runs the given keyword with the given arguments, if ``condition`` is true.</doc>
<status status="FAIL" start="2025-10-09T17:33:22.885110" elapsed="0.000768">401 != 400</status>
</kw>
<arg>login_invalid</arg>
<status status="FAIL" start="2025-10-09T17:33:22.773149" elapsed="0.112764">401 != 400</status>
</kw>
<tag>400</tag>
<tag>auth</tag>
<tag>login</tag>
<status status="FAIL" start="2025-10-09T17:33:22.772316" elapsed="0.113674">401 != 400</status>
</test>
<test id="s1-t5" name="CT-AUTH-005" line="36">
<kw name="Obter Informações do Usuário" owner="auth_me_keywords">
<kw name="Set Variable" owner="BuiltIn">
<msg time="2025-10-09T17:33:22.888846" level="INFO">${BEARER} = ''</msg>
<var>${BEARER}</var>
<arg>''</arg>
<doc>Returns the given values which can then be assigned to a variables.</doc>
<status status="PASS" start="2025-10-09T17:33:22.888785" elapsed="0.000072"/>
</kw>
<if>
<branch type="IF" condition="'${testcase}' == 'token_valid'">
<kw name="Gerar Novo Token" owner="token">
<kw name="Create Session" owner="RequestsLibrary">
<msg time="2025-10-09T17:33:22.889158" level="INFO">Creating Session using : alias=CinemaApp, url=http://localhost:4173/api/v1, headers={},                     cookies={}, auth=None, timeout=None, proxies=None, verify=False,                     debug=0 </msg>
<arg>CinemaApp</arg>
<arg>${BASEURL}</arg>
<doc>Create Session: create a HTTP session to a server</doc>
<status status="PASS" start="2025-10-09T17:33:22.889101" elapsed="0.000108"/>
</kw>
<kw name="Create Dictionary" owner="BuiltIn">
<msg time="2025-10-09T17:33:22.889328" level="INFO">${body} = {'email': 'example@example.com', 'password': 'password123'}</msg>
<var>${body}</var>
<arg>email=example@example.com</arg>
<arg>password=password123</arg>
<doc>Creates and returns a dictionary based on the given ``items``.</doc>
<status status="PASS" start="2025-10-09T17:33:22.889257" elapsed="0.000081"/>
</kw>
<kw name="POST On Session" owner="RequestsLibrary">
<msg time="2025-10-09T17:33:22.999302" level="INFO">POST Request : url=http://localhost:4173/api/v1/auth/login 
 path_url=/api/v1/auth/login 
 headers={'User-Agent': 'python-requests/2.32.5', 'Accept-Encoding': 'gzip, deflate', 'Accept': '*/*', 'Connection': 'keep-alive', 'Content-Length': '59', 'Content-Type': 'application/json'} 
 body=b'{"email": "example@example.com", "password": "password123"}' 
 </msg>
<msg time="2025-10-09T17:33:22.999335" level="INFO">POST Response : url=http://localhost:4173/api/v1/auth/login 
 status=200, reason=OK 
 headers={'Vary': 'Origin', 'x-powered-by': 'Express', 'access-control-allow-origin': '*', 'content-type': 'application/json; charset=utf-8', 'content-length': '306', 'etag': 'W/"132-yq3cdQLtlCR8aqsfpoa9Jx9E95M"', 'date': 'Thu, 09 Oct 2025 20:33:22 GMT', 'connection': 'close'} 
 body={"success":true,"data":{"_id":"68e56af995f05c1694d9568c","name":"Example User","email":"example@example.com","role":"user","token":"eyJhbGciOiJIUzI1NiIsInR5cCI6IkpXVCJ9.eyJpZCI6IjY4ZTU2YWY5OTVmMDVjMTY5NGQ5NTY4YyIsImlhdCI6MTc2MDA0MjAwMiwiZXhwIjoxNzYwMTI4NDAyfQ.JX9hmqsyvGl64L9qZHsVdwg16MxpsGP1jsi1UuxpxN0"}} 
 </msg>
<msg time="2025-10-09T17:33:22.999424" level="INFO">${response} = &lt;Response [200]&gt;</msg>
<var>${response}</var>
<arg>CinemaApp</arg>
<arg>/auth/login</arg>
<arg>json=${body}</arg>
<doc>Sends a POST request on a previously created HTTP Session.</doc>
<status status="PASS" start="2025-10-09T17:33:22.889380" elapsed="0.110055"/>
</kw>
<kw name="Should Be Equal As Integers" owner="BuiltIn">
<msg time="2025-10-09T17:33:22.999706" level="INFO">Argument types are:
&lt;class 'int'&gt;
&lt;class 'str'&gt;</msg>
<arg>${response.status_code}</arg>
<arg>200</arg>
<doc>Fails if objects are unequal after converting them to integers.</doc>
<status status="PASS" start="2025-10-09T17:33:22.999501" elapsed="0.000226"/>
</kw>
<kw name="Set Variable" owner="BuiltIn">
<msg time="2025-10-09T17:33:22.999930" level="INFO">${json} = {'success': True, 'data': {'_id': '68e56af995f05c1694d9568c', 'name': 'Example User', 'email': 'example@example.com', 'role': 'user', 'token': 'eyJhbGciOiJIUzI1NiIsInR5cCI6IkpXVCJ9.eyJpZCI6IjY4ZTU2YWY...</msg>
<var>${json}</var>
<arg>${response.json()}</arg>
<doc>Returns the given values which can then be assigned to a variables.</doc>
<status status="PASS" start="2025-10-09T17:33:22.999775" elapsed="0.000165"/>
</kw>
<kw name="Set Variable" owner="BuiltIn">
<msg time="2025-10-09T17:33:23.000132" level="INFO">${authorization} = eyJhbGciOiJIUzI1NiIsInR5cCI6IkpXVCJ9.eyJpZCI6IjY4ZTU2YWY5OTVmMDVjMTY5NGQ5NTY4YyIsImlhdCI6MTc2MDA0MjAwMiwiZXhwIjoxNzYwMTI4NDAyfQ.JX9hmqsyvGl64L9qZHsVdwg16MxpsGP1jsi1UuxpxN0</msg>
<var>${authorization}</var>
<arg>${json['data']['token']}</arg>
<doc>Returns the given values which can then be assigned to a variables.</doc>
<status status="PASS" start="2025-10-09T17:33:22.999984" elapsed="0.000159"/>
</kw>
<kw name="Set Variable" owner="BuiltIn">
<msg time="2025-10-09T17:33:23.000240" level="INFO">${TOKEN} = eyJhbGciOiJIUzI1NiIsInR5cCI6IkpXVCJ9.eyJpZCI6IjY4ZTU2YWY5OTVmMDVjMTY5NGQ5NTY4YyIsImlhdCI6MTc2MDA0MjAwMiwiZXhwIjoxNzYwMTI4NDAyfQ.JX9hmqsyvGl64L9qZHsVdwg16MxpsGP1jsi1UuxpxN0</msg>
<var>${TOKEN}</var>
<arg>${authorization}</arg>
<doc>Returns the given values which can then be assigned to a variables.</doc>
<status status="PASS" start="2025-10-09T17:33:23.000186" elapsed="0.000064"/>
</kw>
<return>
<value>${TOKEN}</value>
<status status="PASS" start="2025-10-09T17:33:23.000272" elapsed="0.000029"/>
</return>
<msg time="2025-10-09T17:33:23.000348" level="INFO">${BEARER} = eyJhbGciOiJIUzI1NiIsInR5cCI6IkpXVCJ9.eyJpZCI6IjY4ZTU2YWY5OTVmMDVjMTY5NGQ5NTY4YyIsImlhdCI6MTc2MDA0MjAwMiwiZXhwIjoxNzYwMTI4NDAyfQ.JX9hmqsyvGl64L9qZHsVdwg16MxpsGP1jsi1UuxpxN0</msg>
<var>${BEARER}</var>
<status status="PASS" start="2025-10-09T17:33:22.889016" elapsed="0.111341"/>
</kw>
<status status="PASS" start="2025-10-09T17:33:22.888906" elapsed="0.111467"/>
</branch>
<branch type="ELSE IF" condition="'${testcase}' == 'token_wrong'">
<kw name="Set Variable" owner="BuiltIn">
<var>${BEARER}</var>
<arg>Bearer eyJhbGciOiJIUzI1NiIsInR5cCI6IkpXVCJ9.eyJpZCI6IjY4ZTU2YWY5OTVmMDVjMTY5NGQ5NTY4YyIsImlhdCI6MTc2MDAzODk2MSwiZXhwIjoxNzYwMTI1MzYxfQ.jhaVhMuWOnN0WeNS3V_YVd6F-prsCj8euouz2LN2GP6</arg>
<doc>Returns the given values which can then be assigned to a variables.</doc>
<status status="NOT RUN" start="2025-10-09T17:33:23.000453" elapsed="0.000018"/>
</kw>
<status status="NOT RUN" start="2025-10-09T17:33:23.000395" elapsed="0.000093"/>
</branch>
<branch type="ELSE IF" condition="'${testcase}' == 'token_notoken'">
<kw name="Set Variable" owner="BuiltIn">
<var>${BEARER}</var>
<arg>''</arg>
<doc>Returns the given values which can then be assigned to a variables.</doc>
<status status="NOT RUN" start="2025-10-09T17:33:23.000548" elapsed="0.000015"/>
</kw>
<status status="NOT RUN" start="2025-10-09T17:33:23.000502" elapsed="0.000075"/>
</branch>
<status status="PASS" start="2025-10-09T17:33:22.888890" elapsed="0.111698"/>
</if>
<kw name="Create Session" owner="RequestsLibrary">
<msg time="2025-10-09T17:33:23.000675" level="INFO">Creating Session using : alias=CinemaApp, url=http://localhost:4173/api/v1, headers={},                     cookies={}, auth=None, timeout=None, proxies=None, verify=False,                     debug=0 </msg>
<arg>CinemaApp</arg>
<arg>${BASEURL}</arg>
<doc>Create Session: create a HTTP session to a server</doc>
<status status="PASS" start="2025-10-09T17:33:23.000624" elapsed="0.000098"/>
</kw>
<kw name="Create Dictionary" owner="BuiltIn">
<msg time="2025-10-09T17:33:23.000851" level="INFO">${headers} = {'Authorization': 'Bearer eyJhbGciOiJIUzI1NiIsInR5cCI6IkpXVCJ9.eyJpZCI6IjY4ZTU2YWY5OTVmMDVjMTY5NGQ5NTY4YyIsImlhdCI6MTc2MDA0MjAwMiwiZXhwIjoxNzYwMTI4NDAyfQ.JX9hmqsyvGl64L9qZHsVdwg16MxpsGP1jsi1UuxpxN0'}</msg>
<var>${headers}</var>
<arg>Authorization=Bearer ${BEARER}</arg>
<doc>Creates and returns a dictionary based on the given ``items``.</doc>
<status status="PASS" start="2025-10-09T17:33:23.000767" elapsed="0.000094"/>
</kw>
<kw name="GET On Session" owner="RequestsLibrary">
<msg time="2025-10-09T17:33:23.100427" level="INFO">GET Request : url=http://localhost:4173/api/v1/auth/me 
 path_url=/api/v1/auth/me 
 headers={'User-Agent': 'python-requests/2.32.5', 'Accept-Encoding': 'gzip, deflate', 'Accept': '*/*', 'Connection': 'keep-alive', 'Authorization': 'Bearer eyJhbGciOiJIUzI1NiIsInR5cCI6IkpXVCJ9.eyJpZCI6IjY4ZTU2YWY5OTVmMDVjMTY5NGQ5NTY4YyIsImlhdCI6MTc2MDA0MjAwMiwiZXhwIjoxNzYwMTI4NDAyfQ.JX9hmqsyvGl64L9qZHsVdwg16MxpsGP1jsi1UuxpxN0'} 
 body=None 
 </msg>
<msg time="2025-10-09T17:33:23.100475" level="INFO">GET Response : url=http://localhost:4173/api/v1/auth/me 
 status=200, reason=OK 
 headers={'Vary': 'Origin', 'x-powered-by': 'Express', 'access-control-allow-origin': '*', 'content-type': 'application/json; charset=utf-8', 'content-length': '124', 'etag': 'W/"7c-uH/eTBLadBGEVR1nF79yyFvYQdE"', 'date': 'Thu, 09 Oct 2025 20:33:23 GMT', 'connection': 'close'} 
 body={"success":true,"data":{"_id":"68e56af995f05c1694d9568c","name":"Example User","email":"example@example.com","role":"user"}} 
 </msg>
<msg time="2025-10-09T17:33:23.100538" level="INFO">${response} = &lt;Response [200]&gt;</msg>
<var>${response}</var>
<arg>CinemaApp</arg>
<arg>/auth/me</arg>
<arg>headers=${headers}</arg>
<arg>expected_status=any</arg>
<doc>Sends a GET request on a previously created HTTP Session.</doc>
<status status="PASS" start="2025-10-09T17:33:23.000906" elapsed="0.099650"/>
</kw>
<kw name="Run Keyword If" owner="BuiltIn">
<kw name="Validar Sucesso na Requisição" owner="auth_me_keywords">
<kw name="Run Keyword And Continue On Failure" owner="BuiltIn">
<kw name="Should Be Equal As Integers" owner="BuiltIn">
<msg time="2025-10-09T17:33:23.101442" level="INFO">Argument types are:
&lt;class 'int'&gt;
&lt;class 'str'&gt;</msg>
<arg>${response.status_code}</arg>
<arg>200</arg>
<doc>Fails if objects are unequal after converting them to integers.</doc>
<status status="PASS" start="2025-10-09T17:33:23.101202" elapsed="0.000274"/>
</kw>
<arg>Should Be Equal As Integers</arg>
<arg>${response.status_code}</arg>
<arg>200</arg>
<doc>Runs the keyword and continues execution even if a failure occurs.</doc>
<status status="PASS" start="2025-10-09T17:33:23.101105" elapsed="0.000409"/>
</kw>
<arg>${response}</arg>
<status status="PASS" start="2025-10-09T17:33:23.100920" elapsed="0.000629"/>
</kw>
<arg>'${testcase}' == 'token_valid'</arg>
<arg>Validar Sucesso na Requisição</arg>
<arg>${response}</arg>
<arg>ELSE IF</arg>
<arg>'${testcase}' == 'token_notoken'</arg>
<arg>Validar Falha 401 na Requisição</arg>
<arg>${response}</arg>
<arg>ELSE IF</arg>
<arg>'${testcase}' == 'token_wrong'</arg>
<arg>Validar Falha 403 na Requisição</arg>
<arg>${response}</arg>
<doc>Runs the given keyword with the given arguments, if ``condition`` is true.</doc>
<status status="PASS" start="2025-10-09T17:33:23.100665" elapsed="0.000912"/>
</kw>
<kw name="Log" owner="BuiltIn">
<msg time="2025-10-09T17:33:23.101930" level="INFO">
Mensagem de status: {'success': True, 'data': {'_id': '68e56af995f05c1694d9568c', 'name': 'Example User', 'email': 'example@example.com', 'role': 'user'}}</msg>
<arg>\nMensagem de status: ${response.json()}</arg>
<arg>console=True</arg>
<doc>Logs the given message with the given level.</doc>
<status status="PASS" start="2025-10-09T17:33:23.101653" elapsed="0.000323"/>
</kw>
<kw name="Log To Console" owner="BuiltIn">
<arg>Status code: ${response.status_code}</arg>
<doc>Logs the given message to the console.</doc>
<status status="PASS" start="2025-10-09T17:33:23.102088" elapsed="0.000227"/>
</kw>
<arg>token_valid</arg>
<status status="PASS" start="2025-10-09T17:33:22.888661" elapsed="0.213692"/>
</kw>
<tag>200</tag>
<tag>auth</tag>
<tag>me</tag>
<status status="PASS" start="2025-10-09T17:33:22.887803" elapsed="0.214627"/>
</test>
<test id="s1-t6" name="CT-AUTH-006" line="40">
<kw name="Obter Informações do Usuário" owner="auth_me_keywords">
<kw name="Set Variable" owner="BuiltIn">
<msg time="2025-10-09T17:33:23.106399" level="INFO">${BEARER} = ''</msg>
<var>${BEARER}</var>
<arg>''</arg>
<doc>Returns the given values which can then be assigned to a variables.</doc>
<status status="PASS" start="2025-10-09T17:33:23.106321" elapsed="0.000094"/>
</kw>
<if>
<branch type="IF" condition="'${testcase}' == 'token_valid'">
<kw name="Gerar Novo Token" owner="token">
<var>${BEARER}</var>
<status status="NOT RUN" start="2025-10-09T17:33:23.106611" elapsed="0.000029"/>
</kw>
<status status="NOT RUN" start="2025-10-09T17:33:23.106464" elapsed="0.000200"/>
</branch>
<branch type="ELSE IF" condition="'${testcase}' == 'token_wrong'">
<kw name="Set Variable" owner="BuiltIn">
<var>${BEARER}</var>
<arg>Bearer eyJhbGciOiJIUzI1NiIsInR5cCI6IkpXVCJ9.eyJpZCI6IjY4ZTU2YWY5OTVmMDVjMTY5NGQ5NTY4YyIsImlhdCI6MTc2MDAzODk2MSwiZXhwIjoxNzYwMTI1MzYxfQ.jhaVhMuWOnN0WeNS3V_YVd6F-prsCj8euouz2LN2GP6</arg>
<doc>Returns the given values which can then be assigned to a variables.</doc>
<status status="NOT RUN" start="2025-10-09T17:33:23.106791" elapsed="0.000025"/>
</kw>
<status status="NOT RUN" start="2025-10-09T17:33:23.106687" elapsed="0.000152"/>
</branch>
<branch type="ELSE IF" condition="'${testcase}' == 'token_notoken'">
<kw name="Set Variable" owner="BuiltIn">
<msg time="2025-10-09T17:33:23.107027" level="INFO">${BEARER} = ''</msg>
<var>${BEARER}</var>
<arg>''</arg>
<doc>Returns the given values which can then be assigned to a variables.</doc>
<status status="PASS" start="2025-10-09T17:33:23.106958" elapsed="0.000082"/>
</kw>
<status status="PASS" start="2025-10-09T17:33:23.106859" elapsed="0.000204"/>
</branch>
<status status="PASS" start="2025-10-09T17:33:23.106451" elapsed="0.000631"/>
</if>
<kw name="Create Session" owner="RequestsLibrary">
<msg time="2025-10-09T17:33:23.107211" level="INFO">Creating Session using : alias=CinemaApp, url=http://localhost:4173/api/v1, headers={},                     cookies={}, auth=None, timeout=None, proxies=None, verify=False,                     debug=0 </msg>
<arg>CinemaApp</arg>
<arg>${BASEURL}</arg>
<doc>Create Session: create a HTTP session to a server</doc>
<status status="PASS" start="2025-10-09T17:33:23.107135" elapsed="0.000141"/>
</kw>
<kw name="Create Dictionary" owner="BuiltIn">
<msg time="2025-10-09T17:33:23.107463" level="INFO">${headers} = {'Authorization': "Bearer ''"}</msg>
<var>${headers}</var>
<arg>Authorization=Bearer ${BEARER}</arg>
<doc>Creates and returns a dictionary based on the given ``items``.</doc>
<status status="PASS" start="2025-10-09T17:33:23.107344" elapsed="0.000132"/>
</kw>
<kw name="GET On Session" owner="RequestsLibrary">
<msg time="2025-10-09T17:33:23.109629" level="INFO">GET Request : url=http://localhost:4173/api/v1/auth/me 
 path_url=/api/v1/auth/me 
 headers={'User-Agent': 'python-requests/2.32.5', 'Accept-Encoding': 'gzip, deflate', 'Accept': '*/*', 'Connection': 'keep-alive', 'Authorization': "Bearer ''"} 
 body=None 
 </msg>
<msg time="2025-10-09T17:33:23.109664" level="INFO">GET Response : url=http://localhost:4173/api/v1/auth/me 
 status=401, reason=Unauthorized 
 headers={'Vary': 'Origin', 'x-powered-by': 'Express', 'access-control-allow-origin': '*', 'content-type': 'application/json; charset=utf-8', 'content-length': '65', 'etag': 'W/"41-TJq3LYiwj1On+7IZ17oLU5tM1Zs"', 'date': 'Thu, 09 Oct 2025 20:33:23 GMT', 'connection': 'close'} 
 body={"success":false,"message":"Not authorized to access this route"} 
 </msg>
<msg time="2025-10-09T17:33:23.109722" level="INFO">${response} = &lt;Response [401]&gt;</msg>
<var>${response}</var>
<arg>CinemaApp</arg>
<arg>/auth/me</arg>
<arg>headers=${headers}</arg>
<arg>expected_status=any</arg>
<doc>Sends a GET request on a previously created HTTP Session.</doc>
<status status="PASS" start="2025-10-09T17:33:23.107537" elapsed="0.002201"/>
</kw>
<kw name="Run Keyword If" owner="BuiltIn">
<kw name="Validar Falha 401 na Requisição" owner="auth_me_keywords">
<kw name="Run Keyword And Continue On Failure" owner="BuiltIn">
<kw name="Should Be Equal As Integers" owner="BuiltIn">
<msg time="2025-10-09T17:33:23.110478" level="INFO">Argument types are:
&lt;class 'int'&gt;
&lt;class 'str'&gt;</msg>
<arg>${response.status_code}</arg>
<arg>401</arg>
<doc>Fails if objects are unequal after converting them to integers.</doc>
<status status="PASS" start="2025-10-09T17:33:23.110271" elapsed="0.000235"/>
</kw>
<arg>Should Be Equal As Integers</arg>
<arg>${response.status_code}</arg>
<arg>401</arg>
<doc>Runs the keyword and continues execution even if a failure occurs.</doc>
<status status="PASS" start="2025-10-09T17:33:23.110185" elapsed="0.000354"/>
</kw>
<arg>${response}</arg>
<status status="PASS" start="2025-10-09T17:33:23.110026" elapsed="0.000544"/>
</kw>
<arg>'${testcase}' == 'token_valid'</arg>
<arg>Validar Sucesso na Requisição</arg>
<arg>${response}</arg>
<arg>ELSE IF</arg>
<arg>'${testcase}' == 'token_notoken'</arg>
<arg>Validar Falha 401 na Requisição</arg>
<arg>${response}</arg>
<arg>ELSE IF</arg>
<arg>'${testcase}' == 'token_wrong'</arg>
<arg>Validar Falha 403 na Requisição</arg>
<arg>${response}</arg>
<doc>Runs the given keyword with the given arguments, if ``condition`` is true.</doc>
<status status="PASS" start="2025-10-09T17:33:23.109821" elapsed="0.000773"/>
</kw>
<kw name="Log" owner="BuiltIn">
<msg time="2025-10-09T17:33:23.110898" level="INFO">
Mensagem de status: {'success': False, 'message': 'Not authorized to access this route'}</msg>
<arg>\nMensagem de status: ${response.json()}</arg>
<arg>console=True</arg>
<doc>Logs the given message with the given level.</doc>
<status status="PASS" start="2025-10-09T17:33:23.110664" elapsed="0.000267"/>
</kw>
<kw name="Log To Console" owner="BuiltIn">
<arg>Status code: ${response.status_code}</arg>
<doc>Logs the given message to the console.</doc>
<status status="PASS" start="2025-10-09T17:33:23.110997" elapsed="0.000205"/>
</kw>
<arg>token_notoken</arg>
<status status="PASS" start="2025-10-09T17:33:23.106156" elapsed="0.005081"/>
</kw>
<tag>401</tag>
<tag>auth</tag>
<tag>me</tag>
<status status="PASS" start="2025-10-09T17:33:23.105198" elapsed="0.006103"/>
</test>
<test id="s1-t7" name="CT-AUTH-007" line="44">
<kw name="Obter Informações do Usuário" owner="auth_me_keywords">
<kw name="Set Variable" owner="BuiltIn">
<msg time="2025-10-09T17:33:23.113850" level="INFO">${BEARER} = ''</msg>
<var>${BEARER}</var>
<arg>''</arg>
<doc>Returns the given values which can then be assigned to a variables.</doc>
<status status="PASS" start="2025-10-09T17:33:23.113781" elapsed="0.000083"/>
</kw>
<if>
<branch type="IF" condition="'${testcase}' == 'token_valid'">
<kw name="Gerar Novo Token" owner="token">
<var>${BEARER}</var>
<status status="NOT RUN" start="2025-10-09T17:33:23.114025" elapsed="0.000026"/>
</kw>
<status status="NOT RUN" start="2025-10-09T17:33:23.113904" elapsed="0.000167"/>
</branch>
<branch type="ELSE IF" condition="'${testcase}' == 'token_wrong'">
<kw name="Set Variable" owner="BuiltIn">
<msg time="2025-10-09T17:33:23.114246" level="INFO">${BEARER} = Bearer eyJhbGciOiJIUzI1NiIsInR5cCI6IkpXVCJ9.eyJpZCI6IjY4ZTU2YWY5OTVmMDVjMTY5NGQ5NTY4YyIsImlhdCI6MTc2MDAzODk2MSwiZXhwIjoxNzYwMTI1MzYxfQ.jhaVhMuWOnN0WeNS3V_YVd6F-prsCj8euouz2LN2GP6</msg>
<var>${BEARER}</var>
<arg>Bearer eyJhbGciOiJIUzI1NiIsInR5cCI6IkpXVCJ9.eyJpZCI6IjY4ZTU2YWY5OTVmMDVjMTY5NGQ5NTY4YyIsImlhdCI6MTc2MDAzODk2MSwiZXhwIjoxNzYwMTI1MzYxfQ.jhaVhMuWOnN0WeNS3V_YVd6F-prsCj8euouz2LN2GP6</arg>
<doc>Returns the given values which can then be assigned to a variables.</doc>
<status status="PASS" start="2025-10-09T17:33:23.114182" elapsed="0.000078"/>
</kw>
<status status="PASS" start="2025-10-09T17:33:23.114090" elapsed="0.000218"/>
</branch>
<branch type="ELSE IF" condition="'${testcase}' == 'token_notoken'">
<kw name="Set Variable" owner="BuiltIn">
<var>${BEARER}</var>
<arg>''</arg>
<doc>Returns the given values which can then be assigned to a variables.</doc>
<status status="NOT RUN" start="2025-10-09T17:33:23.114388" elapsed="0.000021"/>
</kw>
<status status="NOT RUN" start="2025-10-09T17:33:23.114326" elapsed="0.000103"/>
</branch>
<status status="PASS" start="2025-10-09T17:33:23.113895" elapsed="0.000549"/>
</if>
<kw name="Create Session" owner="RequestsLibrary">
<msg time="2025-10-09T17:33:23.114566" level="INFO">Creating Session using : alias=CinemaApp, url=http://localhost:4173/api/v1, headers={},                     cookies={}, auth=None, timeout=None, proxies=None, verify=False,                     debug=0 </msg>
<arg>CinemaApp</arg>
<arg>${BASEURL}</arg>
<doc>Create Session: create a HTTP session to a server</doc>
<status status="PASS" start="2025-10-09T17:33:23.114494" elapsed="0.000130"/>
</kw>
<kw name="Create Dictionary" owner="BuiltIn">
<msg time="2025-10-09T17:33:23.114799" level="INFO">${headers} = {'Authorization': 'Bearer Bearer eyJhbGciOiJIUzI1NiIsInR5cCI6IkpXVCJ9.eyJpZCI6IjY4ZTU2YWY5OTVmMDVjMTY5NGQ5NTY4YyIsImlhdCI6MTc2MDAzODk2MSwiZXhwIjoxNzYwMTI1MzYxfQ.jhaVhMuWOnN0WeNS3V_YVd6F-prsCj8euouz2LN...</msg>
<var>${headers}</var>
<arg>Authorization=Bearer ${BEARER}</arg>
<doc>Creates and returns a dictionary based on the given ``items``.</doc>
<status status="PASS" start="2025-10-09T17:33:23.114688" elapsed="0.000126"/>
</kw>
<kw name="GET On Session" owner="RequestsLibrary">
<msg time="2025-10-09T17:33:23.116589" level="INFO">GET Request : url=http://localhost:4173/api/v1/auth/me 
 path_url=/api/v1/auth/me 
 headers={'User-Agent': 'python-requests/2.32.5', 'Accept-Encoding': 'gzip, deflate', 'Accept': '*/*', 'Connection': 'keep-alive', 'Authorization': 'Bearer Bearer eyJhbGciOiJIUzI1NiIsInR5cCI6IkpXVCJ9.eyJpZCI6IjY4ZTU2YWY5OTVmMDVjMTY5NGQ5NTY4YyIsImlhdCI6MTc2MDAzODk2MSwiZXhwIjoxNzYwMTI1MzYxfQ.jhaVhMuWOnN0WeNS3V_YVd6F-prsCj8euouz2LN2GP6'} 
 body=None 
 </msg>
<msg time="2025-10-09T17:33:23.116620" level="INFO">GET Response : url=http://localhost:4173/api/v1/auth/me 
 status=401, reason=Unauthorized 
 headers={'Vary': 'Origin', 'x-powered-by': 'Express', 'access-control-allow-origin': '*', 'content-type': 'application/json; charset=utf-8', 'content-length': '65', 'etag': 'W/"41-TJq3LYiwj1On+7IZ17oLU5tM1Zs"', 'date': 'Thu, 09 Oct 2025 20:33:23 GMT', 'connection': 'close'} 
 body={"success":false,"message":"Not authorized to access this route"} 
 </msg>
<msg time="2025-10-09T17:33:23.116664" level="INFO">${response} = &lt;Response [401]&gt;</msg>
<var>${response}</var>
<arg>CinemaApp</arg>
<arg>/auth/me</arg>
<arg>headers=${headers}</arg>
<arg>expected_status=any</arg>
<doc>Sends a GET request on a previously created HTTP Session.</doc>
<status status="PASS" start="2025-10-09T17:33:23.114872" elapsed="0.001806"/>
</kw>
<kw name="Run Keyword If" owner="BuiltIn">
<kw name=" Validar Falha 403 na Requisição" owner="auth_me_keywords">
<kw name="Run Keyword And Continue On Failure" owner="BuiltIn">
<kw name="Should Be Equal As Integers" owner="BuiltIn">
<msg time="2025-10-09T17:33:23.117334" level="INFO">Argument types are:
&lt;class 'int'&gt;
&lt;class 'str'&gt;</msg>
<msg time="2025-10-09T17:33:23.117389" level="FAIL">401 != 403</msg>
<arg>${response.status_code}</arg>
<arg>403</arg>
<doc>Fails if objects are unequal after converting them to integers.</doc>
<status status="FAIL" start="2025-10-09T17:33:23.117157" elapsed="0.000278">401 != 403</status>
</kw>
<arg>Should Be Equal As Integers</arg>
<arg>${response.status_code}</arg>
<arg>403</arg>
<doc>Runs the keyword and continues execution even if a failure occurs.</doc>
<status status="FAIL" start="2025-10-09T17:33:23.117078" elapsed="0.000394">401 != 403</status>
</kw>
<arg>${response}</arg>
<status status="FAIL" start="2025-10-09T17:33:23.116940" elapsed="0.000581">401 != 403</status>
</kw>
<arg>'${testcase}' == 'token_valid'</arg>
<arg>Validar Sucesso na Requisição</arg>
<arg>${response}</arg>
<arg>ELSE IF</arg>
<arg>'${testcase}' == 'token_notoken'</arg>
<arg>Validar Falha 401 na Requisição</arg>
<arg>${response}</arg>
<arg>ELSE IF</arg>
<arg>'${testcase}' == 'token_wrong'</arg>
<arg>Validar Falha 403 na Requisição</arg>
<arg>${response}</arg>
<doc>Runs the given keyword with the given arguments, if ``condition`` is true.</doc>
<status status="FAIL" start="2025-10-09T17:33:23.116750" elapsed="0.000795">401 != 403</status>
</kw>
<kw name="Log" owner="BuiltIn">
<msg time="2025-10-09T17:33:23.117806" level="INFO">
Mensagem de status: {'success': False, 'message': 'Not authorized to access this route'}</msg>
<arg>\nMensagem de status: ${response.json()}</arg>
<arg>console=True</arg>
<doc>Logs the given message with the given level.</doc>
<status status="PASS" start="2025-10-09T17:33:23.117607" elapsed="0.000229"/>
</kw>
<kw name="Log To Console" owner="BuiltIn">
<arg>Status code: ${response.status_code}</arg>
<doc>Logs the given message to the console.</doc>
<status status="PASS" start="2025-10-09T17:33:23.117890" elapsed="0.000175"/>
</kw>
<arg>token_wrong</arg>
<status status="FAIL" start="2025-10-09T17:33:23.113641" elapsed="0.004468">401 != 403</status>
</kw>
<tag>403</tag>
<tag>auth</tag>
<status status="FAIL" start="2025-10-09T17:33:23.112801" elapsed="0.005375">401 != 403</status>
</test>
<test id="s1-t8" name="CT-MOVIES-001" line="49">
<kw name="Obter Informações de Filmes" owner="movies_keywords">
<kw name="Create Session" owner="RequestsLibrary">
<msg time="2025-10-09T17:33:23.120685" level="INFO">Creating Session using : alias=CinemaApp, url=http://localhost:4173/api/v1, headers={},                     cookies={}, auth=None, timeout=None, proxies=None, verify=False,                     debug=0 </msg>
<arg>CinemaApp</arg>
<arg>${BASEURL}</arg>
<doc>Create Session: create a HTTP session to a server</doc>
<status status="PASS" start="2025-10-09T17:33:23.120614" elapsed="0.000130"/>
</kw>
<kw name="GET On Session" owner="RequestsLibrary">
<msg time="2025-10-09T17:33:23.217698" level="INFO">GET Request : url=http://localhost:4173/api/v1/movies 
 path_url=/api/v1/movies 
 headers={'User-Agent': 'python-requests/2.32.5', 'Accept-Encoding': 'gzip, deflate', 'Accept': '*/*', 'Connection': 'keep-alive'} 
 body=None 
 </msg>
<msg time="2025-10-09T17:33:23.217780" level="INFO">GET Response : url=http://localhost:4173/api/v1/movies 
 status=200, reason=OK 
 headers={'Vary': 'Origin', 'x-powered-by': 'Express', 'access-control-allow-origin': '*', 'content-type': 'application/json; charset=utf-8', 'content-length': '1075', 'etag': 'W/"433-dXEFfxpyXIAYHBhWHwYuPwX7IzY"', 'date': 'Thu, 09 Oct 2025 20:33:23 GMT', 'connection': 'close'} 
 body={"success":true,"count":3,"pagination":{},"data":[{"_id":"68d7221901f2a8b02b208588","customId":"2","title":"The Avengers","synopsis":"Earth's mightiest heroes must come together to save the world.","director":"Joss Whedon","genres":["Action","Adventure"],"duration":143,"classification":"PG-13","poster":"avengers.jpg","releaseDate":"2012-05-04T00:00:00.000Z","id":"68d7221901f2a8b02b208588"},{"_id":"68d7221901f2a8b02b208587","customId":"1","title":"Inception","synopsis":"A thief who enters the dreams of others to steal their secrets.","director":"Christopher Nolan","genres":["Science Fiction","Action"],"duration":148,"classification":"PG-13","poster":"inception.jpg","releaseDate":"2010-07-16T00:00:00.000Z","id":"68d7221901f2a8b02b208587"},{"_id":"68d7221901f2a8b02b208589","customId":"3","title":"The Shawshank Redemption","synopsis":"Two imprisoned men bond over a number of years.","director":"Frank Darabont","genres":["Drama"],"duration":142,"classification":"R","poster":"shawshank.jpg","releaseDate":"1994-10-14T00:00:00.000Z","id":"68d7221901f2a8b02b208589"}]} 
 </msg>
<msg time="2025-10-09T17:33:23.217912" level="INFO">${response} = &lt;Response [200]&gt;</msg>
<var>${response}</var>
<arg>CinemaApp</arg>
<arg>/movies</arg>
<arg>expected_status=any</arg>
<doc>Sends a GET request on a previously created HTTP Session.</doc>
<status status="PASS" start="2025-10-09T17:33:23.120804" elapsed="0.097136"/>
</kw>
<kw name="Validar Sucesso na Requisição" owner="movies_keywords">
<kw name="Run Keyword And Continue On Failure" owner="BuiltIn">
<kw name="Should Be Equal As Integers" owner="BuiltIn">
<msg time="2025-10-09T17:33:23.219167" level="INFO">Argument types are:
&lt;class 'int'&gt;
&lt;class 'str'&gt;</msg>
<arg>${response.status_code}</arg>
<arg>200</arg>
<doc>Fails if objects are unequal after converting them to integers.</doc>
<status status="PASS" start="2025-10-09T17:33:23.218749" elapsed="0.000473"/>
</kw>
<arg>Should Be Equal As Integers</arg>
<arg>${response.status_code}</arg>
<arg>200</arg>
<doc>Runs the keyword and continues execution even if a failure occurs.</doc>
<status status="PASS" start="2025-10-09T17:33:23.218574" elapsed="0.000708"/>
</kw>
<arg>${response}</arg>
<status status="PASS" start="2025-10-09T17:33:23.218205" elapsed="0.001134"/>
</kw>
<kw name="Validar se Response é JSON" owner="movies_keywords">
<kw name="Evaluate" owner="BuiltIn">
<arg>json.loads('''${response.content}''')</arg>
<arg>json</arg>
<doc>Evaluates the given expression in Python and returns the result.</doc>
<status status="PASS" start="2025-10-09T17:33:23.219727" elapsed="0.000490"/>
</kw>
<arg>${response}</arg>
<status status="PASS" start="2025-10-09T17:33:23.219467" elapsed="0.000818"/>
</kw>
<status status="PASS" start="2025-10-09T17:33:23.120492" elapsed="0.099842"/>
</kw>
<tag>200</tag>
<tag>movies</tag>
<tag>prioridade_alta</tag>
<status status="PASS" start="2025-10-09T17:33:23.119742" elapsed="0.100709"/>
</test>
<test id="s1-t9" name="CT-MOVIES-006" line="53">
<kw name="Obter Informação de Filme por ID" owner="movies_keywords">
<kw name="Create Session" owner="RequestsLibrary">
<msg time="2025-10-09T17:33:23.224669" level="INFO">Creating Session using : alias=CinemaApp, url=http://localhost:4173/api/v1, headers={},                     cookies={}, auth=None, timeout=None, proxies=None, verify=False,                     debug=0 </msg>
<arg>CinemaApp</arg>
<arg>${BASEURL}</arg>
<doc>Create Session: create a HTTP session to a server</doc>
<status status="PASS" start="2025-10-09T17:33:23.224549" elapsed="0.000222"/>
</kw>
<kw name="GET On Session" owner="RequestsLibrary">
<msg time="2025-10-09T17:33:23.585203" level="INFO">GET Request : url=http://localhost:4173/api/v1/movies/68d7221901f2a8b02b208588 
 path_url=/api/v1/movies/68d7221901f2a8b02b208588 
 headers={'User-Agent': 'python-requests/2.32.5', 'Accept-Encoding': 'gzip, deflate', 'Accept': '*/*', 'Connection': 'keep-alive'} 
 body=None 
 </msg>
<msg time="2025-10-09T17:33:23.585313" level="INFO">GET Response : url=http://localhost:4173/api/v1/movies/68d7221901f2a8b02b208588 
 status=200, reason=OK 
 headers={'Vary': 'Origin', 'x-powered-by': 'Express', 'access-control-allow-origin': '*', 'content-type': 'application/json; charset=utf-8', 'content-length': '212937', 'etag': 'W/"33fc9-4qwASqHajKhQZCaQB/uy7NgSveA"', 'date': 'Thu, 09 Oct 2025 20:33:23 GMT', 'connection': 'close'} 
 body={"success":true,"data":{"_id":"68d7221901f2a8b02b208588","customId":"2","title":"The Avengers","synopsis":"Earth's mightiest heroes must come together to save the world.","director":"Joss Whedon","genres":["Action","Adventure"],"duration":143,"classification":"PG-13","poster":"avengers.jpg","releaseDate":"2012-05-04T00:00:00.000Z","createdAt":"2025-09-26T23:30:33.264Z","__v":0,"updatedAt":"2025-09-26T23:30:33.266Z","sessions":[{"_id":"68d7221901f2a8b02b208598","movie":"68d7221901f2a8b02b208588","theater":"68d7221901f2a8b02b20858b","datetime":"2025-09-26T15:00:00.000Z","fullPrice":15,"halfPrice":7.5,"seats":[{"row":"A","number":1,"status":"available"},{"row":"A","number":2,"status":"available"},{"row":"A","number":3,"status":"available"},{"row":"A","number":4,"status":"available"},{"row":"A","number":5,"status":"available"},{"row":"A","number":6,"status":"available"},{"row":"A","number":7,"status":"available"},{"row":"A","number":8,"status":"available"},{"row":"A","number":9,"status":"available"},{"row":"A","number":10,"status":"available"},{"row":"A","number":11,"status":"available"},{"row":"A","number":12,"status":"available"},{"row":"A","number":13,"status":"available"},{"row":"A","number":14,"status":"available"},{"row":"A","number":15,"status":"available"},{"row":"B","number":1,"status":"available"},{"row":"B","number":2,"status":"available"},{"row":"B","number":3,"status":"available"},{"row":"B","number":4,"status":"available"},{"row":"B","number":5,"status":"available"},{"row":"B","number":6,"status":"available"},{"row":"B","number":7,"status":"available"},{"row":"B","number":8,"status":"available"},{"row":"B","number":9,"status":"available"},{"row":"B","number":10,"status":"available"},{"row":"B","number":11,"status":"available"},{"row":"B","number":12,"status":"available"},{"row":"B","number":13,"status":"available"},{"row":"B","number":14,"status":"available"},{"row":"B","number":15,"status":"available"},{"row":"C","number":1,"status":"available"},{"row":"C","number":2,"status":"available"},{"row":"C","number":3,"status":"available"},{"row":"C","number":4,"status":"available"},{"row":"C","number":5,"status":"available"},{"row":"C","number":6,"status":"available"},{"row":"C","number":7,"status":"available"},{"row":"C","number":8,"status":"available"},{"row":"C","number":9,"status":"available"},{"row":"C","number":10,"status":"available"},{"row":"C","number":11,"status":"available"},{"row":"C","number":12,"status":"available"},{"row":"C","number":13,"status":"available"},{"row":"C","number":14,"status":"available"},{"row":"C","number":15,"status":"available"},{"row":"D","number":1,"status":"available"},{"row":"D","number":2,"status":"available"},{"row":"D","number":3,"status":"available"},{"row":"D","number":4,"status":"available"},{"row":"D","number":5,"status":"available"},{"row":"D","number":6,"status":"available"},{"row":"D","number":7,"status":"available"},{"row":"D","number":8,"status":"available"},{"row":"D","number":9,"status":"available"},{"row":"D","number":10,"status":"available"},{"row":"D","number":11,"status":"available"},{"row":"D","number":12,"status":"available"},{"row":"D","number":13,"status":"available"},{"row":"D","number":14,"status":"available"},{"row":"D","number":15,"status":"available"},{"row":"E","number":1,"status":"available"},{"row":"E","number":2,"status":"available"},{"row":"E","number":3,"status":"available"},{"row":"E","number":4,"status":"available"},{"row":"E","number":5,"status":"available"},{"row":"E","number":6,"status":"available"},{"row":"E","number":7,"status":"available"},{"row":"E","number":8,"status":"available"},{"row":"E","number":9,"status":"available"},{"row":"E","number":10,"status":"available"},{"row":"E","number":11,"status":"available"},{"row":"E","number":12,"status":"available"},{"row":"E","number":13,"status":"available"},{"row":"E","number":14,"status":"available"},{"row":"E","number":15,"status":"available"},{"row":"F","number":1,"status":"available"},{"row":"F","number":2,"status":"available"},{"row":"F","number":3,"status":"available"},{"row":"F","number":4,"status":"available"},{"row":"F","number":5,"status":"available"},{"row":"F","number":6,"status":"available"},{"row":"F","number":7,"status":"available"},{"row":"F","number":8,"status":"available"},{"row":"F","number":9,"status":"available"},{"row":"F","number":10,"status":"available"},{"row":"F","number":11,"status":"available"},{"row":"F","number":12,"status":"available"},{"row":"F","number":13,"status":"available"},{"row":"F","number":14,"status":"available"},{"row":"F","number":15,"status":"available"},{"row":"G","number":1,"status":"available"},{"row":"G","number":2,"status":"available"},{"row":"G","number":3,"status":"available"},{"row":"G","number":4,"status":"available"},{"row":"G","number":5,"status":"available"},{"row":"G","number":6,"status":"available"},{"row":"G","number":7,"status":"available"},{"row":"G","number":8,"status":"available"},{"row":"G","number":9,"status":"available"},{"row":"G","number":10,"status":"available"},{"row":"G","number":11,"status":"available"},{"row":"G","number":12,"status":"available"},{"row":"G","number":13,"status":"available"},{"row":"G","number":14,"status":"available"},{"row":"G","number":15,"status":"available"},{"row":"H","number":1,"status":"available"},{"row":"H","number":2,"status":"available"},{"row":"H","number":3,"status":"available"},{"row":"H","number":4,"status":"available"},{"row":"H","number":5,"status":"available"},{"row":"H","number":6,"status":"available"},{"row":"H","number":7,"status":"available"},{"row":"H","number":8,"status":"available"},{"row":"H","number":9,"status":"available"},{"row":"H","number":10,"status":"available"},{"row":"H","number":11,"status":"available"},{"row":"H","number":12,"status":"available"},{"row":"H","number":13,"status":"available"},{"row":"H","number":14,"status":"available"},{"row":"H","number":15,"status":"available"}],"createdAt":"2025-09-26T23:30:33.511Z","__v":0,"updatedAt":"2025-09-26T23:30:33.713Z","id":"68d7221901f2a8b02b208598"},{"_id":"68d7221901f2a8b02b208599","movie":"68d7221901f2a8b02b208588","theater":"68d7221901f2a8b02b20858b","datetime":"2025-09-26T19:00:00.000Z","fullPrice":15,"halfPrice":7.5,"seats":[{"row":"A","number":1,"status":"available"},{"row":"A","number":2,"status":"available"},{"row":"A","number":3,"status":"available"},{"row":"A","number":4,"status":"available"},{"row":"A","number":5,"status":"available"},{"row":"A","number":6,"status":"available"},{"row":"A","number":7,"status":"available"},{"row":"A","number":8,"status":"available"},{"row":"A","number":9,"status":"available"},{"row":"A","number":10,"status":"available"},{"row":"A","number":11,"status":"available"},{"row":"A","number":12,"status":"available"},{"row":"A","number":13,"status":"available"},{"row":"A","number":14,"status":"available"},{"row":"A","number":15,"status":"available"},{"row":"B","number":1,"status":"available"},{"row":"B","number":2,"status":"available"},{"row":"B","number":3,"status":"available"},{"row":"B","number":4,"status":"available"},{"row":"B","number":5,"status":"available"},{"row":"B","number":6,"status":"available"},{"row":"B","number":7,"status":"available"},{"row":"B","number":8,"status":"available"},{"row":"B","number":9,"status":"available"},{"row":"B","number":10,"status":"available"},{"row":"B","number":11,"status":"available"},{"row":"B","number":12,"status":"available"},{"row":"B","number":13,"status":"available"},{"row":"B","number":14,"status":"available"},{"row":"B","number":15,"status":"available"},{"row":"C","number":1,"status":"available"},{"row":"C","number":2,"status":"available"},{"row":"C","number":3,"status":"available"},{"row":"C","number":4,"status":"available"},{"row":"C","number":5,"status":"available"},{"row":"C","number":6,"status":"available"},{"row":"C","number":7,"status":"available"},{"row":"C","number":8,"status":"available"},{"row":"C","number":9,"status":"available"},{"row":"C","number":10,"status":"available"},{"row":"C","number":11,"status":"available"},{"row":"C","number":12,"status":"available"},{"row":"C","number":13,"status":"available"},{"row":"C","number":14,"status":"available"},{"row":"C","number":15,"status":"available"},{"row":"D","number":1,"status":"available"},{"row":"D","number":2,"status":"available"},{"row":"D","number":3,"status":"available"},{"row":"D","number":4,"status":"available"},{"row":"D","number":5,"status":"available"},{"row":"D","number":6,"status":"available"},{"row":"D","number":7,"status":"available"},{"row":"D","number":8,"status":"available"},{"row":"D","number":9,"status":"available"},{"row":"D","number":10,"status":"available"},{"row":"D","number":11,"status":"available"},{"row":"D","number":12,"status":"available"},{"row":"D","number":13,"status":"available"},{"row":"D","number":14,"status":"available"},{"row":"D","number":15,"status":"available"},{"row":"E","number":1,"status":"available"},{"row":"E","number":2,"status":"available"},{"row":"E","number":3,"status":"available"},{"row":"E","number":4,"status":"available"},{"row":"E","number":5,"status":"available"},{"row":"E","number":6,"status":"available"},{"row":"E","number":7,"status":"available"},{"row":"E","number":8,"status":"available"},{"row":"E","number":9,"status":"available"},{"row":"E","number":10,"status":"available"},{"row":"E","number":11,"status":"available"},{"row":"E","number":12,"status":"available"},{"row":"E","number":13,"status":"available"},{"row":"E","number":14,"status":"available"},{"row":"E","number":15,"status":"available"},{"row":"F","number":1,"status":"available"},{"row":"F","number":2,"status":"available"},{"row":"F","number":3,"status":"available"},{"row":"F","number":4,"status":"available"},{"row":"F","number":5,"status":"available"},{"row":"F","number":6,"status":"available"},{"row":"F","number":7,"status":"available"},{"row":"F","number":8,"status":"available"},{"row":"F","number":9,"status":"available"},{"row":"F","number":10,"sta... (set the log level to DEBUG or TRACE to see the full content) 
 </msg>
<msg time="2025-10-09T17:33:23.585492" level="INFO">${response} = &lt;Response [200]&gt;</msg>
<var>${response}</var>
<arg>CinemaApp</arg>
<arg>/movies/${id}</arg>
<arg>expected_status=any</arg>
<doc>Sends a GET request on a previously created HTTP Session.</doc>
<status status="PASS" start="2025-10-09T17:33:23.224868" elapsed="0.360641"/>
</kw>
<kw name="Validar Sucesso na Requisição" owner="movies_keywords">
<kw name="Run Keyword And Continue On Failure" owner="BuiltIn">
<kw name="Should Be Equal As Integers" owner="BuiltIn">
<msg time="2025-10-09T17:33:23.586291" level="INFO">Argument types are:
&lt;class 'int'&gt;
&lt;class 'str'&gt;</msg>
<arg>${response.status_code}</arg>
<arg>200</arg>
<doc>Fails if objects are unequal after converting them to integers.</doc>
<status status="PASS" start="2025-10-09T17:33:23.586032" elapsed="0.000291"/>
</kw>
<arg>Should Be Equal As Integers</arg>
<arg>${response.status_code}</arg>
<arg>200</arg>
<doc>Runs the keyword and continues execution even if a failure occurs.</doc>
<status status="PASS" start="2025-10-09T17:33:23.585928" elapsed="0.000430"/>
</kw>
<arg>${response}</arg>
<status status="PASS" start="2025-10-09T17:33:23.585662" elapsed="0.000729"/>
</kw>
<kw name="Validar se Response é JSON" owner="movies_keywords">
<kw name="Evaluate" owner="BuiltIn">
<arg>json.loads('''${response.content}''')</arg>
<arg>json</arg>
<doc>Evaluates the given expression in Python and returns the result.</doc>
<status status="PASS" start="2025-10-09T17:33:23.586617" elapsed="0.002942"/>
</kw>
<arg>${response}</arg>
<status status="PASS" start="2025-10-09T17:33:23.586471" elapsed="0.003269"/>
</kw>
<arg>68d7221901f2a8b02b208588</arg>
<status status="PASS" start="2025-10-09T17:33:23.224328" elapsed="0.365447"/>
</kw>
<tag>200</tag>
<tag>movies</tag>
<tag>prioridade_alta</tag>
<status status="PASS" start="2025-10-09T17:33:23.223199" elapsed="0.366679"/>
</test>
<test id="s1-t10" name="CT-SESSIONS-001" line="57">
<kw name="Obter Informações de Sessões" owner="sessions_keywords">
<kw name="Create Session" owner="RequestsLibrary">
<msg time="2025-10-09T17:33:23.594524" level="INFO">Creating Session using : alias=CinemaApp, url=http://localhost:4173/api/v1, headers={},                     cookies={}, auth=None, timeout=None, proxies=None, verify=False,                     debug=0 </msg>
<arg>CinemaApp</arg>
<arg>${BASEURL}</arg>
<doc>Create Session: create a HTTP session to a server</doc>
<status status="PASS" start="2025-10-09T17:33:23.594426" elapsed="0.000178"/>
</kw>
<kw name="GET On Session" owner="RequestsLibrary">
<msg time="2025-10-09T17:33:23.954607" level="INFO">GET Request : url=http://localhost:4173/api/v1/sessions 
 path_url=/api/v1/sessions 
 headers={'User-Agent': 'python-requests/2.32.5', 'Accept-Encoding': 'gzip, deflate', 'Accept': '*/*', 'Connection': 'keep-alive'} 
 body=None 
 </msg>
<msg time="2025-10-09T17:33:23.954828" level="INFO">GET Response : url=http://localhost:4173/api/v1/sessions 
 status=200, reason=OK 
 headers={'Vary': 'Origin', 'x-powered-by': 'Express', 'access-control-allow-origin': '*', 'content-type': 'application/json; charset=utf-8', 'content-length': '44683', 'etag': 'W/"ae8b-tknB8HzV7YQ0NxsXOMWdrR93b4Q"', 'date': 'Thu, 09 Oct 2025 20:33:23 GMT', 'connection': 'close'} 
 body={"success":true,"count":10,"pagination":{"next":{"page":2,"limit":10}},"data":[{"_id":"68d7221901f2a8b02b208592","movie":{"_id":"68d7221901f2a8b02b208587","title":"Inception","duration":148,"poster":"inception.jpg","id":"68d7221901f2a8b02b208587"},"theater":{"_id":"68d7221901f2a8b02b20858c","name":"Theater 2","type":"3D","id":"68d7221901f2a8b02b20858c"},"datetime":"2025-09-26T15:00:00.000Z","fullPrice":15,"halfPrice":7.5,"seats":[{"row":"A","number":1,"status":"available"},{"row":"A","number":2,"status":"available"},{"row":"A","number":3,"status":"available"},{"row":"A","number":4,"status":"available"},{"row":"A","number":5,"status":"available"},{"row":"A","number":6,"status":"available"},{"row":"A","number":7,"status":"available"},{"row":"A","number":8,"status":"available"},{"row":"A","number":9,"status":"available"},{"row":"A","number":10,"status":"available"},{"row":"B","number":1,"status":"available"},{"row":"B","number":2,"status":"available"},{"row":"B","number":3,"status":"available"},{"row":"B","number":4,"status":"available"},{"row":"B","number":5,"status":"available"},{"row":"B","number":6,"status":"available"},{"row":"B","number":7,"status":"available"},{"row":"B","number":8,"status":"available"},{"row":"B","number":9,"status":"available"},{"row":"B","number":10,"status":"available"},{"row":"C","number":1,"status":"available"},{"row":"C","number":2,"status":"available"},{"row":"C","number":3,"status":"available"},{"row":"C","number":4,"status":"available"},{"row":"C","number":5,"status":"available"},{"row":"C","number":6,"status":"available"},{"row":"C","number":7,"status":"available"},{"row":"C","number":8,"status":"available"},{"row":"C","number":9,"status":"available"},{"row":"C","number":10,"status":"available"},{"row":"D","number":1,"status":"available"},{"row":"D","number":2,"status":"available"},{"row":"D","number":3,"status":"available"},{"row":"D","number":4,"status":"available"},{"row":"D","number":5,"status":"available"},{"row":"D","number":6,"status":"available"},{"row":"D","number":7,"status":"available"},{"row":"D","number":8,"status":"available"},{"row":"D","number":9,"status":"available"},{"row":"D","number":10,"status":"available"},{"row":"E","number":1,"status":"available"},{"row":"E","number":2,"status":"available"},{"row":"E","number":3,"status":"available"},{"row":"E","number":4,"status":"available"},{"row":"E","number":5,"status":"available"},{"row":"E","number":6,"status":"available"},{"row":"E","number":7,"status":"available"},{"row":"E","number":8,"status":"available"},{"row":"E","number":9,"status":"available"},{"row":"E","number":10,"status":"available"},{"row":"F","number":1,"status":"available"},{"row":"F","number":2,"status":"available"},{"row":"F","number":3,"status":"available"},{"row":"F","number":4,"status":"available"},{"row":"F","number":5,"status":"available"},{"row":"F","number":6,"status":"available"},{"row":"F","number":7,"status":"available"},{"row":"F","number":8,"status":"available"},{"row":"F","number":9,"status":"available"},{"row":"F","number":10,"status":"available"},{"row":"G","number":1,"status":"available"},{"row":"G","number":2,"status":"available"},{"row":"G","number":3,"status":"available"},{"row":"G","number":4,"status":"available"},{"row":"G","number":5,"status":"available"},{"row":"G","number":6,"status":"available"},{"row":"G","number":7,"status":"available"},{"row":"G","number":8,"status":"available"},{"row":"G","number":9,"status":"available"},{"row":"G","number":10,"status":"available"},{"row":"H","number":1,"status":"available"},{"row":"H","number":2,"status":"available"},{"row":"H","number":3,"status":"available"},{"row":"H","number":4,"status":"available"},{"row":"H","number":5,"status":"available"},{"row":"H","number":6,"status":"available"},{"row":"H","number":7,"status":"available"},{"row":"H","number":8,"status":"available"},{"row":"H","number":9,"status":"available"},{"row":"H","number":10,"status":"available"}],"createdAt":"2025-09-26T23:30:33.500Z","__v":0,"updatedAt":"2025-09-26T23:30:33.713Z","id":"68d7221901f2a8b02b208592"},{"_id":"68d7221901f2a8b02b20859b","movie":{"_id":"68d7221901f2a8b02b208588","title":"The Avengers","duration":143,"poster":"avengers.jpg","id":"68d7221901f2a8b02b208588"},"theater":{"_id":"68d7221901f2a8b02b20858c","name":"Theater 2","type":"3D","id":"68d7221901f2a8b02b20858c"},"datetime":"2025-09-26T15:00:00.000Z","fullPrice":15,"halfPrice":7.5,"seats":[{"row":"A","number":1,"status":"available"},{"row":"A","number":2,"status":"available"},{"row":"A","number":3,"status":"available"},{"row":"A","number":4,"status":"available"},{"row":"A","number":5,"status":"available"},{"row":"A","number":6,"status":"available"},{"row":"A","number":7,"status":"available"},{"row":"A","number":8,"status":"available"},{"row":"A","number":9,"status":"available"},{"row":"A","number":10,"status":"available"},{"row":"B","number":1,"status":"available"},{"row":"B","number":2,"status":"available"},{"row":"B","number":3,"status":"available"},{"row":"B","number":4,"status":"available"},{"row":"B","number":5,"status":"available"},{"row":"B","number":6,"status":"available"},{"row":"B","number":7,"status":"available"},{"row":"B","number":8,"status":"available"},{"row":"B","number":9,"status":"available"},{"row":"B","number":10,"status":"available"},{"row":"C","number":1,"status":"available"},{"row":"C","number":2,"status":"available"},{"row":"C","number":3,"status":"available"},{"row":"C","number":4,"status":"available"},{"row":"C","number":5,"status":"available"},{"row":"C","number":6,"status":"available"},{"row":"C","number":7,"status":"available"},{"row":"C","number":8,"status":"available"},{"row":"C","number":9,"status":"available"},{"row":"C",
[...]
tatus":"available"},{"row":"B","number":13,"status":"available"},{"row":"B","number":14,"status":"available"},{"row":"B","number":15,"status":"available"},{"row":"C","number":1,"status":"available"},{"row":"C","number":2,"status":"available"},{"row":"C","number":3,"status":"available"},{"row":"C","number":4,"status":"available"},{"row":"C","number":5,"status":"available"},{"row":"C","number":6,"status":"occupied"},{"row":"C","number":7,"status":"available"},{"row":"C","number":8,"status":"available"},{"row":"C","number":9,"status":"available"},{"row":"C","number":10,"status":"available"},{"row":"C","number":11,"status":"available"},{"row":"C","number":12,"status":"available"},{"row":"C","number":13,"status":"available"},{"row":"C","number":14,"status":"available"},{"row":"C","number":15,"status":"available"},{"row":"D","number":1,"status":"available"},{"row":"D","number":2,"status":"available"},{"row":"D","number":3,"status":"occupied"},{"row":"D","number":4,"status":"available"},{"row":"D","number":5,"status":"occupied"},{"row":"D","number":6,"status":"available"},{"row":"D","number":7,"status":"available"},{"row":"D","number":8,"status":"available"},{"row":"D","number":9,"status":"available"},{"row":"D","number":10,"status":"available"},{"row":"D","number":11,"status":"available"},{"row":"D","number":12,"status":"available"},{"row":"D","number":13,"status":"available"},{"row":"D","number":14,"status":"available"},{"row":"D","number":15,"status":"available"},{"row":"E","number":1,"status":"available"},{"row":"E","number":2,"status":"occupied"},{"row":"E","number":3,"status":"available"},{"row":"E","number":4,"status":"available"},{"row":"E","number":5,"status":"available"},{"row":"E","number":6,"status":"occupied"},{"row":"E","number":7,"status":"available"},{"row":"E","number":8,"status":"available"},{"row":"E","number":9,"status":"available"},{"row":"E","number":10,"status":"available"},{"row":"E","number":11,"status":"available"},{"row":"E","number":12,"status":"available"},{"row":"E","number":13,"status":"available"},{"row":"E","number":14,"status":"available"},{"row":"E","number":15,"status":"available"},{"row":"F","number":1,"status":"available"},{"row":"F","number":2,"status":"available"},{"row":"F","number":3,"status":"available"},{"row":"F","number":4,"status":"occupied"},{"row":"F","number":5,"status":"available"},{"row":"F","number":6,"status":"occupied"},{"row":"F","number":7,"status":"available"},{"row":"F","number":8,"status":"occupied"},{"row":"F","number":9,"status":"available"},{"row":"F","number":10,"status":"available"},{"row":"F","number":11,"status":"available"},{"row":"F","number":12,"status":"available"},{"row":"F","number":13,"status":"available"},{"row":"F","number":14,"status":"available"},{"row":"F","number":15,"status":"available"},{"row":"G","number":1,"status":"occupied"},{"row":"G","number":2,"status":"available"},{"row":"G","number":3,"status":"available"},{"row":"G","number":4,"status":"occupied"},{"row":"G","number":5,"status":"occupied"},{"row":"G","number":6,"status":"available"},{"row":"G","number":7,"status":"available"},{"row":"G","number":8,"status":"available"},{"row":"G","number":9,"status":"available"},{"row":"G","number":10,"status":"available"},{"row":"G","number":11,"status":"available"},{"row":"G","number":12,"status":"available"},{"row":"G","number":13,"status":"available"},{"row":"G","number":14,"status":"available"},{"row":"G","number":15,"status":"available"},{"row":"H","number":1,"status":"available"},{"row":"H","number":2,"status":"available"},{"row":"H","number":3,"status":"available"},{"row":"H","number":4,"status":"available"},{"row":"H","number":5,"status":"available"},{"row":"H","number":6,"status":"available"},{"row":"H","number":7,"status":"available"},{"row":"H","number":8,"status":"available"},{"row":"H","number":9,"status":"available"},{"row":"H","number":10,"status":"available"},{"row":"H","number":11,"status":"available"},{"row":"H","number":12,"status":"available"},{"row":"H","number":13,"status":"available"},{"row":"H","number":14,"status":"available"},{"row":"H","number":15,"status":"available"}],"createdAt":"2025-09-26T23:30:33.494Z","__v":0,"updatedAt":"2025-10-09T20:33:24.327Z","id":"68d7221901f2a8b02b208590"},"seats":[{"row":"F","number":4,"type":"full"}],"totalPrice":15,"status":"confirmed","paymentStatus":"completed","paymentMethod":"credit_card","paymentDate":"2025-10-09T20:33:24.267Z","_id":"68e81c1495f05c1694d95a24","createdAt":"2025-10-09T20:33:24.268Z","updatedAt":"2025-10-09T20:33:24.268Z","__v":0}} 
 </msg>
<msg time="2025-10-09T17:33:24.487577" level="INFO">${response} = &lt;Response [201]&gt;</msg>
<var>${response}</var>
<arg>CinemaApp</arg>
<arg>/reservations</arg>
<arg>json=${body}</arg>
<arg>headers=${headers}</arg>
<arg>expected_status=any</arg>
<doc>Sends a POST request on a previously created HTTP Session.</doc>
<status status="PASS" start="2025-10-09T17:33:24.168994" elapsed="0.318633"/>
</kw>
<kw name="Run Keyword If" owner="BuiltIn">
<kw name="Validar Sucesso na Requisição" owner="reservations_keywords">
<kw name="Run Keyword And Continue On Failure" owner="BuiltIn">
<kw name="Should Be Equal As Integers" owner="BuiltIn">
<msg time="2025-10-09T17:33:24.491339" level="INFO">Argument types are:
&lt;class 'int'&gt;
&lt;class 'str'&gt;</msg>
<arg>${response.status_code}</arg>
<arg>201</arg>
<doc>Fails if objects are unequal after converting them to integers.</doc>
<status status="PASS" start="2025-10-09T17:33:24.490793" elapsed="0.000618"/>
</kw>
<arg>Should Be Equal As Integers</arg>
<arg>${response.status_code}</arg>
<arg>201</arg>
<doc>Runs the keyword and continues execution even if a failure occurs.</doc>
<status status="PASS" start="2025-10-09T17:33:24.489453" elapsed="0.002029"/>
</kw>
<arg>${response}</arg>
<status status="PASS" start="2025-10-09T17:33:24.488970" elapsed="0.002583"/>
</kw>
<arg>'${testcase}' == 'reservations01'</arg>
<arg>Validar Sucesso na Requisição</arg>
<arg>${response}</arg>
<arg>ELSE IF</arg>
<arg>'${testcase}' == 'reservations02'</arg>
<arg>Validar Falha na Requisição</arg>
<arg>${response}</arg>
<doc>Runs the given keyword with the given arguments, if ``condition`` is true.</doc>
<status status="PASS" start="2025-10-09T17:33:24.488209" elapsed="0.003399"/>
</kw>
<arg>reservations01</arg>
<status status="PASS" start="2025-10-09T17:33:24.032585" elapsed="0.459093"/>
</kw>
<tag>200</tag>
<tag>prioridade_alta</tag>
<tag>reservations</tag>
<status status="PASS" start="2025-10-09T17:33:24.030970" elapsed="0.460932"/>
</test>
<test id="s1-t13" name="CT-RESERVATIONS-003" line="69">
<kw name="Criar Nova Reserva" owner="reservations_keywords">
<if>
<branch type="IF" condition="'${testcase}' == 'reservations01'">
<kw name="Criar Payload da Reserva" owner="reservations_keywords">
<var>${body}</var>
<arg>${testcase}</arg>
<status status="NOT RUN" start="2025-10-09T17:33:24.501501" elapsed="0.000066"/>
</kw>
<status status="NOT RUN" start="2025-10-09T17:33:24.501150" elapsed="0.000481"/>
</branch>
<branch type="ELSE IF" condition="'${testcase}' == 'reservations02'">
<kw name="Criar Payload Estático da Reserva" owner="reservations_keywords">
<kw name="Importar JSON estático" owner="config">
<kw name="Load Json From File" owner="JSONLibrary">
<msg time="2025-10-09T17:33:24.502881" level="INFO">${data} = {'reservations01': {'session': '68d7221901f2a8b02b208590'}, 'reservations02': {'session': '68d7221901f2a8b02b208590', 'seats': [{'row': 'A', 'number': 1, 'type': 'full'}], 'paymentMethod': 'credit_car...</msg>
<var>${data}</var>
<arg>${EXECDIR}/resources/json/${nome_arquivo}</arg>
<doc>Load JSON from file.</doc>
<status status="PASS" start="2025-10-09T17:33:24.502476" elapsed="0.000435"/>
</kw>
<return>
<value>${data}</value>
<status status="PASS" start="2025-10-09T17:33:24.502968" elapsed="0.000066"/>
</return>
<msg time="2025-10-09T17:33:24.503150" level="INFO">${json_data} = {'reservations01': {'session': '68d7221901f2a8b02b208590'}, 'reservations02': {'session': '68d7221901f2a8b02b208590', 'seats': [{'row': 'A', 'number': 1, 'type': 'full'}], 'paymentMethod': 'credit_car...</msg>
<var>${json_data}</var>
<arg>reservations.json</arg>
<status status="PASS" start="2025-10-09T17:33:24.502243" elapsed="0.000932"/>
</kw>
<kw name="Get From Dictionary" owner="Collections">
<msg time="2025-10-09T17:33:24.503451" level="INFO">${payload} = {'session': '68d7221901f2a8b02b208590', 'seats': [{'row': 'A', 'number': 1, 'type': 'full'}], 'paymentMethod': 'credit_card'}</msg>
<var>${payload}</var>
<arg>${json_data}</arg>
<arg>${testcase}</arg>
<doc>Returns a value from the given ``dictionary`` based on the given ``key``.</doc>
<status status="PASS" start="2025-10-09T17:33:24.503280" elapsed="0.000194"/>
</kw>
<return>
<value>${payload}</value>
<status status="PASS" start="2025-10-09T17:33:24.503522" elapsed="0.000046"/>
</return>
<msg time="2025-10-09T17:33:24.503661" level="INFO">${body} = {'session': '68d7221901f2a8b02b208590', 'seats': [{'row': 'A', 'number': 1, 'type': 'full'}], 'paymentMethod': 'credit_card'}</msg>
<var>${body}</var>
<arg>${testcase}</arg>
<status status="PASS" start="2025-10-09T17:33:24.501931" elapsed="0.001750"/>
</kw>
<status status="PASS" start="2025-10-09T17:33:24.501679" elapsed="0.002036"/>
</branch>
<status status="PASS" start="2025-10-09T17:33:24.501119" elapsed="0.002628"/>
</if>
<kw name="Log To Console" owner="BuiltIn">
<arg>\nPayload: ${body}</arg>
<doc>Logs the given message to the console.</doc>
<status status="PASS" start="2025-10-09T17:33:24.503835" elapsed="0.000170"/>
</kw>
<kw name="Create Session" owner="RequestsLibrary">
<msg time="2025-10-09T17:33:24.504228" level="INFO">Creating Session using : alias=CinemaApp, url=http://localhost:4173/api/v1, headers={},                     cookies={}, auth=None, timeout=None, proxies=None, verify=False,                     debug=0 </msg>
<arg>CinemaApp</arg>
<arg>${BASEURL}</arg>
<doc>Create Session: create a HTTP session to a server</doc>
<status status="PASS" start="2025-10-09T17:33:24.504109" elapsed="0.000257"/>
</kw>
<kw name="Gerar Novo Token" owner="token">
<kw name="Create Session" owner="RequestsLibrary">
<msg time="2025-10-09T17:33:24.504838" level="INFO">Creating Session using : alias=CinemaApp, url=http://localhost:4173/api/v1, headers={},                     cookies={}, auth=None, timeout=None, proxies=None, verify=False,                     debug=0 </msg>
<arg>CinemaApp</arg>
<arg>${BASEURL}</arg>
<doc>Create Session: create a HTTP session to a server</doc>
<status status="PASS" start="2025-10-09T17:33:24.504713" elapsed="0.000212"/>
</kw>
<kw name="Create Dictionary" owner="BuiltIn">
<msg time="2025-10-09T17:33:24.505211" level="INFO">${body} = {'email': 'example@example.com', 'password': 'password123'}</msg>
<var>${body}</var>
<arg>email=example@example.com</arg>
<arg>password=password123</arg>
<doc>Creates and returns a dictionary based on the given ``items``.</doc>
<status status="PASS" start="2025-10-09T17:33:24.505037" elapsed="0.000195"/>
</kw>
<kw name="POST On Session" owner="RequestsLibrary">
<msg time="2025-10-09T17:33:24.639520" level="INFO">POST Request : url=http://localhost:4173/api/v1/auth/login 
 path_url=/api/v1/auth/login 
 headers={'User-Agent': 'python-requests/2.32.5', 'Accept-Encoding': 'gzip, deflate', 'Accept': '*/*', 'Connection': 'keep-alive', 'Content-Length': '59', 'Content-Type': 'application/json'} 
 body=b'{"email": "example@example.com", "password": "password123"}' 
 </msg>
<msg time="2025-10-09T17:33:24.639569" level="INFO">POST Response : url=http://localhost:4173/api/v1/auth/login 
 status=200, reason=OK 
 headers={'Vary': 'Origin', 'x-powered-by': 'Express', 'access-control-allow-origin': '*', 'content-type': 'application/json; charset=utf-8', 'content-length': '306', 'etag': 'W/"132-Yab9hS1JKgeK1y3MQI6oCBkqkaE"', 'date': 'Thu, 09 Oct 2025 20:33:24 GMT', 'connection': 'close'} 
 body={"success":true,"data":{"_id":"68e56af995f05c1694d9568c","name":"Example User","email":"example@example.com","role":"user","token":"eyJhbGciOiJIUzI1NiIsInR5cCI6IkpXVCJ9.eyJpZCI6IjY4ZTU2YWY5OTVmMDVjMTY5NGQ5NTY4YyIsImlhdCI6MTc2MDA0MjAwNCwiZXhwIjoxNzYwMTI4NDA0fQ.gwoL0hcLf647Dikexo3Gnwa4erhwHzmy-XhAmowqcnw"}} 
 </msg>
<msg time="2025-10-09T17:33:24.639627" level="INFO">${response} = &lt;Response [200]&gt;</msg>
<var>${response}</var>
<arg>CinemaApp</arg>
<arg>/auth/login</arg>
<arg>json=${body}</arg>
<doc>Sends a POST request on a previously created HTTP Session.</doc>
<status status="PASS" start="2025-10-09T17:33:24.505332" elapsed="0.134308"/>
</kw>
<kw name="Should Be Equal As Integers" owner="BuiltIn">
<msg time="2025-10-09T17:33:24.640030" level="INFO">Argument types are:
&lt;class 'int'&gt;
&lt;class 'str'&gt;</msg>
<arg>${response.status_code}</arg>
<arg>200</arg>
<doc>Fails if objects are unequal after converting them to integers.</doc>
<status status="PASS" start="2025-10-09T17:33:24.639731" elapsed="0.000325"/>
</kw>
<kw name="Set Variable" owner="BuiltIn">
<msg time="2025-10-09T17:33:24.640290" level="INFO">${json} = {'success': True, 'data': {'_id': '68e56af995f05c1694d9568c', 'name': 'Example User', 'email': 'example@example.com', 'role': 'user', 'token': 'eyJhbGciOiJIUzI1NiIsInR5cCI6IkpXVCJ9.eyJpZCI6IjY4ZTU2YWY...</msg>
<var>${json}</var>
<arg>${response.json()}</arg>
<doc>Returns the given values which can then be assigned to a variables.</doc>
<status status="PASS" start="2025-10-09T17:33:24.640113" elapsed="0.000235"/>
</kw>
<kw name="Set Variable" owner="BuiltIn">
<msg time="2025-10-09T17:33:24.640559" level="INFO">${authorization} = eyJhbGciOiJIUzI1NiIsInR5cCI6IkpXVCJ9.eyJpZCI6IjY4ZTU2YWY5OTVmMDVjMTY5NGQ5NTY4YyIsImlhdCI6MTc2MDA0MjAwNCwiZXhwIjoxNzYwMTI4NDA0fQ.gwoL0hcLf647Dikexo3Gnwa4erhwHzmy-XhAmowqcnw</msg>
<var>${authorization}</var>
<arg>${json['data']['token']}</arg>
<doc>Returns the given values which can then be assigned to a variables.</doc>
<status status="PASS" start="2025-10-09T17:33:24.640400" elapsed="0.000170"/>
</kw>
<kw name="Set Variable" owner="BuiltIn">
<msg time="2025-10-09T17:33:24.640676" level="INFO">${TOKEN} = eyJhbGciOiJIUzI1NiIsInR5cCI6IkpXVCJ9.eyJpZCI6IjY4ZTU2YWY5OTVmMDVjMTY5NGQ5NTY4YyIsImlhdCI6MTc2MDA0MjAwNCwiZXhwIjoxNzYwMTI4NDA0fQ.gwoL0hcLf647Dikexo3Gnwa4erhwHzmy-XhAmowqcnw</msg>
<var>${TOKEN}</var>
<arg>${authorization}</arg>
<doc>Returns the given values which can then be assigned to a variables.</doc>
<status status="PASS" start="2025-10-09T17:33:24.640615" elapsed="0.000071"/>
</kw>
<return>
<value>${TOKEN}</value>
<status status="PASS" start="2025-10-09T17:33:24.640709" elapsed="0.000036"/>
</return>
<msg time="2025-10-09T17:33:24.640799" level="INFO">${BEARER} = eyJhbGciOiJIUzI1NiIsInR5cCI6IkpXVCJ9.eyJpZCI6IjY4ZTU2YWY5OTVmMDVjMTY5NGQ5NTY4YyIsImlhdCI6MTc2MDA0MjAwNCwiZXhwIjoxNzYwMTI4NDA0fQ.gwoL0hcLf647Dikexo3Gnwa4erhwHzmy-XhAmowqcnw</msg>
<var>${BEARER}</var>
<status status="PASS" start="2025-10-09T17:33:24.504513" elapsed="0.136296"/>
</kw>
<kw name="Create Dictionary" owner="BuiltIn">
<msg time="2025-10-09T17:33:24.640971" level="INFO">${headers} = {'Authorization': 'Bearer eyJhbGciOiJIUzI1NiIsInR5cCI6IkpXVCJ9.eyJpZCI6IjY4ZTU2YWY5OTVmMDVjMTY5NGQ5NTY4YyIsImlhdCI6MTc2MDA0MjAwNCwiZXhwIjoxNzYwMTI4NDA0fQ.gwoL0hcLf647Dikexo3Gnwa4erhwHzmy-XhAmowqcnw'}</msg>
<var>${headers}</var>
<arg>Authorization=Bearer ${BEARER}</arg>
<doc>Creates and returns a dictionary based on the given ``items``.</doc>
<status status="PASS" start="2025-10-09T17:33:24.640869" elapsed="0.000112"/>
</kw>
<kw name="POST On Session" owner="RequestsLibrary">
<msg time="2025-10-09T17:33:24.739423" level="INFO">POST Request : url=http://localhost:4173/api/v1/reservations 
 path_url=/api/v1/reservations 
 headers={'User-Agent': 'python-requests/2.32.5', 'Accept-Encoding': 'gzip, deflate', 'Accept': '*/*', 'Connection': 'keep-alive', 'Authorization': 'Bearer eyJhbGciOiJIUzI1NiIsInR5cCI6IkpXVCJ9.eyJpZCI6IjY4ZTU2YWY5OTVmMDVjMTY5NGQ5NTY4YyIsImlhdCI6MTc2MDA0MjAwNCwiZXhwIjoxNzYwMTI4NDA0fQ.gwoL0hcLf647Dikexo3Gnwa4erhwHzmy-XhAmowqcnw', 'Content-Length': '125', 'Content-Type': 'application/json'} 
 body=b'{"session": "68d7221901f2a8b02b208590", "seats": [{"row": "A", "number": 1, "type": "full"}], "paymentMethod": "credit_card"}' 
 </msg>
<msg time="2025-10-09T17:33:24.739468" level="INFO">POST Response : url=http://localhost:4173/api/v1/reservations 
 status=400, reason=Bad Request 
 headers={'Vary': 'Origin', 'x-powered-by': 'Express', 'access-control-allow-origin': '*', 'content-type': 'application/json; charset=utf-8', 'content-length': '71', 'etag': 'W/"47-v3Y+lFamntmxmhJZR9ybcoFMl6Q"', 'date': 'Thu, 09 Oct 2025 20:33:24 GMT', 'connection': 'close'} 
 body={"success":false,"message":"The following seats are not available: A1"} 
 </msg>
<msg time="2025-10-09T17:33:24.739525" level="INFO">${response} = &lt;Response [400]&gt;</msg>
<var>${response}</var>
<arg>CinemaApp</arg>
<arg>/reservations</arg>
<arg>json=${body}</arg>
<arg>headers=${headers}</arg>
<arg>expected_status=any</arg>
<doc>Sends a POST request on a previously created HTTP Session.</doc>
<status status="PASS" start="2025-10-09T17:33:24.641026" elapsed="0.098516"/>
</kw>
<kw name="Run Keyword If" owner="BuiltIn">
<kw name="Validar Falha na Requisição" owner="reservations_keywords">
<kw name="Convert To Integer" owner="BuiltIn">
<msg time="2025-10-09T17:33:24.740317" level="INFO">${status_code} = 400</msg>
<var>${status_code}</var>
<arg>${response.status_code}</arg>
<doc>Converts the given item to an integer number.</doc>
<status status="PASS" start="2025-10-09T17:33:24.740050" elapsed="0.000283"/>
</kw>
<kw name="Run Keyword And Continue On Failure" owner="BuiltIn">
<kw name="Should Be Equal As Integers" owner="BuiltIn">
<msg time="2025-10-09T17:33:24.740712" level="INFO">Argument types are:
&lt;class 'int'&gt;
&lt;class 'str'&gt;</msg>
<arg>${response.status_code}</arg>
<arg>400</arg>
<doc>Fails if objects are unequal after converting them to integers.</doc>
<status status="PASS" start="2025-10-09T17:33:24.740503" elapsed="0.000240"/>
</kw>
<arg>Should Be Equal As Integers</arg>
<arg>${response.status_code}</arg>
<arg>400</arg>
<doc>Runs the keyword and continues execution even if a failure occurs.</doc>
<status status="PASS" start="2025-10-09T17:33:24.740407" elapsed="0.000369"/>
</kw>
<arg>${response}</arg>
<status status="PASS" start="2025-10-09T17:33:24.739869" elapsed="0.000939"/>
</kw>
<arg>'${testcase}' == 'reservations01'</arg>
<arg>Validar Sucesso na Requisição</arg>
<arg>${response}</arg>
<arg>ELSE IF</arg>
<arg>'${testcase}' == 'reservations02'</arg>
<arg>Validar Falha na Requisição</arg>
<arg>${response}</arg>
<doc>Runs the given keyword with the given arguments, if ``condition`` is true.</doc>
<status status="PASS" start="2025-10-09T17:33:24.739641" elapsed="0.001194"/>
</kw>
<arg>reservations02</arg>
<status status="PASS" start="2025-10-09T17:33:24.500779" elapsed="0.240095"/>
</kw>
<tag>200</tag>
<tag>prioridade_alta</tag>
<tag>reservations</tag>
<status status="PASS" start="2025-10-09T17:33:24.498475" elapsed="0.242491"/>
</test>
<status status="FAIL" start="2025-10-09T17:33:20.772403" elapsed="3.971293"/>
</suite>
<statistics>
<total>
<stat pass="11" fail="2" skip="0">All Tests</stat>
</total>
<tag>
<stat pass="8" fail="0" skip="0">200</stat>
<stat pass="1" fail="0" skip="0">201</stat>
<stat pass="1" fail="1" skip="0">400</stat>
<stat pass="1" fail="0" skip="0">401</stat>
<stat pass="0" fail="1" skip="0">403</stat>
<stat pass="5" fail="2" skip="0">auth</stat>
<stat pass="1" fail="1" skip="0">login</stat>
<stat pass="2" fail="0" skip="0">me</stat>
<stat pass="2" fail="0" skip="0">movies</stat>
<stat pass="8" fail="0" skip="0">prioridade_alta</stat>
<stat pass="2" fail="0" skip="0">register</stat>
<stat pass="2" fail="0" skip="0">reservations</stat>
<stat pass="2" fail="0" skip="0">sessions</stat>
</tag>
<suite>
<stat name="Api Test" id="s1" pass="11" fail="2" skip="0">Api Test</stat>
</suite>
</statistics>
<errors>
</errors>
</robot>
