<?xml version="1.0" encoding="UTF-8"?>
<robot generator="Robot 7.3.2 (Python 3.13.7 on darwin)" generated="2025-10-07T16:36:23.075552" rpa="false" schemaversion="5">
<suite id="s1" name="Api Test" source="/Users/wesleylima/Documents/challenge-final/cinema_test/api_test.robot">
<test id="s1-t1" name="CT-AUTH-001" line="17">
<kw name="Criar Novo Usuário" owner="auth_register_keywords">
<kw name="Criar DataMass de Novo Usuário Dinâmico" owner="auth_register_keywords">
<kw name="First Name" owner="FakerLibrary">
<msg time="2025-10-07T16:36:23.223559" level="INFO">${NAME} = Michael</msg>
<var>${NAME}</var>
<status status="PASS" start="2025-10-07T16:36:23.223437" elapsed="0.000138"/>
</kw>
<kw name="Email" owner="FakerLibrary">
<msg time="2025-10-07T16:36:23.223788" level="INFO">${EMAIL} = josehunt@example.org</msg>
<var>${EMAIL}</var>
<status status="PASS" start="2025-10-07T16:36:23.223628" elapsed="0.000171"/>
</kw>
<kw name="Password" owner="FakerLibrary">
<msg time="2025-10-07T16:36:23.223909" level="INFO">${PASSWORD} = %9KtuUNn21</msg>
<var>${PASSWORD}</var>
<doc>Generate a random password of the specified ``length``.</doc>
<status status="PASS" start="2025-10-07T16:36:23.223843" elapsed="0.000076"/>
</kw>
<kw name="Create Dictionary" owner="BuiltIn">
<msg time="2025-10-07T16:36:23.224095" level="INFO">${DYNAMICPAYLOAD} = {'name': 'Michael', 'email': 'josehunt@example.org', 'password': '%9KtuUNn21'}</msg>
<var>${DYNAMICPAYLOAD}</var>
<arg>name=${NAME}</arg>
<arg>email=${EMAIL}</arg>
<arg>password=${PASSWORD}</arg>
<doc>Creates and returns a dictionary based on the given ``items``.</doc>
<status status="PASS" start="2025-10-07T16:36:23.223965" elapsed="0.000140"/>
</kw>
<return>
<value>${DYNAMICPAYLOAD}</value>
<status status="PASS" start="2025-10-07T16:36:23.224129" elapsed="0.000034"/>
</return>
<msg time="2025-10-07T16:36:23.224214" level="INFO">${dynamic} = {'name': 'Michael', 'email': 'josehunt@example.org', 'password': '%9KtuUNn21'}</msg>
<var>${dynamic}</var>
<status status="PASS" start="2025-10-07T16:36:23.222993" elapsed="0.001230"/>
</kw>
<kw name="Criar DataMass de Novo Usuário Estatico" owner="auth_register_keywords">
<kw name="Importar JSON estático" owner="config">
<kw name="Load Json From File" owner="JSONLibrary">
<msg time="2025-10-07T16:36:23.224586" level="INFO">${data} = {'user_valid': {}, 'user_repeated': {'name': 'Example User', 'email': 'example@example.com', 'password': 'password123'}}</msg>
<var>${data}</var>
<arg>${EXECDIR}/resources/json/${nome_arquivo}</arg>
<doc>Load JSON from file.</doc>
<status status="PASS" start="2025-10-07T16:36:23.224461" elapsed="0.000134"/>
</kw>
<return>
<value>${data}</value>
<status status="PASS" start="2025-10-07T16:36:23.224617" elapsed="0.000023"/>
</return>
<msg time="2025-10-07T16:36:23.224681" level="INFO">${json} = {'user_valid': {}, 'user_repeated': {'name': 'Example User', 'email': 'example@example.com', 'password': 'password123'}}</msg>
<var>${json}</var>
<arg>user.json</arg>
<status status="PASS" start="2025-10-07T16:36:23.224380" elapsed="0.000311"/>
</kw>
<kw name="Set Variable" owner="BuiltIn">
<msg time="2025-10-07T16:36:23.224918" level="INFO">${STATICPAYLOAD} = {}</msg>
<var>${STATICPAYLOAD}</var>
<arg>${json["${testcase}"]}</arg>
<doc>Returns the given values which can then be assigned to a variables.</doc>
<status status="PASS" start="2025-10-07T16:36:23.224731" elapsed="0.000196"/>
</kw>
<return>
<value>${STATICPAYLOAD}</value>
<status status="PASS" start="2025-10-07T16:36:23.224946" elapsed="0.000020"/>
</return>
<msg time="2025-10-07T16:36:23.225005" level="INFO">${static} = {}</msg>
<var>${static}</var>
<arg>${testcase}</arg>
<status status="PASS" start="2025-10-07T16:36:23.224279" elapsed="0.000734"/>
</kw>
<kw name="Copy Dictionary" owner="Collections">
<msg time="2025-10-07T16:36:23.225252" level="INFO">${body} = {'name': 'Michael', 'email': 'josehunt@example.org', 'password': '%9KtuUNn21'}</msg>
<var>${body}</var>
<arg>${dynamic}</arg>
<doc>Returns a copy of the given dictionary.</doc>
<status status="PASS" start="2025-10-07T16:36:23.225051" elapsed="0.000210"/>
</kw>
<kw name="Set To Dictionary" owner="Collections">
<arg>${body}</arg>
<arg>&amp;{static}</arg>
<doc>Adds the given ``key_value_pairs`` and/or ``items`` to the ``dictionary``.</doc>
<status status="PASS" start="2025-10-07T16:36:23.225300" elapsed="0.000061"/>
</kw>
<kw name="Log To Console" owner="BuiltIn">
<arg>\nPayload: ${body}</arg>
<doc>Logs the given message to the console.</doc>
<status status="PASS" start="2025-10-07T16:36:23.225398" elapsed="0.000066"/>
</kw>
<kw name="Create Session" owner="RequestsLibrary">
<msg time="2025-10-07T16:36:23.225564" level="INFO">Creating Session using : alias=CinemaApp, url=http://localhost:4173/api/v1, headers={},                     cookies={}, auth=None, timeout=None, proxies=None, verify=False,                     debug=0 </msg>
<arg>CinemaApp</arg>
<arg>${BASEURL}</arg>
<doc>Create Session: create a HTTP session to a server</doc>
<status status="PASS" start="2025-10-07T16:36:23.225511" elapsed="0.000121"/>
</kw>
<kw name="POST On Session" owner="RequestsLibrary">
<msg time="2025-10-07T16:36:23.409774" level="INFO">POST Request : url=http://localhost:4173/api/v1/auth/register 
 path_url=/api/v1/auth/register 
 headers={'User-Agent': 'python-requests/2.32.5', 'Accept-Encoding': 'gzip, deflate', 'Accept': '*/*', 'Connection': 'keep-alive', 'Content-Length': '78', 'Content-Type': 'application/json'} 
 body=b'{"name": "Michael", "email": "josehunt@example.org", "password": "%9KtuUNn21"}' 
 </msg>
<msg time="2025-10-07T16:36:23.409846" level="INFO">POST Response : url=http://localhost:4173/api/v1/auth/register 
 status=201, reason=Created 
 headers={'Vary': 'Origin', 'x-powered-by': 'Express', 'access-control-allow-origin': '*', 'content-type': 'application/json; charset=utf-8', 'content-length': '302', 'etag': 'W/"12e-EmwEVBFmFcDQbU9E5QbFXHYImQs"', 'date': 'Tue, 07 Oct 2025 19:36:23 GMT', 'connection': 'close'} 
 body={"success":true,"data":{"_id":"68e56bb795f05c1694d956a8","name":"Michael","email":"josehunt@example.org","role":"user","token":"eyJhbGciOiJIUzI1NiIsInR5cCI6IkpXVCJ9.eyJpZCI6IjY4ZTU2YmI3OTVmMDVjMTY5NGQ5NTZhOCIsImlhdCI6MTc1OTg2NTc4MywiZXhwIjoxNzU5OTUyMTgzfQ.iCiPUGdVqFUUWkA96DmD2vNkbmvH0yY0OFJjoqcs5yo"}} 
 </msg>
<msg time="2025-10-07T16:36:23.409926" level="INFO">${response} = &lt;Response [201]&gt;</msg>
<var>${response}</var>
<arg>CinemaApp</arg>
<arg>/auth/register</arg>
<arg>json=${body}</arg>
<arg>expected_status=any</arg>
<doc>Sends a POST request on a previously created HTTP Session.</doc>
<status status="PASS" start="2025-10-07T16:36:23.225673" elapsed="0.184269"/>
</kw>
<kw name="Run Keyword If" owner="BuiltIn">
<kw name="Validar Sucesso No Cadastro" owner="auth_register_keywords">
<kw name="Run Keyword And Continue On Failure" owner="BuiltIn">
<kw name="Should Be Equal As Integers" owner="BuiltIn">
<msg time="2025-10-07T16:36:23.410806" level="INFO">Argument types are:
&lt;class 'int'&gt;
&lt;class 'str'&gt;</msg>
<arg>${response.status_code}</arg>
<arg>201</arg>
<doc>Fails if objects are unequal after converting them to integers.</doc>
<status status="PASS" start="2025-10-07T16:36:23.410587" elapsed="0.000252"/>
</kw>
<arg>Should Be Equal As Integers</arg>
<arg>${response.status_code}</arg>
<arg>201</arg>
<doc>Runs the keyword and continues execution even if a failure occurs.</doc>
<status status="PASS" start="2025-10-07T16:36:23.410506" elapsed="0.000366"/>
</kw>
<arg>${response}</arg>
<status status="PASS" start="2025-10-07T16:36:23.410343" elapsed="0.000560"/>
</kw>
<arg>'${testcase}' == 'user_valid'</arg>
<arg>Validar Sucesso No Cadastro</arg>
<arg>${response}</arg>
<arg>ELSE IF</arg>
<arg>'${testcase}' != 'user_valid'</arg>
<arg>Validar Falha No Cadastro</arg>
<arg>${response}</arg>
<doc>Runs the given keyword with the given arguments, if ``condition`` is true.</doc>
<status status="PASS" start="2025-10-07T16:36:23.410072" elapsed="0.000853"/>
</kw>
<kw name="Log" owner="BuiltIn">
<msg time="2025-10-07T16:36:23.411226" level="INFO">Mensagem de status: {'success': True, 'data': {'_id': '68e56bb795f05c1694d956a8', 'name': 'Michael', 'email': 'josehunt@example.org', 'role': 'user', 'token': 'eyJhbGciOiJIUzI1NiIsInR5cCI6IkpXVCJ9.eyJpZCI6IjY4ZTU2YmI3OTVmMDVjMTY5NGQ5NTZhOCIsImlhdCI6MTc1OTg2NTc4MywiZXhwIjoxNzU5OTUyMTgzfQ.iCiPUGdVqFUUWkA96DmD2vNkbmvH0yY0OFJjoqcs5yo'}}</msg>
<arg>Mensagem de status: ${response.json()}</arg>
<arg>console=True</arg>
<doc>Logs the given message with the given level.</doc>
<status status="PASS" start="2025-10-07T16:36:23.410983" elapsed="0.000342"/>
</kw>
<kw name="Log To Console" owner="BuiltIn">
<arg>Status code: ${response.status_code}</arg>
<doc>Logs the given message to the console.</doc>
<status status="PASS" start="2025-10-07T16:36:23.411385" elapsed="0.000190"/>
</kw>
<arg>user_valid</arg>
<status status="PASS" start="2025-10-07T16:36:23.222836" elapsed="0.188769"/>
</kw>
<msg time="2025-10-07T16:36:23.427278" level="INFO">Starting Browser process /Library/Frameworks/Python.framework/Versions/3.13/lib/python3.13/site-packages/Browser/wrapper/index.js using at 127.0.0.1:49211</msg>
<tag>201</tag>
<tag>register</tag>
<tag>valid</tag>
<status status="PASS" start="2025-10-07T16:36:23.222547" elapsed="0.189141"/>
</test>
<test id="s1-t2" name="CT-AUTH-002" line="21">
<kw name="Criar Novo Usuário" owner="auth_register_keywords">
<kw name="Criar DataMass de Novo Usuário Dinâmico" owner="auth_register_keywords">
<kw name="First Name" owner="FakerLibrary">
<msg time="2025-10-07T16:36:24.672831" level="INFO">${NAME} = Jenna</msg>
<var>${NAME}</var>
<status status="PASS" start="2025-10-07T16:36:24.672352" elapsed="0.000524"/>
</kw>
<kw name="Email" owner="FakerLibrary">
<msg time="2025-10-07T16:36:24.673395" level="INFO">${EMAIL} = devin62@example.net</msg>
<var>${EMAIL}</var>
<status status="PASS" start="2025-10-07T16:36:24.673033" elapsed="0.000392"/>
</kw>
<kw name="Password" owner="FakerLibrary">
<msg time="2025-10-07T16:36:24.673719" level="INFO">${PASSWORD} = s4GL$8uT*k</msg>
<var>${PASSWORD}</var>
<doc>Generate a random password of the specified ``length``.</doc>
<status status="PASS" start="2025-10-07T16:36:24.673543" elapsed="0.000199"/>
</kw>
<kw name="Create Dictionary" owner="BuiltIn">
<msg time="2025-10-07T16:36:24.674195" level="INFO">${DYNAMICPAYLOAD} = {'name': 'Jenna', 'email': 'devin62@example.net', 'password': 's4GL$8uT*k'}</msg>
<var>${DYNAMICPAYLOAD}</var>
<arg>name=${NAME}</arg>
<arg>email=${EMAIL}</arg>
<arg>password=${PASSWORD}</arg>
<doc>Creates and returns a dictionary based on the given ``items``.</doc>
<status status="PASS" start="2025-10-07T16:36:24.673873" elapsed="0.000346"/>
</kw>
<return>
<value>${DYNAMICPAYLOAD}</value>
<status status="PASS" start="2025-10-07T16:36:24.674281" elapsed="0.000088"/>
</return>
<msg time="2025-10-07T16:36:24.674481" level="INFO">${dynamic} = {'name': 'Jenna', 'email': 'devin62@example.net', 'password': 's4GL$8uT*k'}</msg>
<var>${dynamic}</var>
<status status="PASS" start="2025-10-07T16:36:24.672013" elapsed="0.002491"/>
</kw>
<kw name="Criar DataMass de Novo Usuário Estatico" owner="auth_register_keywords">
<kw name="Importar JSON estático" owner="config">
<kw name="Load Json From File" owner="JSONLibrary">
<msg time="2025-10-07T16:36:24.675527" level="INFO">${data} = {'user_valid': {}, 'user_repeated': {'name': 'Example User', 'email': 'example@example.com', 'password': 'password123'}}</msg>
<var>${data}</var>
<arg>${EXECDIR}/resources/json/${nome_arquivo}</arg>
<doc>Load JSON from file.</doc>
<status status="PASS" start="2025-10-07T16:36:24.675104" elapsed="0.000448"/>
</kw>
<return>
<value>${data}</value>
<status status="PASS" start="2025-10-07T16:36:24.675599" elapsed="0.000053"/>
</return>
<msg time="2025-10-07T16:36:24.675748" level="INFO">${json} = {'user_valid': {}, 'user_repeated': {'name': 'Example User', 'email': 'example@example.com', 'password': 'password123'}}</msg>
<var>${json}</var>
<arg>user.json</arg>
<status status="PASS" start="2025-10-07T16:36:24.674902" elapsed="0.000867"/>
</kw>
<kw name="Set Variable" owner="BuiltIn">
<msg time="2025-10-07T16:36:24.676382" level="INFO">${STATICPAYLOAD} = {'name': 'Example User', 'email': 'example@example.com', 'password': 'password123'}</msg>
<var>${STATICPAYLOAD}</var>
<arg>${json["${testcase}"]}</arg>
<doc>Returns the given values which can then be assigned to a variables.</doc>
<status status="PASS" start="2025-10-07T16:36:24.675870" elapsed="0.000537"/>
</kw>
<return>
<value>${STATICPAYLOAD}</value>
<status status="PASS" start="2025-10-07T16:36:24.676453" elapsed="0.000048"/>
</return>
<msg time="2025-10-07T16:36:24.676594" level="INFO">${static} = {'name': 'Example User', 'email': 'example@example.com', 'password': 'password123'}</msg>
<var>${static}</var>
<arg>${testcase}</arg>
<status status="PASS" start="2025-10-07T16:36:24.674640" elapsed="0.001975"/>
</kw>
<kw name="Copy Dictionary" owner="Collections">
<msg time="2025-10-07T16:36:24.676880" level="INFO">${body} = {'name': 'Jenna', 'email': 'devin62@example.net', 'password': 's4GL$8uT*k'}</msg>
<var>${body}</var>
<arg>${dynamic}</arg>
<doc>Returns a copy of the given dictionary.</doc>
<status status="PASS" start="2025-10-07T16:36:24.676715" elapsed="0.000188"/>
</kw>
<kw name="Set To Dictionary" owner="Collections">
<arg>${body}</arg>
<arg>&amp;{static}</arg>
<doc>Adds the given ``key_value_pairs`` and/or ``items`` to the ``dictionary``.</doc>
<status status="PASS" start="2025-10-07T16:36:24.677001" elapsed="0.000158"/>
</kw>
<kw name="Log To Console" owner="BuiltIn">
<arg>\nPayload: ${body}</arg>
<doc>Logs the given message to the console.</doc>
<status status="PASS" start="2025-10-07T16:36:24.677259" elapsed="0.000188"/>
</kw>
<kw name="Create Session" owner="RequestsLibrary">
<msg time="2025-10-07T16:36:24.677695" level="INFO">Creating Session using : alias=CinemaApp, url=http://localhost:4173/api/v1, headers={},                     cookies={}, auth=None, timeout=None, proxies=None, verify=False,                     debug=0 </msg>
<arg>CinemaApp</arg>
<arg>${BASEURL}</arg>
<doc>Create Session: create a HTTP session to a server</doc>
<status status="PASS" start="2025-10-07T16:36:24.677551" elapsed="0.000395"/>
</kw>
<kw name="POST On Session" owner="RequestsLibrary">
<msg time="2025-10-07T16:36:24.737200" level="INFO">POST Request : url=http://localhost:4173/api/v1/auth/register 
 path_url=/api/v1/auth/register 
 headers={'User-Agent': 'python-requests/2.32.5', 'Accept-Encoding': 'gzip, deflate', 'Accept': '*/*', 'Connection': 'keep-alive', 'Content-Length': '83', 'Content-Type': 'application/json'} 
 body=b'{"name": "Example User", "email": "example@example.com", "password": "password123"}' 
 </msg>
<msg time="2025-10-07T16:36:24.737309" level="INFO">POST Response : url=http://localhost:4173/api/v1/auth/register 
 status=400, reason=Bad Request 
 headers={'Vary': 'Origin', 'x-powered-by': 'Express', 'access-control-allow-origin': '*', 'content-type': 'application/json; charset=utf-8', 'content-length': '49', 'etag': 'W/"31-WKEMg8zALB1Ko0WjUHi/6RBGHVc"', 'date': 'Tue, 07 Oct 2025 19:36:24 GMT', 'connection': 'close'} 
 body={"success":false,"message":"User already exists"} 
 </msg>
<msg time="2025-10-07T16:36:24.737463" level="INFO">${response} = &lt;Response [400]&gt;</msg>
<var>${response}</var>
<arg>CinemaApp</arg>
<arg>/auth/register</arg>
<arg>json=${body}</arg>
<arg>expected_status=any</arg>
<doc>Sends a POST request on a previously created HTTP Session.</doc>
<status status="PASS" start="2025-10-07T16:36:24.678048" elapsed="0.059452"/>
</kw>
<kw name="Run Keyword If" owner="BuiltIn">
<kw name="Validar Falha No Cadastro" owner="auth_register_keywords">
<kw name="Run Keyword And Continue On Failure" owner="BuiltIn">
<kw name="Should Be Equal As Integers" owner="BuiltIn">
<msg time="2025-10-07T16:36:24.739305" level="INFO">Argument types are:
&lt;class 'int'&gt;
&lt;class 'str'&gt;</msg>
<arg>${response.status_code}</arg>
<arg>400</arg>
<doc>Fails if objects are unequal after converting them to integers.</doc>
<status status="PASS" start="2025-10-07T16:36:24.738846" elapsed="0.000527"/>
</kw>
<arg>Should Be Equal As Integers</arg>
<arg>${response.status_code}</arg>
<arg>400</arg>
<doc>Runs the keyword and continues execution even if a failure occurs.</doc>
<status status="PASS" start="2025-10-07T16:36:24.738666" elapsed="0.000780"/>
</kw>
<arg>${response}</arg>
<status status="PASS" start="2025-10-07T16:36:24.738323" elapsed="0.001189"/>
</kw>
<arg>'${testcase}' == 'user_valid'</arg>
<arg>Validar Sucesso No Cadastro</arg>
<arg>${response}</arg>
<arg>ELSE IF</arg>
<arg>'${testcase}' != 'user_valid'</arg>
<arg>Validar Falha No Cadastro</arg>
<arg>${response}</arg>
<doc>Runs the given keyword with the given arguments, if ``condition`` is true.</doc>
<status status="PASS" start="2025-10-07T16:36:24.737733" elapsed="0.001827"/>
</kw>
<kw name="Log" owner="BuiltIn">
<msg time="2025-10-07T16:36:24.740227" level="INFO">Mensagem de status: {'success': False, 'message': 'User already exists'}</msg>
<arg>Mensagem de status: ${response.json()}</arg>
<arg>console=True</arg>
<doc>Logs the given message with the given level.</doc>
<status status="PASS" start="2025-10-07T16:36:24.739773" elapsed="0.000521"/>
</kw>
<kw name="Log To Console" owner="BuiltIn">
<arg>Status code: ${response.status_code}</arg>
<doc>Logs the given message to the console.</doc>
<status status="PASS" start="2025-10-07T16:36:24.740399" elapsed="0.000339"/>
</kw>
<arg>user_repeated</arg>
<status status="PASS" start="2025-10-07T16:36:24.671334" elapsed="0.069461"/>
</kw>
<tag>400</tag>
<tag>register</tag>
<tag>repeated</tag>
<status status="PASS" start="2025-10-07T16:36:24.667273" elapsed="0.073659"/>
</test>
<test id="s1-t3" name="CT-AUTH-003" line="25">
<kw name="Fazer Login" owner="auth_login_keywords">
<kw name="Create Dictionary" owner="BuiltIn">
<msg time="2025-10-07T16:36:24.748735" level="INFO">${body} = {}</msg>
<var>${body}</var>
<doc>Creates and returns a dictionary based on the given ``items``.</doc>
<status status="PASS" start="2025-10-07T16:36:24.748587" elapsed="0.000169"/>
</kw>
<kw name="Criar DataMass de Login Estático" owner="auth_login_keywords">
<kw name="Importar JSON estático" owner="config">
<kw name="Load Json From File" owner="JSONLibrary">
<msg time="2025-10-07T16:36:24.749605" level="INFO">${data} = {'login_valid': {'email': 'example@example.com', 'password': 'password123'}, 'login_invalid': {'email': 'example@example.com', 'password': 'password456'}}</msg>
<var>${data}</var>
<arg>${EXECDIR}/resources/json/${nome_arquivo}</arg>
<doc>Load JSON from file.</doc>
<status status="PASS" start="2025-10-07T16:36:24.749265" elapsed="0.000361"/>
</kw>
<return>
<value>${data}</value>
<status status="PASS" start="2025-10-07T16:36:24.749673" elapsed="0.000062"/>
</return>
<msg time="2025-10-07T16:36:24.749829" level="INFO">${json} = {'login_valid': {'email': 'example@example.com', 'password': 'password123'}, 'login_invalid': {'email': 'example@example.com', 'password': 'password456'}}</msg>
<var>${json}</var>
<arg>login.json</arg>
<status status="PASS" start="2025-10-07T16:36:24.749088" elapsed="0.000759"/>
</kw>
<kw name="Set Variable" owner="BuiltIn">
<msg time="2025-10-07T16:36:24.750259" level="INFO">${testcase_data} = {'email': 'example@example.com', 'password': 'password123'}</msg>
<var>${testcase_data}</var>
<arg>${json["${testcase}"]}</arg>
<doc>Returns the given values which can then be assigned to a variables.</doc>
<status status="PASS" start="2025-10-07T16:36:24.749933" elapsed="0.000346"/>
</kw>
<kw name="Create Dictionary" owner="BuiltIn">
<msg time="2025-10-07T16:36:24.750874" level="INFO">${payload_login} = {'email': 'example@example.com', 'password': 'password123'}</msg>
<var>${payload_login}</var>
<arg>email=${testcase_data["email"]}</arg>
<arg>password=${testcase_data["password"]}</arg>
<doc>Creates and returns a dictionary based on the given ``items``.</doc>
<status status="PASS" start="2025-10-07T16:36:24.750367" elapsed="0.000527"/>
</kw>
<return>
<value>${payload_login}</value>
<status status="PASS" start="2025-10-07T16:36:24.750937" elapsed="0.000042"/>
</return>
<msg time="2025-10-07T16:36:24.751067" level="INFO">${body} = {'email': 'example@example.com', 'password': 'password123'}</msg>
<var>${body}</var>
<arg>${testcase}</arg>
<status status="PASS" start="2025-10-07T16:36:24.748878" elapsed="0.002207"/>
</kw>
<kw name="Create Session" owner="RequestsLibrary">
<msg time="2025-10-07T16:36:24.751271" level="INFO">Creating Session using : alias=CinemaApp, url=http://localhost:4173/api/v1, headers={},                     cookies={}, auth=None, timeout=None, proxies=None, verify=False,                     debug=0 </msg>
<arg>CinemaApp</arg>
<arg>${BASEURL}</arg>
<doc>Create Session: create a HTTP session to a server</doc>
<status status="PASS" start="2025-10-07T16:36:24.751167" elapsed="0.000215"/>
</kw>
<kw name="POST On Session" owner="RequestsLibrary">
<msg time="2025-10-07T16:36:24.890420" level="INFO">POST Request : url=http://localhost:4173/api/v1/auth/login 
 path_url=/api/v1/auth/login 
 headers={'User-Agent': 'python-requests/2.32.5', 'Accept-Encoding': 'gzip, deflate', 'Accept': '*/*', 'Connection': 'keep-alive', 'Content-Length': '59', 'Content-Type': 'application/json'} 
 body=b'{"email": "example@example.com", "password": "password123"}' 
 </msg>
<msg time="2025-10-07T16:36:24.890468" level="INFO">POST Response : url=http://localhost:4173/api/v1/auth/login 
 status=200, reason=OK 
 headers={'Vary': 'Origin', 'x-powered-by': 'Express', 'access-control-allow-origin': '*', 'content-type': 'application/json; charset=utf-8', 'content-length': '306', 'etag': 'W/"132-qJOCbpCNg2MvNMkhIE9UeLMUsTo"', 'date': 'Tue, 07 Oct 2025 19:36:24 GMT', 'connection': 'close'} 
 body={"success":true,"data":{"_id":"68e56af995f05c1694d9568c","name":"Example User","email":"example@example.com","role":"user","token":"eyJhbGciOiJIUzI1NiIsInR5cCI6IkpXVCJ9.eyJpZCI6IjY4ZTU2YWY5OTVmMDVjMTY5NGQ5NTY4YyIsImlhdCI6MTc1OTg2NTc4NCwiZXhwIjoxNzU5OTUyMTg0fQ.H483_bRCcMP2JE6M1wNqKPGO9_pBah3HjYUa4l_Npxk"}} 
 </msg>
<msg time="2025-10-07T16:36:24.890541" level="INFO">${response} = &lt;Response [200]&gt;</msg>
<var>${response}</var>
<arg>CinemaApp</arg>
<arg>/auth/login</arg>
<arg>json=${body}</arg>
<arg>expected_status=any</arg>
<doc>Sends a POST request on a previously created HTTP Session.</doc>
<status status="PASS" start="2025-10-07T16:36:24.751464" elapsed="0.139089"/>
</kw>
<kw name="Run Keyword If" owner="BuiltIn">
<kw name="Validar Sucesso No Login" owner="auth_login_keywords">
<kw name="Run Keyword And Continue On Failure" owner="BuiltIn">
<kw name="Should Be Equal As Integers" owner="BuiltIn">
<msg time="2025-10-07T16:36:24.891250" level="INFO">Argument types are:
&lt;class 'int'&gt;
&lt;class 'str'&gt;</msg>
<arg>${response.status_code}</arg>
<arg>200</arg>
<doc>Fails if objects are unequal after converting them to integers.</doc>
<status status="PASS" start="2025-10-07T16:36:24.891067" elapsed="0.000204"/>
</kw>
<arg>Should Be Equal As Integers</arg>
<arg>${response.status_code}</arg>
<arg>200</arg>
<doc>Runs the keyword and continues execution even if a failure occurs.</doc>
<status status="PASS" start="2025-10-07T16:36:24.891003" elapsed="0.000292"/>
</kw>
<arg>${response}</arg>
<status status="PASS" start="2025-10-07T16:36:24.890877" elapsed="0.000440"/>
</kw>
<arg>'${testcase}' == 'login_valid'</arg>
<arg>Validar Sucesso No Login</arg>
<arg>${response}</arg>
<arg>ELSE IF</arg>
<arg>'${testcase}' != 'login_valid'</arg>
<arg>Validar Falha No Login</arg>
<arg>${response}</arg>
<doc>Runs the given keyword with the given arguments, if ``condition`` is true.</doc>
<status status="PASS" start="2025-10-07T16:36:24.890661" elapsed="0.000675"/>
</kw>
<arg>login_valid</arg>
<status status="PASS" start="2025-10-07T16:36:24.748360" elapsed="0.142999"/>
</kw>
<tag>200</tag>
<tag>login</tag>
<tag>valid</tag>
<status status="PASS" start="2025-10-07T16:36:24.746215" elapsed="0.145209"/>
</test>
<test id="s1-t4" name="CT-AUTH-004" line="29">
<kw name="Fazer Login" owner="auth_login_keywords">
<kw name="Create Dictionary" owner="BuiltIn">
<msg time="2025-10-07T16:36:24.894950" level="INFO">${body} = {}</msg>
<var>${body}</var>
<doc>Creates and returns a dictionary based on the given ``items``.</doc>
<status status="PASS" start="2025-10-07T16:36:24.894888" elapsed="0.000072"/>
</kw>
<kw name="Criar DataMass de Login Estático" owner="auth_login_keywords">
<kw name="Importar JSON estático" owner="config">
<kw name="Load Json From File" owner="JSONLibrary">
<msg time="2025-10-07T16:36:24.895348" level="INFO">${data} = {'login_valid': {'email': 'example@example.com', 'password': 'password123'}, 'login_invalid': {'email': 'example@example.com', 'password': 'password456'}}</msg>
<var>${data}</var>
<arg>${EXECDIR}/resources/json/${nome_arquivo}</arg>
<doc>Load JSON from file.</doc>
<status status="PASS" start="2025-10-07T16:36:24.895203" elapsed="0.000180"/>
</kw>
<return>
<value>${data}</value>
<status status="PASS" start="2025-10-07T16:36:24.895406" elapsed="0.000031"/>
</return>
<msg time="2025-10-07T16:36:24.895483" level="INFO">${json} = {'login_valid': {'email': 'example@example.com', 'password': 'password123'}, 'login_invalid': {'email': 'example@example.com', 'password': 'password456'}}</msg>
<var>${json}</var>
<arg>login.json</arg>
<status status="PASS" start="2025-10-07T16:36:24.895120" elapsed="0.000373"/>
</kw>
<kw name="Set Variable" owner="BuiltIn">
<msg time="2025-10-07T16:36:24.895693" level="INFO">${testcase_data} = {'email': 'example@example.com', 'password': 'password456'}</msg>
<var>${testcase_data}</var>
<arg>${json["${testcase}"]}</arg>
<doc>Returns the given values which can then be assigned to a variables.</doc>
<status status="PASS" start="2025-10-07T16:36:24.895535" elapsed="0.000168"/>
</kw>
<kw name="Create Dictionary" owner="BuiltIn">
<msg time="2025-10-07T16:36:24.895995" level="INFO">${payload_login} = {'email': 'example@example.com', 'password': 'password456'}</msg>
<var>${payload_login}</var>
<arg>email=${testcase_data["email"]}</arg>
<arg>password=${testcase_data["password"]}</arg>
<doc>Creates and returns a dictionary based on the given ``items``.</doc>
<status status="PASS" start="2025-10-07T16:36:24.895746" elapsed="0.000259"/>
</kw>
<return>
<value>${payload_login}</value>
<status status="PASS" start="2025-10-07T16:36:24.896026" elapsed="0.000021"/>
</return>
<msg time="2025-10-07T16:36:24.896091" level="INFO">${body} = {'email': 'example@example.com', 'password': 'password456'}</msg>
<var>${body}</var>
<arg>${testcase}</arg>
<status status="PASS" start="2025-10-07T16:36:24.895016" elapsed="0.001084"/>
</kw>
<kw name="Create Session" owner="RequestsLibrary">
<msg time="2025-10-07T16:36:24.896192" level="INFO">Creating Session using : alias=CinemaApp, url=http://localhost:4173/api/v1, headers={},                     cookies={}, auth=None, timeout=None, proxies=None, verify=False,                     debug=0 </msg>
<arg>CinemaApp</arg>
<arg>${BASEURL}</arg>
<doc>Create Session: create a HTTP session to a server</doc>
<status status="PASS" start="2025-10-07T16:36:24.896141" elapsed="0.000098"/>
</kw>
<kw name="POST On Session" owner="RequestsLibrary">
<msg time="2025-10-07T16:36:25.014071" level="INFO">POST Request : url=http://localhost:4173/api/v1/auth/login 
 path_url=/api/v1/auth/login 
 headers={'User-Agent': 'python-requests/2.32.5', 'Accept-Encoding': 'gzip, deflate', 'Accept': '*/*', 'Connection': 'keep-alive', 'Content-Length': '59', 'Content-Type': 'application/json'} 
 body=b'{"email": "example@example.com", "password": "password456"}' 
 </msg>
<msg time="2025-10-07T16:36:25.014099" level="INFO">POST Response : url=http://localhost:4173/api/v1/auth/login 
 status=401, reason=Unauthorized 
 headers={'Vary': 'Origin', 'x-powered-by': 'Express', 'access-control-allow-origin': '*', 'content-type': 'application/json; charset=utf-8', 'content-length': '55', 'etag': 'W/"37-5uDpJTljPBecOPs/j7OXFdPRcmQ"', 'date': 'Tue, 07 Oct 2025 19:36:24 GMT', 'connection': 'close'} 
 body={"success":false,"message":"Invalid email or password"} 
 </msg>
<msg time="2025-10-07T16:36:25.014136" level="INFO">${response} = &lt;Response [401]&gt;</msg>
<var>${response}</var>
<arg>CinemaApp</arg>
<arg>/auth/login</arg>
<arg>json=${body}</arg>
<arg>expected_status=any</arg>
<doc>Sends a POST request on a previously created HTTP Session.</doc>
<status status="PASS" start="2025-10-07T16:36:24.896280" elapsed="0.117864"/>
</kw>
<kw name="Run Keyword If" owner="BuiltIn">
<kw name="Validar Falha No Login" owner="auth_login_keywords">
<kw name="Run Keyword And Continue On Failure" owner="BuiltIn">
<kw name="Should Be Equal As Integers" owner="BuiltIn">
<msg time="2025-10-07T16:36:25.014634" level="INFO">Argument types are:
&lt;class 'int'&gt;
&lt;class 'str'&gt;</msg>
<msg time="2025-10-07T16:36:25.014697" level="FAIL">401 != 400</msg>
<arg>${response.status_code}</arg>
<arg>400</arg>
<doc>Fails if objects are unequal after converting them to integers.</doc>
<status status="FAIL" start="2025-10-07T16:36:25.014503" elapsed="0.000307">401 != 400</status>
</kw>
<arg>Should Be Equal As Integers</arg>
<arg>${response.status_code}</arg>
<arg>400</arg>
<doc>Runs the keyword and continues execution even if a failure occurs.</doc>
<status status="FAIL" start="2025-10-07T16:36:25.014448" elapsed="0.000392">401 != 400</status>
</kw>
<arg>${response}</arg>
<status status="FAIL" start="2025-10-07T16:36:25.014349" elapsed="0.000539">401 != 400</status>
</kw>
<arg>'${testcase}' == 'login_valid'</arg>
<arg>Validar Sucesso No Login</arg>
<arg>${response}</arg>
<arg>ELSE IF</arg>
<arg>'${testcase}' != 'login_valid'</arg>
<arg>Validar Falha No Login</arg>
<arg>${response}</arg>
<doc>Runs the given keyword with the given arguments, if ``condition`` is true.</doc>
<status status="FAIL" start="2025-10-07T16:36:25.014209" elapsed="0.000698">401 != 400</status>
</kw>
<arg>login_invalid</arg>
<status status="FAIL" start="2025-10-07T16:36:24.894780" elapsed="0.120160">401 != 400</status>
</kw>
<tag>400</tag>
<tag>invalid</tag>
<tag>login</tag>
<status status="FAIL" start="2025-10-07T16:36:24.893898" elapsed="0.121122">401 != 400</status>
</test>
<test id="s1-t5" name="CT-AUTH-005" line="33">
<kw name="Obter Informações do Usuário" owner="auth_me_keywords">
<kw name="Set Variable" owner="BuiltIn">
<msg time="2025-10-07T16:36:25.017769" level="INFO">${BEARER} = ''</msg>
<var>${BEARER}</var>
<arg>''</arg>
<doc>Returns the given values which can then be assigned to a variables.</doc>
<status status="PASS" start="2025-10-07T16:36:25.017712" elapsed="0.000068"/>
</kw>
<if>
<branch type="IF" condition="'${testcase}' == 'token_valid'">
<kw name="Gerar Novo Token" owner="token">
<kw name="Create Session" owner="RequestsLibrary">
<msg time="2025-10-07T16:36:25.018063" level="INFO">Creating Session using : alias=CinemaApp, url=http://localhost:4173/api/v1, headers={},                     cookies={}, auth=None, timeout=None, proxies=None, verify=False,                     debug=0 </msg>
<arg>CinemaApp</arg>
<arg>${BASEURL}</arg>
<doc>Create Session: create a HTTP session to a server</doc>
<status status="PASS" start="2025-10-07T16:36:25.018008" elapsed="0.000105"/>
</kw>
<kw name="Create Dictionary" owner="BuiltIn">
<msg time="2025-10-07T16:36:25.018228" level="INFO">${body} = {'email': 'example@example.com', 'password': 'password123'}</msg>
<var>${body}</var>
<arg>email=example@example.com</arg>
<arg>password=password123</arg>
<doc>Creates and returns a dictionary based on the given ``items``.</doc>
<status status="PASS" start="2025-10-07T16:36:25.018159" elapsed="0.000078"/>
</kw>
<kw name="POST On Session" owner="RequestsLibrary">
<msg time="2025-10-07T16:36:25.132248" level="INFO">POST Request : url=http://localhost:4173/api/v1/auth/login 
 path_url=/api/v1/auth/login 
 headers={'User-Agent': 'python-requests/2.32.5', 'Accept-Encoding': 'gzip, deflate', 'Accept': '*/*', 'Connection': 'keep-alive', 'Content-Length': '59', 'Content-Type': 'application/json'} 
 body=b'{"email": "example@example.com", "password": "password123"}' 
 </msg>
<msg time="2025-10-07T16:36:25.132285" level="INFO">POST Response : url=http://localhost:4173/api/v1/auth/login 
 status=200, reason=OK 
 headers={'Vary': 'Origin', 'x-powered-by': 'Express', 'access-control-allow-origin': '*', 'content-type': 'application/json; charset=utf-8', 'content-length': '306', 'etag': 'W/"132-SgBMINcN3nLEA7djszmceBko/cE"', 'date': 'Tue, 07 Oct 2025 19:36:25 GMT', 'connection': 'close'} 
 body={"success":true,"data":{"_id":"68e56af995f05c1694d9568c","name":"Example User","email":"example@example.com","role":"user","token":"eyJhbGciOiJIUzI1NiIsInR5cCI6IkpXVCJ9.eyJpZCI6IjY4ZTU2YWY5OTVmMDVjMTY5NGQ5NTY4YyIsImlhdCI6MTc1OTg2NTc4NSwiZXhwIjoxNzU5OTUyMTg1fQ.GbgefogeNRqFhGX7ttkbAX2S5o_3-wViR7naMi0PQ4A"}} 
 </msg>
<msg time="2025-10-07T16:36:25.132342" level="INFO">${response} = &lt;Response [200]&gt;</msg>
<var>${response}</var>
<arg>CinemaApp</arg>
<arg>/auth/login</arg>
<arg>json=${body}</arg>
<doc>Sends a POST request on a previously created HTTP Session.</doc>
<status status="PASS" start="2025-10-07T16:36:25.018275" elapsed="0.114123"/>
</kw>
<kw name="Should Be Equal As Integers" owner="BuiltIn">
<msg time="2025-10-07T16:36:25.132683" level="INFO">Argument types are:
&lt;class 'int'&gt;
&lt;class 'str'&gt;</msg>
<arg>${response.status_code}</arg>
<arg>200</arg>
<doc>Fails if objects are unequal after converting them to integers.</doc>
<status status="PASS" start="2025-10-07T16:36:25.132470" elapsed="0.000236"/>
</kw>
<kw name="Set Variable" owner="BuiltIn">
<msg time="2025-10-07T16:36:25.132923" level="INFO">${json} = {'success': True, 'data': {'_id': '68e56af995f05c1694d9568c', 'name': 'Example User', 'email': 'example@example.com', 'role': 'user', 'token': 'eyJhbGciOiJIUzI1NiIsInR5cCI6IkpXVCJ9.eyJpZCI6IjY4ZTU2YWY...</msg>
<var>${json}</var>
<arg>${response.json()}</arg>
<doc>Returns the given values which can then be assigned to a variables.</doc>
<status status="PASS" start="2025-10-07T16:36:25.132755" elapsed="0.000179"/>
</kw>
<kw name="Set Variable" owner="BuiltIn">
<msg time="2025-10-07T16:36:25.133119" level="INFO">${authorization} = eyJhbGciOiJIUzI1NiIsInR5cCI6IkpXVCJ9.eyJpZCI6IjY4ZTU2YWY5OTVmMDVjMTY5NGQ5NTY4YyIsImlhdCI6MTc1OTg2NTc4NSwiZXhwIjoxNzU5OTUyMTg1fQ.GbgefogeNRqFhGX7ttkbAX2S5o_3-wViR7naMi0PQ4A</msg>
<var>${authorization}</var>
<arg>${json['data']['token']}</arg>
<doc>Returns the given values which can then be assigned to a variables.</doc>
<status status="PASS" start="2025-10-07T16:36:25.132978" elapsed="0.000151"/>
</kw>
<kw name="Set Variable" owner="BuiltIn">
<msg time="2025-10-07T16:36:25.133227" level="INFO">${TOKEN} = eyJhbGciOiJIUzI1NiIsInR5cCI6IkpXVCJ9.eyJpZCI6IjY4ZTU2YWY5OTVmMDVjMTY5NGQ5NTY4YyIsImlhdCI6MTc1OTg2NTc4NSwiZXhwIjoxNzU5OTUyMTg1fQ.GbgefogeNRqFhGX7ttkbAX2S5o_3-wViR7naMi0PQ4A</msg>
<var>${TOKEN}</var>
<arg>${authorization}</arg>
<doc>Returns the given values which can then be assigned to a variables.</doc>
<status status="PASS" start="2025-10-07T16:36:25.133170" elapsed="0.000066"/>
</kw>
<return>
<value>${TOKEN}</value>
<status status="PASS" start="2025-10-07T16:36:25.133257" elapsed="0.000031"/>
</return>
<msg time="2025-10-07T16:36:25.133335" level="INFO">${BEARER} = eyJhbGciOiJIUzI1NiIsInR5cCI6IkpXVCJ9.eyJpZCI6IjY4ZTU2YWY5OTVmMDVjMTY5NGQ5NTY4YyIsImlhdCI6MTc1OTg2NTc4NSwiZXhwIjoxNzU5OTUyMTg1fQ.GbgefogeNRqFhGX7ttkbAX2S5o_3-wViR7naMi0PQ4A</msg>
<var>${BEARER}</var>
<status status="PASS" start="2025-10-07T16:36:25.017927" elapsed="0.115417"/>
</kw>
<status status="PASS" start="2025-10-07T16:36:25.017823" elapsed="0.115537"/>
</branch>
<branch type="ELSE IF" condition="'${testcase}' == 'token_valid'">
<kw name="Set Variable" owner="BuiltIn">
<var>${BEARER}</var>
<arg>'34u83873894'</arg>
<doc>Returns the given values which can then be assigned to a variables.</doc>
<status status="NOT RUN" start="2025-10-07T16:36:25.133441" elapsed="0.000017"/>
</kw>
<status status="NOT RUN" start="2025-10-07T16:36:25.133382" elapsed="0.000092"/>
</branch>
<status status="PASS" start="2025-10-07T16:36:25.017810" elapsed="0.115677"/>
</if>
<kw name="Create Session" owner="RequestsLibrary">
<msg time="2025-10-07T16:36:25.133577" level="INFO">Creating Session using : alias=CinemaApp, url=http://localhost:4173/api/v1, headers={},                     cookies={}, auth=None, timeout=None, proxies=None, verify=False,                     debug=0 </msg>
<arg>CinemaApp</arg>
<arg>${BASEURL}</arg>
<doc>Create Session: create a HTTP session to a server</doc>
<status status="PASS" start="2025-10-07T16:36:25.133523" elapsed="0.000102"/>
</kw>
<kw name="Create Dictionary" owner="BuiltIn">
<msg time="2025-10-07T16:36:25.133757" level="INFO">${headers} = {'Authorization': 'Bearer eyJhbGciOiJIUzI1NiIsInR5cCI6IkpXVCJ9.eyJpZCI6IjY4ZTU2YWY5OTVmMDVjMTY5NGQ5NTY4YyIsImlhdCI6MTc1OTg2NTc4NSwiZXhwIjoxNzU5OTUyMTg1fQ.GbgefogeNRqFhGX7ttkbAX2S5o_3-wViR7naMi0PQ4A'}</msg>
<var>${headers}</var>
<arg>Authorization=Bearer ${BEARER}</arg>
<doc>Creates and returns a dictionary based on the given ``items``.</doc>
<status status="PASS" start="2025-10-07T16:36:25.133669" elapsed="0.000097"/>
</kw>
<kw name="GET On Session" owner="RequestsLibrary">
<msg time="2025-10-07T16:36:25.248882" level="INFO">GET Request : url=http://localhost:4173/api/v1/auth/me 
 path_url=/api/v1/auth/me 
 headers={'User-Agent': 'python-requests/2.32.5', 'Accept-Encoding': 'gzip, deflate', 'Accept': '*/*', 'Connection': 'keep-alive', 'Authorization': 'Bearer eyJhbGciOiJIUzI1NiIsInR5cCI6IkpXVCJ9.eyJpZCI6IjY4ZTU2YWY5OTVmMDVjMTY5NGQ5NTY4YyIsImlhdCI6MTc1OTg2NTc4NSwiZXhwIjoxNzU5OTUyMTg1fQ.GbgefogeNRqFhGX7ttkbAX2S5o_3-wViR7naMi0PQ4A'} 
 body=None 
 </msg>
<msg time="2025-10-07T16:36:25.248931" level="INFO">GET Response : url=http://localhost:4173/api/v1/auth/me 
 status=200, reason=OK 
 headers={'Vary': 'Origin', 'x-powered-by': 'Express', 'access-control-allow-origin': '*', 'content-type': 'application/json; charset=utf-8', 'content-length': '124', 'etag': 'W/"7c-uH/eTBLadBGEVR1nF79yyFvYQdE"', 'date': 'Tue, 07 Oct 2025 19:36:25 GMT', 'connection': 'close'} 
 body={"success":true,"data":{"_id":"68e56af995f05c1694d9568c","name":"Example User","email":"example@example.com","role":"user"}} 
 </msg>
<msg time="2025-10-07T16:36:25.248996" level="INFO">${response} = &lt;Response [200]&gt;</msg>
<var>${response}</var>
<arg>CinemaApp</arg>
<arg>/auth/me</arg>
<arg>headers=${headers}</arg>
<arg>expected_status=any</arg>
<doc>Sends a GET request on a previously created HTTP Session.</doc>
<status status="PASS" start="2025-10-07T16:36:25.133809" elapsed="0.115205"/>
</kw>
<kw name="Run Keyword If" owner="BuiltIn">
<kw name="Validar Sucesso na Requisição" owner="auth_me_keywords">
<kw name="Run Keyword And Continue On Failure" owner="BuiltIn">
<kw name="Should Be Equal As Integers" owner="BuiltIn">
<msg time="2025-10-07T16:36:25.249927" level="INFO">Argument types are:
&lt;class 'int'&gt;
&lt;class 'str'&gt;</msg>
<arg>${response.status_code}</arg>
<arg>200</arg>
<doc>Fails if objects are unequal after converting them to integers.</doc>
<status status="PASS" start="2025-10-07T16:36:25.249661" elapsed="0.000302"/>
</kw>
<arg>Should Be Equal As Integers</arg>
<arg>${response.status_code}</arg>
<arg>200</arg>
<doc>Runs the keyword and continues execution even if a failure occurs.</doc>
<status status="PASS" start="2025-10-07T16:36:25.249558" elapsed="0.000445"/>
</kw>
<arg>${response}</arg>
<status status="PASS" start="2025-10-07T16:36:25.249364" elapsed="0.000678"/>
</kw>
<arg>'${testcase}' == 'token_valid'</arg>
<arg>Validar Sucesso na Requisição</arg>
<arg>${response}</arg>
<arg>ELSE IF</arg>
<arg>'${testcase}' != 'token_valid'</arg>
<arg>Validar Falha na Requisição</arg>
<arg>${response}</arg>
<doc>Runs the given keyword with the given arguments, if ``condition`` is true.</doc>
<status status="PASS" start="2025-10-07T16:36:25.249122" elapsed="0.000953"/>
</kw>
<kw name="Log" owner="BuiltIn">
<msg time="2025-10-07T16:36:25.250468" level="INFO">Mensagem de status: {'success': True, 'data': {'_id': '68e56af995f05c1694d9568c', 'name': 'Example User', 'email': 'example@example.com', 'role': 'user'}}</msg>
<arg>Mensagem de status: ${response.json()}</arg>
<arg>console=True</arg>
<doc>Logs the given message with the given level.</doc>
<status status="PASS" start="2025-10-07T16:36:25.250154" elapsed="0.000362"/>
</kw>
<kw name="Log To Console" owner="BuiltIn">
<arg>Status code: ${response.status_code}</arg>
<doc>Logs the given message to the console.</doc>
<status status="PASS" start="2025-10-07T16:36:25.250592" elapsed="0.000248"/>
</kw>
<arg>token_valid</arg>
<status status="PASS" start="2025-10-07T16:36:25.017599" elapsed="0.233282"/>
</kw>
<tag>200</tag>
<tag>user_info</tag>
<tag>valid</tag>
<tag>with_token</tag>
<status status="PASS" start="2025-10-07T16:36:25.016723" elapsed="0.234247"/>
</test>
<test id="s1-t6" name="CT-AUTH-006" line="37">
<kw name="Obter Informações do Usuário" owner="auth_me_keywords">
<kw name="Set Variable" owner="BuiltIn">
<msg time="2025-10-07T16:36:25.255382" level="INFO">${BEARER} = ''</msg>
<var>${BEARER}</var>
<arg>''</arg>
<doc>Returns the given values which can then be assigned to a variables.</doc>
<status status="PASS" start="2025-10-07T16:36:25.255291" elapsed="0.000138"/>
</kw>
<if>
<branch type="IF" condition="'${testcase}' == 'token_valid'">
<kw name="Gerar Novo Token" owner="token">
<var>${BEARER}</var>
<status status="NOT RUN" start="2025-10-07T16:36:25.255641" elapsed="0.000033"/>
</kw>
<status status="NOT RUN" start="2025-10-07T16:36:25.255486" elapsed="0.000214"/>
</branch>
<branch type="ELSE IF" condition="'${testcase}' == 'token_valid'">
<kw name="Set Variable" owner="BuiltIn">
<var>${BEARER}</var>
<arg>'34u83873894'</arg>
<doc>Returns the given values which can then be assigned to a variables.</doc>
<status status="NOT RUN" start="2025-10-07T16:36:25.255837" elapsed="0.000027"/>
</kw>
<status status="NOT RUN" start="2025-10-07T16:36:25.255724" elapsed="0.000165"/>
</branch>
<status status="PASS" start="2025-10-07T16:36:25.255471" elapsed="0.000438"/>
</if>
<kw name="Create Session" owner="RequestsLibrary">
<msg time="2025-10-07T16:36:25.256049" level="INFO">Creating Session using : alias=CinemaApp, url=http://localhost:4173/api/v1, headers={},                     cookies={}, auth=None, timeout=None, proxies=None, verify=False,                     debug=0 </msg>
<arg>CinemaApp</arg>
<arg>${BASEURL}</arg>
<doc>Create Session: create a HTTP session to a server</doc>
<status status="PASS" start="2025-10-07T16:36:25.255963" elapsed="0.000161"/>
</kw>
<kw name="Create Dictionary" owner="BuiltIn">
<msg time="2025-10-07T16:36:25.256327" level="INFO">${headers} = {'Authorization': "Bearer ''"}</msg>
<var>${headers}</var>
<arg>Authorization=Bearer ${BEARER}</arg>
<doc>Creates and returns a dictionary based on the given ``items``.</doc>
<status status="PASS" start="2025-10-07T16:36:25.256195" elapsed="0.000148"/>
</kw>
<kw name="GET On Session" owner="RequestsLibrary">
<msg time="2025-10-07T16:36:25.258901" level="INFO">GET Request : url=http://localhost:4173/api/v1/auth/me 
 path_url=/api/v1/auth/me 
 headers={'User-Agent': 'python-requests/2.32.5', 'Accept-Encoding': 'gzip, deflate', 'Accept': '*/*', 'Connection': 'keep-alive', 'Authorization': "Bearer ''"} 
 body=None 
 </msg>
<msg time="2025-10-07T16:36:25.258938" level="INFO">GET Response : url=http://localhost:4173/api/v1/auth/me 
 status=401, reason=Unauthorized 
 headers={'Vary': 'Origin', 'x-powered-by': 'Express', 'access-control-allow-origin': '*', 'content-type': 'application/json; charset=utf-8', 'content-length': '65', 'etag': 'W/"41-TJq3LYiwj1On+7IZ17oLU5tM1Zs"', 'date': 'Tue, 07 Oct 2025 19:36:25 GMT', 'connection': 'close'} 
 body={"success":false,"message":"Not authorized to access this route"} 
 </msg>
<msg time="2025-10-07T16:36:25.258998" level="INFO">${response} = &lt;Response [401]&gt;</msg>
<var>${response}</var>
<arg>CinemaApp</arg>
<arg>/auth/me</arg>
<arg>headers=${headers}</arg>
<arg>expected_status=any</arg>
<doc>Sends a GET request on a previously created HTTP Session.</doc>
<status status="PASS" start="2025-10-07T16:36:25.256410" elapsed="0.002604"/>
</kw>
<kw name="Run Keyword If" owner="BuiltIn">
<kw name="Validar Falha na Requisição" owner="auth_me_keywords">
<kw name="Convert To Integer" owner="BuiltIn">
<msg time="2025-10-07T16:36:25.259715" level="INFO">${status_code} = 401</msg>
<var>${status_code}</var>
<arg>${response.status_code}</arg>
<doc>Converts the given item to an integer number.</doc>
<status status="PASS" start="2025-10-07T16:36:25.259473" elapsed="0.000257"/>
</kw>
<kw name="Run Keyword And Continue On Failure" owner="BuiltIn">
<kw name="Should Be True" owner="BuiltIn">
<arg>${status_code} in [400, 401]</arg>
<doc>Fails if the given condition is not true.</doc>
<status status="PASS" start="2025-10-07T16:36:25.259893" elapsed="0.000105"/>
</kw>
<arg>Should Be True</arg>
<arg>${status_code} in [400, 401]</arg>
<doc>Runs the keyword and continues execution even if a failure occurs.</doc>
<status status="PASS" start="2025-10-07T16:36:25.259800" elapsed="0.000230"/>
</kw>
<arg>${response}</arg>
<status status="PASS" start="2025-10-07T16:36:25.259304" elapsed="0.000759"/>
</kw>
<arg>'${testcase}' == 'token_valid'</arg>
<arg>Validar Sucesso na Requisição</arg>
<arg>${response}</arg>
<arg>ELSE IF</arg>
<arg>'${testcase}' != 'token_valid'</arg>
<arg>Validar Falha na Requisição</arg>
<arg>${response}</arg>
<doc>Runs the given keyword with the given arguments, if ``condition`` is true.</doc>
<status status="PASS" start="2025-10-07T16:36:25.259097" elapsed="0.000994"/>
</kw>
<kw name="Log" owner="BuiltIn">
<msg time="2025-10-07T16:36:25.260410" level="INFO">Mensagem de status: {'success': False, 'message': 'Not authorized to access this route'}</msg>
<arg>Mensagem de status: ${response.json()}</arg>
<arg>console=True</arg>
<doc>Logs the given message with the given level.</doc>
<status status="PASS" start="2025-10-07T16:36:25.260160" elapsed="0.000289"/>
</kw>
<kw name="Log To Console" owner="BuiltIn">
<arg>Status code: ${response.status_code}</arg>
<doc>Logs the given message to the console.</doc>
<status status="PASS" start="2025-10-07T16:36:25.260516" elapsed="0.000214"/>
</kw>
<arg>token_invalid</arg>
<status status="PASS" start="2025-10-07T16:36:25.255106" elapsed="0.005660"/>
</kw>
<tag>401</tag>
<tag>invalid</tag>
<tag>user_info</tag>
<tag>without_token</tag>
<status status="PASS" start="2025-10-07T16:36:25.254046" elapsed="0.006787"/>
</test>
<test id="s1-t7" name="CT-AUTH-007" line="41">
<kw name="Obter Informações do Usuário" owner="auth_me_keywords">
<kw name="Set Variable" owner="BuiltIn">
<msg time="2025-10-07T16:36:25.263689" level="INFO">${BEARER} = ''</msg>
<var>${BEARER}</var>
<arg>''</arg>
<doc>Returns the given values which can then be assigned to a variables.</doc>
<status status="PASS" start="2025-10-07T16:36:25.263610" elapsed="0.000095"/>
</kw>
<if>
<branch type="IF" condition="'${testcase}' == 'token_valid'">
<kw name="Gerar Novo Token" owner="token">
<var>${BEARER}</var>
<status status="NOT RUN" start="2025-10-07T16:36:25.263896" elapsed="0.000031"/>
</kw>
<status status="NOT RUN" start="2025-10-07T16:36:25.263753" elapsed="0.000197"/>
</branch>
<branch type="ELSE IF" condition="'${testcase}' == 'token_valid'">
<kw name="Set Variable" owner="BuiltIn">
<var>${BEARER}</var>
<arg>'34u83873894'</arg>
<doc>Returns the given values which can then be assigned to a variables.</doc>
<status status="NOT RUN" start="2025-10-07T16:36:25.264074" elapsed="0.000025"/>
</kw>
<status status="NOT RUN" start="2025-10-07T16:36:25.263972" elapsed="0.000148"/>
</branch>
<status status="PASS" start="2025-10-07T16:36:25.263740" elapsed="0.000398"/>
</if>
<kw name="Create Session" owner="RequestsLibrary">
<msg time="2025-10-07T16:36:25.264268" level="INFO">Creating Session using : alias=CinemaApp, url=http://localhost:4173/api/v1, headers={},                     cookies={}, auth=None, timeout=None, proxies=None, verify=False,                     debug=0 </msg>
<arg>CinemaApp</arg>
<arg>${BASEURL}</arg>
<doc>Create Session: create a HTTP session to a server</doc>
<status status="PASS" start="2025-10-07T16:36:25.264187" elapsed="0.000149"/>
</kw>
<kw name="Create Dictionary" owner="BuiltIn">
<msg time="2025-10-07T16:36:25.264528" level="INFO">${headers} = {'Authorization': "Bearer ''"}</msg>
<var>${headers}</var>
<arg>Authorization=Bearer ${BEARER}</arg>
<doc>Creates and returns a dictionary based on the given ``items``.</doc>
<status status="PASS" start="2025-10-07T16:36:25.264404" elapsed="0.000138"/>
</kw>
<kw name="GET On Session" owner="RequestsLibrary">
<msg time="2025-10-07T16:36:25.266634" level="INFO">GET Request : url=http://localhost:4173/api/v1/auth/me 
 path_url=/api/v1/auth/me 
 headers={'User-Agent': 'python-requests/2.32.5', 'Accept-Encoding': 'gzip, deflate', 'Accept': '*/*', 'Connection': 'keep-alive', 'Authorization': "Bearer ''"} 
 body=None 
 </msg>
<msg time="2025-10-07T16:36:25.266665" level="INFO">GET Response : url=http://localhost:4173/api/v1/auth/me 
 status=401, reason=Unauthorized 
 headers={'Vary': 'Origin', 'x-powered-by': 'Express', 'access-control-allow-origin': '*', 'content-type': 'application/json; charset=utf-8', 'content-length': '65', 'etag': 'W/"41-TJq3LYiwj1On+7IZ17oLU5tM1Zs"', 'date': 'Tue, 07 Oct 2025 19:36:25 GMT', 'connection': 'close'} 
 body={"success":false,"message":"Not authorized to access this route"} 
 </msg>
<msg time="2025-10-07T16:36:25.266738" level="INFO">${response} = &lt;Response [401]&gt;</msg>
<var>${response}</var>
<arg>CinemaApp</arg>
<arg>/auth/me</arg>
<arg>headers=${headers}</arg>
<arg>expected_status=any</arg>
<doc>Sends a GET request on a previously created HTTP Session.</doc>
<status status="PASS" start="2025-10-07T16:36:25.264601" elapsed="0.002152"/>
</kw>
<kw name="Run Keyword If" owner="BuiltIn">
<kw name="Validar Falha na Requisição" owner="auth_me_keywords">
<kw name="Convert To Integer" owner="BuiltIn">
<msg time="2025-10-07T16:36:25.267335" level="INFO">${status_code} = 401</msg>
<var>${status_code}</var>
<arg>${response.status_code}</arg>
<doc>Converts the given item to an integer number.</doc>
<status status="PASS" start="2025-10-07T16:36:25.267118" elapsed="0.000230"/>
</kw>
<kw name="Run Keyword And Continue On Failure" owner="BuiltIn">
<kw name="Should Be True" owner="BuiltIn">
<arg>${status_code} in [400, 401]</arg>
<doc>Fails if the given condition is not true.</doc>
<status status="PASS" start="2025-10-07T16:36:25.267488" elapsed="0.000089"/>
</kw>
<arg>Should Be True</arg>
<arg>${status_code} in [400, 401]</arg>
<doc>Runs the keyword and continues execution even if a failure occurs.</doc>
<status status="PASS" start="2025-10-07T16:36:25.267408" elapsed="0.000196"/>
</kw>
<arg>${response}</arg>
<status status="PASS" start="2025-10-07T16:36:25.266985" elapsed="0.000648"/>
</kw>
<arg>'${testcase}' == 'token_valid'</arg>
<arg>Validar Sucesso na Requisição</arg>
<arg>${response}</arg>
<arg>ELSE IF</arg>
<arg>'${testcase}' != 'token_valid'</arg>
<arg>Validar Falha na Requisição</arg>
<arg>${response}</arg>
<doc>Runs the given keyword with the given arguments, if ``condition`` is true.</doc>
<status status="PASS" start="2025-10-07T16:36:25.266824" elapsed="0.000834"/>
</kw>
<kw name="Log" owner="BuiltIn">
<msg time="2025-10-07T16:36:25.267943" level="INFO">Mensagem de status: {'success': False, 'message': 'Not authorized to access this route'}</msg>
<arg>Mensagem de status: ${response.json()}</arg>
<arg>console=True</arg>
<doc>Logs the given message with the given level.</doc>
<status status="PASS" start="2025-10-07T16:36:25.267716" elapsed="0.000258"/>
</kw>
<kw name="Log To Console" owner="BuiltIn">
<arg>Status code: ${response.status_code}</arg>
<doc>Logs the given message to the console.</doc>
<status status="PASS" start="2025-10-07T16:36:25.268031" elapsed="0.000190"/>
</kw>
<arg>token_wrong</arg>
<status status="PASS" start="2025-10-07T16:36:25.263452" elapsed="0.004800"/>
</kw>
<tag>403</tag>
<tag>invalid</tag>
<tag>user_info</tag>
<tag>with_wrong_token</tag>
<status status="PASS" start="2025-10-07T16:36:25.262516" elapsed="0.005797"/>
</test>
<status status="FAIL" start="2025-10-07T16:36:23.076263" elapsed="2.193910"/>
</suite>
<statistics>
<total>
<stat pass="6" fail="1" skip="0">All Tests</stat>
</total>
<tag>
<stat pass="2" fail="0" skip="0">200</stat>
<stat pass="1" fail="0" skip="0">201</stat>
<stat pass="1" fail="1" skip="0">400</stat>
<stat pass="1" fail="0" skip="0">401</stat>
<stat pass="1" fail="0" skip="0">403</stat>
<stat pass="2" fail="1" skip="0">invalid</stat>
<stat pass="1" fail="1" skip="0">login</stat>
<stat pass="2" fail="0" skip="0">register</stat>
<stat pass="1" fail="0" skip="0">repeated</stat>
<stat pass="3" fail="0" skip="0">user_info</stat>
<stat pass="3" fail="0" skip="0">valid</stat>
<stat pass="1" fail="0" skip="0">without_token</stat>
<stat pass="1" fail="0" skip="0">with_token</stat>
<stat pass="1" fail="0" skip="0">with_wrong_token</stat>
</tag>
<suite>
<stat name="Api Test" id="s1" pass="6" fail="1" skip="0">Api Test</stat>
</suite>
</statistics>
<errors>
</errors>
</robot>
