<?xml version="1.0" encoding="UTF-8"?>
<robot generator="Robot 7.3.2 (Python 3.13.7 on darwin)" generated="2025-10-07T14:37:10.819513" rpa="false" schemaversion="5">
<suite id="s1" name="Api Test" source="/Users/wesleylima/Documents/challenge-final/cinema_test/api_test.robot">
<test id="s1-t1" name="CT-AUTH-001" line="17">
<kw name="Criar Novo Usuário" owner="auth_register_keywords">
<kw name="Criar DataMass de Novo Usuário Dinâmico" owner="auth_register_keywords">
<kw name="First Name" owner="FakerLibrary">
<msg time="2025-10-07T14:37:11.017597" level="INFO">${NAME} = Jason</msg>
<var>${NAME}</var>
<status status="PASS" start="2025-10-07T14:37:11.017475" elapsed="0.000138"/>
</kw>
<kw name="Email" owner="FakerLibrary">
<msg time="2025-10-07T14:37:11.017827" level="INFO">${EMAIL} = fordmariah@example.org</msg>
<var>${EMAIL}</var>
<status status="PASS" start="2025-10-07T14:37:11.017667" elapsed="0.000172"/>
</kw>
<kw name="Password" owner="FakerLibrary">
<msg time="2025-10-07T14:37:11.017952" level="INFO">${PASSWORD} = #4CC4jX9Y5</msg>
<var>${PASSWORD}</var>
<doc>Generate a random password of the specified ``length``.</doc>
<status status="PASS" start="2025-10-07T14:37:11.017884" elapsed="0.000077"/>
</kw>
<kw name="Create Dictionary" owner="BuiltIn">
<msg time="2025-10-07T14:37:11.018133" level="INFO">${DYNAMICPAYLOAD} = {'name': 'Jason', 'email': 'fordmariah@example.org', 'password': '#4CC4jX9Y5'}</msg>
<var>${DYNAMICPAYLOAD}</var>
<arg>name=${NAME}</arg>
<arg>email=${EMAIL}</arg>
<arg>password=${PASSWORD}</arg>
<doc>Creates and returns a dictionary based on the given ``items``.</doc>
<status status="PASS" start="2025-10-07T14:37:11.018006" elapsed="0.000137"/>
</kw>
<return>
<value>${DYNAMICPAYLOAD}</value>
<status status="PASS" start="2025-10-07T14:37:11.018168" elapsed="0.000033"/>
</return>
<msg time="2025-10-07T14:37:11.018253" level="INFO">${dynamic} = {'name': 'Jason', 'email': 'fordmariah@example.org', 'password': '#4CC4jX9Y5'}</msg>
<var>${dynamic}</var>
<status status="PASS" start="2025-10-07T14:37:11.017028" elapsed="0.001234"/>
</kw>
<kw name="Criar DataMass de Novo Usuário Estatico" owner="auth_register_keywords">
<kw name="Importar JSON estático" owner="config">
<kw name="Load Json From File" owner="JSONLibrary">
<msg time="2025-10-07T14:37:11.018630" level="INFO">${data} = {'user_valid': {}, 'user_repeated': {'name': 'Example User', 'email': 'example@example.com', 'password': 'password123'}}</msg>
<var>${data}</var>
<arg>${EXECDIR}/resources/${nome_arquivo}</arg>
<doc>Load JSON from file.</doc>
<status status="PASS" start="2025-10-07T14:37:11.018504" elapsed="0.000136"/>
</kw>
<return>
<value>${data}</value>
<status status="PASS" start="2025-10-07T14:37:11.018659" elapsed="0.000025"/>
</return>
<msg time="2025-10-07T14:37:11.018725" level="INFO">${json} = {'user_valid': {}, 'user_repeated': {'name': 'Example User', 'email': 'example@example.com', 'password': 'password123'}}</msg>
<var>${json}</var>
<arg>user.json</arg>
<status status="PASS" start="2025-10-07T14:37:11.018422" elapsed="0.000312"/>
</kw>
<kw name="Set Variable" owner="BuiltIn">
<msg time="2025-10-07T14:37:11.018957" level="INFO">${STATICPAYLOAD} = {}</msg>
<var>${STATICPAYLOAD}</var>
<arg>${json["${testcase}"]}</arg>
<doc>Returns the given values which can then be assigned to a variables.</doc>
<status status="PASS" start="2025-10-07T14:37:11.018773" elapsed="0.000194"/>
</kw>
<return>
<value>${STATICPAYLOAD}</value>
<status status="PASS" start="2025-10-07T14:37:11.018986" elapsed="0.000020"/>
</return>
<msg time="2025-10-07T14:37:11.019047" level="INFO">${static} = {}</msg>
<var>${static}</var>
<arg>${testcase}</arg>
<status status="PASS" start="2025-10-07T14:37:11.018318" elapsed="0.000737"/>
</kw>
<kw name="Copy Dictionary" owner="Collections">
<msg time="2025-10-07T14:37:11.019294" level="INFO">${body} = {'name': 'Jason', 'email': 'fordmariah@example.org', 'password': '#4CC4jX9Y5'}</msg>
<var>${body}</var>
<arg>${dynamic}</arg>
<doc>Returns a copy of the given dictionary.</doc>
<status status="PASS" start="2025-10-07T14:37:11.019094" elapsed="0.000210"/>
</kw>
<kw name="Set To Dictionary" owner="Collections">
<arg>${body}</arg>
<arg>&amp;{static}</arg>
<doc>Adds the given ``key_value_pairs`` and/or ``items`` to the ``dictionary``.</doc>
<status status="PASS" start="2025-10-07T14:37:11.019345" elapsed="0.000061"/>
</kw>
<kw name="Log To Console" owner="BuiltIn">
<arg>\nPayload: ${body}</arg>
<doc>Logs the given message to the console.</doc>
<status status="PASS" start="2025-10-07T14:37:11.019445" elapsed="0.000062"/>
</kw>
<kw name="Create Session" owner="RequestsLibrary">
<msg time="2025-10-07T14:37:11.019608" level="INFO">Creating Session using : alias=CinemaApp, url=http://localhost:4173/api/v1, headers={},                     cookies={}, auth=None, timeout=None, proxies=None, verify=False,                     debug=0 </msg>
<arg>CinemaApp</arg>
<arg>${BASEURL}</arg>
<doc>Create Session: create a HTTP session to a server</doc>
<status status="PASS" start="2025-10-07T14:37:11.019552" elapsed="0.000129"/>
</kw>
<kw name="POST On Session" owner="RequestsLibrary">
<msg time="2025-10-07T14:37:11.183547" level="INFO">POST Request : url=http://localhost:4173/api/v1/auth/register 
 path_url=/api/v1/auth/register 
 headers={'User-Agent': 'python-requests/2.32.5', 'Accept-Encoding': 'gzip, deflate', 'Accept': '*/*', 'Connection': 'keep-alive', 'Content-Length': '78', 'Content-Type': 'application/json'} 
 body=b'{"name": "Jason", "email": "fordmariah@example.org", "password": "#4CC4jX9Y5"}' 
 </msg>
<msg time="2025-10-07T14:37:11.183625" level="INFO">POST Response : url=http://localhost:4173/api/v1/auth/register 
 status=201, reason=Created 
 headers={'Vary': 'Origin', 'x-powered-by': 'Express', 'access-control-allow-origin': '*', 'content-type': 'application/json; charset=utf-8', 'content-length': '302', 'etag': 'W/"12e-L4l+gXTQ4d2JWFJdeaWQLAdamh0"', 'date': 'Tue, 07 Oct 2025 17:37:11 GMT', 'connection': 'close'} 
 body={"success":true,"data":{"_id":"68e54fc795f05c1694d955a3","name":"Jason","email":"fordmariah@example.org","role":"user","token":"eyJhbGciOiJIUzI1NiIsInR5cCI6IkpXVCJ9.eyJpZCI6IjY4ZTU0ZmM3OTVmMDVjMTY5NGQ5NTVhMyIsImlhdCI6MTc1OTg1ODYzMSwiZXhwIjoxNzU5OTQ1MDMxfQ.AfzF87bOuFyPBiyho0GIOO3g35HQRRaEar-rDmFukrA"}} 
 </msg>
<msg time="2025-10-07T14:37:11.183720" level="INFO">${response} = &lt;Response [201]&gt;</msg>
<var>${response}</var>
<arg>CinemaApp</arg>
<arg>/auth/register</arg>
<arg>json=${body}</arg>
<arg>expected_status=any</arg>
<doc>Sends a POST request on a previously created HTTP Session.</doc>
<status status="PASS" start="2025-10-07T14:37:11.019724" elapsed="0.164012"/>
</kw>
<kw name="Run Keyword If" owner="BuiltIn">
<kw name="Validar Sucesso No Cadastro" owner="auth_register_keywords">
<kw name="Run Keyword And Continue On Failure" owner="BuiltIn">
<kw name="Should Be Equal As Integers" owner="BuiltIn">
<msg time="2025-10-07T14:37:11.184623" level="INFO">Argument types are:
&lt;class 'int'&gt;
&lt;class 'str'&gt;</msg>
<arg>${response.status_code}</arg>
<arg>201</arg>
<doc>Fails if objects are unequal after converting them to integers.</doc>
<status status="PASS" start="2025-10-07T14:37:11.184402" elapsed="0.000257"/>
</kw>
<arg>Should Be Equal As Integers</arg>
<arg>${response.status_code}</arg>
<arg>201</arg>
<doc>Runs the keyword and continues execution even if a failure occurs.</doc>
<status status="PASS" start="2025-10-07T14:37:11.184323" elapsed="0.000369"/>
</kw>
<arg>${response}</arg>
<status status="PASS" start="2025-10-07T14:37:11.184165" elapsed="0.000556"/>
</kw>
<arg>'${testcase}' == 'user_valid'</arg>
<arg>Validar Sucesso No Cadastro</arg>
<arg>${response}</arg>
<arg>ELSE IF</arg>
<arg>'${testcase}' != 'user_valid'</arg>
<arg>Validar Falha No Cadastro</arg>
<arg>${response}</arg>
<doc>Runs the given keyword with the given arguments, if ``condition`` is true.</doc>
<status status="PASS" start="2025-10-07T14:37:11.183885" elapsed="0.000859"/>
</kw>
<kw name="Log" owner="BuiltIn">
<msg time="2025-10-07T14:37:11.185037" level="INFO">Mensagem de status: {'success': True, 'data': {'_id': '68e54fc795f05c1694d955a3', 'name': 'Jason', 'email': 'fordmariah@example.org', 'role': 'user', 'token': 'eyJhbGciOiJIUzI1NiIsInR5cCI6IkpXVCJ9.eyJpZCI6IjY4ZTU0ZmM3OTVmMDVjMTY5NGQ5NTVhMyIsImlhdCI6MTc1OTg1ODYzMSwiZXhwIjoxNzU5OTQ1MDMxfQ.AfzF87bOuFyPBiyho0GIOO3g35HQRRaEar-rDmFukrA'}}</msg>
<arg>Mensagem de status: ${response.json()}</arg>
<arg>console=True</arg>
<doc>Logs the given message with the given level.</doc>
<status status="PASS" start="2025-10-07T14:37:11.184800" elapsed="0.000332"/>
</kw>
<kw name="Log To Console" owner="BuiltIn">
<arg>Status code: ${response.status_code}</arg>
<doc>Logs the given message to the console.</doc>
<status status="PASS" start="2025-10-07T14:37:11.185188" elapsed="0.000182"/>
</kw>
<arg>user_valid</arg>
<status status="PASS" start="2025-10-07T14:37:11.016873" elapsed="0.168528"/>
</kw>
<msg time="2025-10-07T14:37:11.200145" level="INFO">Starting Browser process /Library/Frameworks/Python.framework/Versions/3.13/lib/python3.13/site-packages/Browser/wrapper/index.js using at 127.0.0.1:63752</msg>
<tag>201</tag>
<tag>register</tag>
<tag>valid</tag>
<status status="PASS" start="2025-10-07T14:37:11.016585" elapsed="0.168895"/>
</test>
<test id="s1-t2" name="CT-AUTH-002" line="21">
<kw name="Criar Novo Usuário" owner="auth_register_keywords">
<kw name="Criar DataMass de Novo Usuário Dinâmico" owner="auth_register_keywords">
<kw name="First Name" owner="FakerLibrary">
<msg time="2025-10-07T14:37:12.440125" level="INFO">${NAME} = Laura</msg>
<var>${NAME}</var>
<status status="PASS" start="2025-10-07T14:37:12.439758" elapsed="0.000395"/>
</kw>
<kw name="Email" owner="FakerLibrary">
<msg time="2025-10-07T14:37:12.440884" level="INFO">${EMAIL} = heathermendez@example.org</msg>
<var>${EMAIL}</var>
<status status="PASS" start="2025-10-07T14:37:12.440264" elapsed="0.000675"/>
</kw>
<kw name="Password" owner="FakerLibrary">
<msg time="2025-10-07T14:37:12.441484" level="INFO">${PASSWORD} = @I)rdHFg!1</msg>
<var>${PASSWORD}</var>
<doc>Generate a random password of the specified ``length``.</doc>
<status status="PASS" start="2025-10-07T14:37:12.441144" elapsed="0.000374"/>
</kw>
<kw name="Create Dictionary" owner="BuiltIn">
<msg time="2025-10-07T14:37:12.442078" level="INFO">${DYNAMICPAYLOAD} = {'name': 'Laura', 'email': 'heathermendez@example.org', 'password': '@I)rdHFg!1'}</msg>
<var>${DYNAMICPAYLOAD}</var>
<arg>name=${NAME}</arg>
<arg>email=${EMAIL}</arg>
<arg>password=${PASSWORD}</arg>
<doc>Creates and returns a dictionary based on the given ``items``.</doc>
<status status="PASS" start="2025-10-07T14:37:12.441688" elapsed="0.000421"/>
</kw>
<return>
<value>${DYNAMICPAYLOAD}</value>
<status status="PASS" start="2025-10-07T14:37:12.442182" elapsed="0.000096"/>
</return>
<msg time="2025-10-07T14:37:12.442429" level="INFO">${dynamic} = {'name': 'Laura', 'email': 'heathermendez@example.org', 'password': '@I)rdHFg!1'}</msg>
<var>${dynamic}</var>
<status status="PASS" start="2025-10-07T14:37:12.439508" elapsed="0.002948"/>
</kw>
<kw name="Criar DataMass de Novo Usuário Estatico" owner="auth_register_keywords">
<kw name="Importar JSON estático" owner="config">
<kw name="Load Json From File" owner="JSONLibrary">
<msg time="2025-10-07T14:37:12.443579" level="INFO">${data} = {'user_valid': {}, 'user_repeated': {'name': 'Example User', 'email': 'example@example.com', 'password': 'password123'}}</msg>
<var>${data}</var>
<arg>${EXECDIR}/resources/${nome_arquivo}</arg>
<doc>Load JSON from file.</doc>
<status status="PASS" start="2025-10-07T14:37:12.443155" elapsed="0.000450"/>
</kw>
<return>
<value>${data}</value>
<status status="PASS" start="2025-10-07T14:37:12.443655" elapsed="0.000054"/>
</return>
<msg time="2025-10-07T14:37:12.443806" level="INFO">${json} = {'user_valid': {}, 'user_repeated': {'name': 'Example User', 'email': 'example@example.com', 'password': 'password123'}}</msg>
<var>${json}</var>
<arg>user.json</arg>
<status status="PASS" start="2025-10-07T14:37:12.442935" elapsed="0.000893"/>
</kw>
<kw name="Set Variable" owner="BuiltIn">
<msg time="2025-10-07T14:37:12.444418" level="INFO">${STATICPAYLOAD} = {'name': 'Example User', 'email': 'example@example.com', 'password': 'password123'}</msg>
<var>${STATICPAYLOAD}</var>
<arg>${json["${testcase}"]}</arg>
<doc>Returns the given values which can then be assigned to a variables.</doc>
<status status="PASS" start="2025-10-07T14:37:12.443934" elapsed="0.000509"/>
</kw>
<return>
<value>${STATICPAYLOAD}</value>
<status status="PASS" start="2025-10-07T14:37:12.444491" elapsed="0.000050"/>
</return>
<msg time="2025-10-07T14:37:12.444639" level="INFO">${static} = {'name': 'Example User', 'email': 'example@example.com', 'password': 'password123'}</msg>
<var>${static}</var>
<arg>${testcase}</arg>
<status status="PASS" start="2025-10-07T14:37:12.442627" elapsed="0.002034"/>
</kw>
<kw name="Copy Dictionary" owner="Collections">
<msg time="2025-10-07T14:37:12.444922" level="INFO">${body} = {'name': 'Laura', 'email': 'heathermendez@example.org', 'password': '@I)rdHFg!1'}</msg>
<var>${body}</var>
<arg>${dynamic}</arg>
<doc>Returns a copy of the given dictionary.</doc>
<status status="PASS" start="2025-10-07T14:37:12.444763" elapsed="0.000180"/>
</kw>
<kw name="Set To Dictionary" owner="Collections">
<arg>${body}</arg>
<arg>&amp;{static}</arg>
<doc>Adds the given ``key_value_pairs`` and/or ``items`` to the ``dictionary``.</doc>
<status status="PASS" start="2025-10-07T14:37:12.445038" elapsed="0.000156"/>
</kw>
<kw name="Log To Console" owner="BuiltIn">
<arg>\nPayload: ${body}</arg>
<doc>Logs the given message to the console.</doc>
<status status="PASS" start="2025-10-07T14:37:12.445297" elapsed="0.000181"/>
</kw>
<kw name="Create Session" owner="RequestsLibrary">
<msg time="2025-10-07T14:37:12.445719" level="INFO">Creating Session using : alias=CinemaApp, url=http://localhost:4173/api/v1, headers={},                     cookies={}, auth=None, timeout=None, proxies=None, verify=False,                     debug=0 </msg>
<arg>CinemaApp</arg>
<arg>${BASEURL}</arg>
<doc>Create Session: create a HTTP session to a server</doc>
<status status="PASS" start="2025-10-07T14:37:12.445583" elapsed="0.000366"/>
</kw>
<kw name="POST On Session" owner="RequestsLibrary">
<msg time="2025-10-07T14:37:12.500586" level="INFO">POST Request : url=http://localhost:4173/api/v1/auth/register 
 path_url=/api/v1/auth/register 
 headers={'User-Agent': 'python-requests/2.32.5', 'Accept-Encoding': 'gzip, deflate', 'Accept': '*/*', 'Connection': 'keep-alive', 'Content-Length': '83', 'Content-Type': 'application/json'} 
 body=b'{"name": "Example User", "email": "example@example.com", "password": "password123"}' 
 </msg>
<msg time="2025-10-07T14:37:12.500706" level="INFO">POST Response : url=http://localhost:4173/api/v1/auth/register 
 status=400, reason=Bad Request 
 headers={'Vary': 'Origin', 'x-powered-by': 'Express', 'access-control-allow-origin': '*', 'content-type': 'application/json; charset=utf-8', 'content-length': '49', 'etag': 'W/"31-WKEMg8zALB1Ko0WjUHi/6RBGHVc"', 'date': 'Tue, 07 Oct 2025 17:37:12 GMT', 'connection': 'close'} 
 body={"success":false,"message":"User already exists"} 
 </msg>
<msg time="2025-10-07T14:37:12.500857" level="INFO">${response} = &lt;Response [400]&gt;</msg>
<var>${response}</var>
<arg>CinemaApp</arg>
<arg>/auth/register</arg>
<arg>json=${body}</arg>
<arg>expected_status=any</arg>
<doc>Sends a POST request on a previously created HTTP Session.</doc>
<status status="PASS" start="2025-10-07T14:37:12.446049" elapsed="0.054838"/>
</kw>
<kw name="Run Keyword If" owner="BuiltIn">
<kw name="Validar Falha No Cadastro" owner="auth_register_keywords">
<kw name="Run Keyword And Continue On Failure" owner="BuiltIn">
<kw name="Should Be Equal As Integers" owner="BuiltIn">
<msg time="2025-10-07T14:37:12.502649" level="INFO">Argument types are:
&lt;class 'int'&gt;
&lt;class 'str'&gt;</msg>
<arg>${response.status_code}</arg>
<arg>400</arg>
<doc>Fails if objects are unequal after converting them to integers.</doc>
<status status="PASS" start="2025-10-07T14:37:12.502228" elapsed="0.000480"/>
</kw>
<arg>Should Be Equal As Integers</arg>
<arg>${response.status_code}</arg>
<arg>400</arg>
<doc>Runs the keyword and continues execution even if a failure occurs.</doc>
<status status="PASS" start="2025-10-07T14:37:12.502061" elapsed="0.000708"/>
</kw>
<arg>${response}</arg>
<status status="PASS" start="2025-10-07T14:37:12.501718" elapsed="0.001228"/>
</kw>
<arg>'${testcase}' == 'user_valid'</arg>
<arg>Validar Sucesso No Cadastro</arg>
<arg>${response}</arg>
<arg>ELSE IF</arg>
<arg>'${testcase}' != 'user_valid'</arg>
<arg>Validar Falha No Cadastro</arg>
<arg>${response}</arg>
<doc>Runs the given keyword with the given arguments, if ``condition`` is true.</doc>
<status status="PASS" start="2025-10-07T14:37:12.501155" elapsed="0.001857"/>
</kw>
<kw name="Log" owner="BuiltIn">
<msg time="2025-10-07T14:37:12.503942" level="INFO">Mensagem de status: {'success': False, 'message': 'User already exists'}</msg>
<arg>Mensagem de status: ${response.json()}</arg>
<arg>console=True</arg>
<doc>Logs the given message with the given level.</doc>
<status status="PASS" start="2025-10-07T14:37:12.503282" elapsed="0.000740"/>
</kw>
<kw name="Log To Console" owner="BuiltIn">
<arg>Status code: ${response.status_code}</arg>
<doc>Logs the given message to the console.</doc>
<status status="PASS" start="2025-10-07T14:37:12.504157" elapsed="0.000451"/>
</kw>
<arg>user_repeated</arg>
<status status="PASS" start="2025-10-07T14:37:12.438997" elapsed="0.065679"/>
</kw>
<tag>400</tag>
<tag>register</tag>
<tag>repeated</tag>
<status status="PASS" start="2025-10-07T14:37:12.436577" elapsed="0.068244"/>
</test>
<test id="s1-t3" name="CT-AUTH-003" line="25">
<kw name="Fazer Login" owner="auth_login_keywords">
<kw name="Create Dictionary" owner="BuiltIn">
<msg time="2025-10-07T14:37:12.512858" level="INFO">${body} = {}</msg>
<var>${body}</var>
<doc>Creates and returns a dictionary based on the given ``items``.</doc>
<status status="PASS" start="2025-10-07T14:37:12.512706" elapsed="0.000175"/>
</kw>
<kw name="Criar DataMass de Login Estático" owner="auth_login_keywords">
<kw name="Importar JSON estático" owner="config">
<kw name="Load Json From File" owner="JSONLibrary">
<msg time="2025-10-07T14:37:12.513723" level="INFO">${data} = {'login_valid': {'email': 'example@example.com', 'password': 'password123'}, 'login_invalid': {'email': 'example@example.com', 'password': 'password456'}}</msg>
<var>${data}</var>
<arg>${EXECDIR}/resources/${nome_arquivo}</arg>
<doc>Load JSON from file.</doc>
<status status="PASS" start="2025-10-07T14:37:12.513395" elapsed="0.000349"/>
</kw>
<return>
<value>${data}</value>
<status status="PASS" start="2025-10-07T14:37:12.513788" elapsed="0.000059"/>
</return>
<msg time="2025-10-07T14:37:12.513940" level="INFO">${json} = {'login_valid': {'email': 'example@example.com', 'password': 'password123'}, 'login_invalid': {'email': 'example@example.com', 'password': 'password456'}}</msg>
<var>${json}</var>
<arg>login.json</arg>
<status status="PASS" start="2025-10-07T14:37:12.513227" elapsed="0.000731"/>
</kw>
<kw name="Set Variable" owner="BuiltIn">
<msg time="2025-10-07T14:37:12.514398" level="INFO">${testcase_data} = {'email': 'example@example.com', 'password': 'password123'}</msg>
<var>${testcase_data}</var>
<arg>${json["${testcase}"]}</arg>
<doc>Returns the given values which can then be assigned to a variables.</doc>
<status status="PASS" start="2025-10-07T14:37:12.514045" elapsed="0.000374"/>
</kw>
<kw name="Create Dictionary" owner="BuiltIn">
<msg time="2025-10-07T14:37:12.515023" level="INFO">${payload_login} = {'email': 'example@example.com', 'password': 'password123'}</msg>
<var>${payload_login}</var>
<arg>email=${testcase_data["email"]}</arg>
<arg>password=${testcase_data["password"]}</arg>
<doc>Creates and returns a dictionary based on the given ``items``.</doc>
<status status="PASS" start="2025-10-07T14:37:12.514509" elapsed="0.000536"/>
</kw>
<return>
<value>${payload_login}</value>
<status status="PASS" start="2025-10-07T14:37:12.515088" elapsed="0.000043"/>
</return>
<msg time="2025-10-07T14:37:12.515220" level="INFO">${body} = {'email': 'example@example.com', 'password': 'password123'}</msg>
<var>${body}</var>
<arg>${testcase}</arg>
<status status="PASS" start="2025-10-07T14:37:12.513010" elapsed="0.002229"/>
</kw>
<kw name="Create Session" owner="RequestsLibrary">
<msg time="2025-10-07T14:37:12.515429" level="INFO">Creating Session using : alias=CinemaApp, url=http://localhost:4173/api/v1, headers={},                     cookies={}, auth=None, timeout=None, proxies=None, verify=False,                     debug=0 </msg>
<arg>CinemaApp</arg>
<arg>${BASEURL}</arg>
<doc>Create Session: create a HTTP session to a server</doc>
<status status="PASS" start="2025-10-07T14:37:12.515322" elapsed="0.000219"/>
</kw>
<kw name="POST On Session" owner="RequestsLibrary">
<msg time="2025-10-07T14:37:12.646083" level="INFO">POST Request : url=http://localhost:4173/api/v1/auth/login 
 path_url=/api/v1/auth/login 
 headers={'User-Agent': 'python-requests/2.32.5', 'Accept-Encoding': 'gzip, deflate', 'Accept': '*/*', 'Connection': 'keep-alive', 'Content-Length': '59', 'Content-Type': 'application/json'} 
 body=b'{"email": "example@example.com", "password": "password123"}' 
 </msg>
<msg time="2025-10-07T14:37:12.646150" level="INFO">POST Response : url=http://localhost:4173/api/v1/auth/login 
 status=200, reason=OK 
 headers={'Vary': 'Origin', 'x-powered-by': 'Express', 'access-control-allow-origin': '*', 'content-type': 'application/json; charset=utf-8', 'content-length': '306', 'etag': 'W/"132-lk0nSS75edfFg2lOoCwEv3Ucgd8"', 'date': 'Tue, 07 Oct 2025 17:37:12 GMT', 'connection': 'close'} 
 body={"success":true,"data":{"_id":"68e437b095f05c1694d9548d","name":"User Example","email":"example@example.com","role":"user","token":"eyJhbGciOiJIUzI1NiIsInR5cCI6IkpXVCJ9.eyJpZCI6IjY4ZTQzN2IwOTVmMDVjMTY5NGQ5NTQ4ZCIsImlhdCI6MTc1OTg1ODYzMiwiZXhwIjoxNzU5OTQ1MDMyfQ.g8fi7K4NkvDeioa0B5bsRNcAm-yYVsz_RLKlFRWaJ8g"}} 
 </msg>
<msg time="2025-10-07T14:37:12.646251" level="INFO">${response} = &lt;Response [200]&gt;</msg>
<var>${response}</var>
<arg>CinemaApp</arg>
<arg>/auth/login</arg>
<arg>json=${body}</arg>
<arg>expected_status=any</arg>
<doc>Sends a POST request on a previously created HTTP Session.</doc>
<status status="PASS" start="2025-10-07T14:37:12.515626" elapsed="0.130637"/>
</kw>
<kw name="Run Keyword If" owner="BuiltIn">
<kw name="Validar Sucesso No Login" owner="auth_login_keywords">
<kw name="Run Keyword And Continue On Failure" owner="BuiltIn">
<kw name="Should Be Equal As Integers" owner="BuiltIn">
<msg time="2025-10-07T14:37:12.647081" level="INFO">Argument types are:
&lt;class 'int'&gt;
&lt;class 'str'&gt;</msg>
<arg>${response.status_code}</arg>
<arg>200</arg>
<doc>Fails if objects are unequal after converting them to integers.</doc>
<status status="PASS" start="2025-10-07T14:37:12.646900" elapsed="0.000206"/>
</kw>
<arg>Should Be Equal As Integers</arg>
<arg>${response.status_code}</arg>
<arg>200</arg>
<doc>Runs the keyword and continues execution even if a failure occurs.</doc>
<status status="PASS" start="2025-10-07T14:37:12.646835" elapsed="0.000295"/>
</kw>
<arg>${response}</arg>
<status status="PASS" start="2025-10-07T14:37:12.646687" elapsed="0.000467"/>
</kw>
<arg>'${testcase}' == 'login_valid'</arg>
<arg>Validar Sucesso No Login</arg>
<arg>${response}</arg>
<arg>ELSE IF</arg>
<arg>'${testcase}' != 'login_valid'</arg>
<arg>Validar Falha No Login</arg>
<arg>${response}</arg>
<doc>Runs the given keyword with the given arguments, if ``condition`` is true.</doc>
<status status="PASS" start="2025-10-07T14:37:12.646407" elapsed="0.000766"/>
</kw>
<arg>login_valid</arg>
<status status="PASS" start="2025-10-07T14:37:12.512446" elapsed="0.134749"/>
</kw>
<tag>200</tag>
<tag>login</tag>
<tag>valid</tag>
<status status="PASS" start="2025-10-07T14:37:12.510451" elapsed="0.136836"/>
</test>
<test id="s1-t4" name="CT-AUTH-004" line="29">
<kw name="Fazer Login" owner="auth_login_keywords">
<kw name="Create Dictionary" owner="BuiltIn">
<msg time="2025-10-07T14:37:12.651285" level="INFO">${body} = {}</msg>
<var>${body}</var>
<doc>Creates and returns a dictionary based on the given ``items``.</doc>
<status status="PASS" start="2025-10-07T14:37:12.651219" elapsed="0.000076"/>
</kw>
<kw name="Criar DataMass de Login Estático" owner="auth_login_keywords">
<kw name="Importar JSON estático" owner="config">
<kw name="Load Json From File" owner="JSONLibrary">
<msg time="2025-10-07T14:37:12.651685" level="INFO">${data} = {'login_valid': {'email': 'example@example.com', 'password': 'password123'}, 'login_invalid': {'email': 'example@example.com', 'password': 'password456'}}</msg>
<var>${data}</var>
<arg>${EXECDIR}/resources/${nome_arquivo}</arg>
<doc>Load JSON from file.</doc>
<status status="PASS" start="2025-10-07T14:37:12.651538" elapsed="0.000183"/>
</kw>
<return>
<value>${data}</value>
<status status="PASS" start="2025-10-07T14:37:12.651743" elapsed="0.000030"/>
</return>
<msg time="2025-10-07T14:37:12.651816" level="INFO">${json} = {'login_valid': {'email': 'example@example.com', 'password': 'password123'}, 'login_invalid': {'email': 'example@example.com', 'password': 'password456'}}</msg>
<var>${json}</var>
<arg>login.json</arg>
<status status="PASS" start="2025-10-07T14:37:12.651455" elapsed="0.000370"/>
</kw>
<kw name="Set Variable" owner="BuiltIn">
<msg time="2025-10-07T14:37:12.652030" level="INFO">${testcase_data} = {'email': 'example@example.com', 'password': 'password456'}</msg>
<var>${testcase_data}</var>
<arg>${json["${testcase}"]}</arg>
<doc>Returns the given values which can then be assigned to a variables.</doc>
<status status="PASS" start="2025-10-07T14:37:12.651864" elapsed="0.000175"/>
</kw>
<kw name="Create Dictionary" owner="BuiltIn">
<msg time="2025-10-07T14:37:12.652332" level="INFO">${payload_login} = {'email': 'example@example.com', 'password': 'password456'}</msg>
<var>${payload_login}</var>
<arg>email=${testcase_data["email"]}</arg>
<arg>password=${testcase_data["password"]}</arg>
<doc>Creates and returns a dictionary based on the given ``items``.</doc>
<status status="PASS" start="2025-10-07T14:37:12.652082" elapsed="0.000261"/>
</kw>
<return>
<value>${payload_login}</value>
<status status="PASS" start="2025-10-07T14:37:12.652364" elapsed="0.000021"/>
</return>
<msg time="2025-10-07T14:37:12.652429" level="INFO">${body} = {'email': 'example@example.com', 'password': 'password456'}</msg>
<var>${body}</var>
<arg>${testcase}</arg>
<status status="PASS" start="2025-10-07T14:37:12.651354" elapsed="0.001084"/>
</kw>
<kw name="Create Session" owner="RequestsLibrary">
<msg time="2025-10-07T14:37:12.652530" level="INFO">Creating Session using : alias=CinemaApp, url=http://localhost:4173/api/v1, headers={},                     cookies={}, auth=None, timeout=None, proxies=None, verify=False,                     debug=0 </msg>
<arg>CinemaApp</arg>
<arg>${BASEURL}</arg>
<doc>Create Session: create a HTTP session to a server</doc>
<status status="PASS" start="2025-10-07T14:37:12.652478" elapsed="0.000106"/>
</kw>
<kw name="POST On Session" owner="RequestsLibrary">
<msg time="2025-10-07T14:37:12.762836" level="INFO">POST Request : url=http://localhost:4173/api/v1/auth/login 
 path_url=/api/v1/auth/login 
 headers={'User-Agent': 'python-requests/2.32.5', 'Accept-Encoding': 'gzip, deflate', 'Accept': '*/*', 'Connection': 'keep-alive', 'Content-Length': '59', 'Content-Type': 'application/json'} 
 body=b'{"email": "example@example.com", "password": "password456"}' 
 </msg>
<msg time="2025-10-07T14:37:12.762866" level="INFO">POST Response : url=http://localhost:4173/api/v1/auth/login 
 status=401, reason=Unauthorized 
 headers={'Vary': 'Origin', 'x-powered-by': 'Express', 'access-control-allow-origin': '*', 'content-type': 'application/json; charset=utf-8', 'content-length': '55', 'etag': 'W/"37-5uDpJTljPBecOPs/j7OXFdPRcmQ"', 'date': 'Tue, 07 Oct 2025 17:37:12 GMT', 'connection': 'close'} 
 body={"success":false,"message":"Invalid email or password"} 
 </msg>
<msg time="2025-10-07T14:37:12.762904" level="INFO">${response} = &lt;Response [401]&gt;</msg>
<var>${response}</var>
<arg>CinemaApp</arg>
<arg>/auth/login</arg>
<arg>json=${body}</arg>
<arg>expected_status=any</arg>
<doc>Sends a POST request on a previously created HTTP Session.</doc>
<status status="PASS" start="2025-10-07T14:37:12.652634" elapsed="0.110279"/>
</kw>
<kw name="Run Keyword If" owner="BuiltIn">
<kw name="Validar Falha No Login" owner="auth_login_keywords">
<kw name="Run Keyword And Continue On Failure" owner="BuiltIn">
<kw name="Should Be Equal As Integers" owner="BuiltIn">
<msg time="2025-10-07T14:37:12.763417" level="INFO">Argument types are:
&lt;class 'int'&gt;
&lt;class 'str'&gt;</msg>
<msg time="2025-10-07T14:37:12.763480" level="FAIL">401 != 400</msg>
<arg>${response.status_code}</arg>
<arg>400</arg>
<doc>Fails if objects are unequal after converting them to integers.</doc>
<status status="FAIL" start="2025-10-07T14:37:12.763279" elapsed="0.000301">401 != 400</status>
</kw>
<arg>Should Be Equal As Integers</arg>
<arg>${response.status_code}</arg>
<arg>400</arg>
<doc>Runs the keyword and continues execution even if a failure occurs.</doc>
<status status="FAIL" start="2025-10-07T14:37:12.763224" elapsed="0.000386">401 != 400</status>
</kw>
<arg>${response}</arg>
<status status="FAIL" start="2025-10-07T14:37:12.763121" elapsed="0.000537">401 != 400</status>
</kw>
<arg>'${testcase}' == 'login_valid'</arg>
<arg>Validar Sucesso No Login</arg>
<arg>${response}</arg>
<arg>ELSE IF</arg>
<arg>'${testcase}' != 'login_valid'</arg>
<arg>Validar Falha No Login</arg>
<arg>${response}</arg>
<doc>Runs the given keyword with the given arguments, if ``condition`` is true.</doc>
<status status="FAIL" start="2025-10-07T14:37:12.762979" elapsed="0.000697">401 != 400</status>
</kw>
<arg>login_invalid</arg>
<status status="FAIL" start="2025-10-07T14:37:12.651109" elapsed="0.112600">401 != 400</status>
</kw>
<tag>400</tag>
<tag>invalid</tag>
<tag>login</tag>
<status status="FAIL" start="2025-10-07T14:37:12.650268" elapsed="0.113514">401 != 400</status>
</test>
<test id="s1-t5" name="CT-AUTH-005" line="33">
<kw name="Obter Informações do Usuário" owner="auth_me_keywords">
<kw name="Set Variable" owner="BuiltIn">
<msg time="2025-10-07T14:37:12.766500" level="INFO">${BEARER} = ''</msg>
<var>${BEARER}</var>
<arg>''</arg>
<doc>Returns the given values which can then be assigned to a variables.</doc>
<status status="PASS" start="2025-10-07T14:37:12.766438" elapsed="0.000074"/>
</kw>
<if>
<branch type="IF" condition="'${testcase}' == 'token_valid'">
<kw name="Gerar Novo Token" owner="token">
<kw name="Create Session" owner="RequestsLibrary">
<msg time="2025-10-07T14:37:12.766806" level="INFO">Creating Session using : alias=CinemaApp, url=http://localhost:4173/api/v1, headers={},                     cookies={}, auth=None, timeout=None, proxies=None, verify=False,                     debug=0 </msg>
<arg>CinemaApp</arg>
<arg>${BASEURL}</arg>
<doc>Create Session: create a HTTP session to a server</doc>
<status status="PASS" start="2025-10-07T14:37:12.766749" elapsed="0.000107"/>
</kw>
<kw name="Create Dictionary" owner="BuiltIn">
<msg time="2025-10-07T14:37:12.766972" level="INFO">${body} = {'email': 'example@example.com', 'password': 'password123'}</msg>
<var>${body}</var>
<arg>email=example@example.com</arg>
<arg>password=password123</arg>
<doc>Creates and returns a dictionary based on the given ``items``.</doc>
<status status="PASS" start="2025-10-07T14:37:12.766902" elapsed="0.000079"/>
</kw>
<kw name="POST On Session" owner="RequestsLibrary">
<msg time="2025-10-07T14:37:12.875892" level="INFO">POST Request : url=http://localhost:4173/api/v1/auth/login 
 path_url=/api/v1/auth/login 
 headers={'User-Agent': 'python-requests/2.32.5', 'Accept-Encoding': 'gzip, deflate', 'Accept': '*/*', 'Connection': 'keep-alive', 'Content-Length': '59', 'Content-Type': 'application/json'} 
 body=b'{"email": "example@example.com", "password": "password123"}' 
 </msg>
<msg time="2025-10-07T14:37:12.875932" level="INFO">POST Response : url=http://localhost:4173/api/v1/auth/login 
 status=200, reason=OK 
 headers={'Vary': 'Origin', 'x-powered-by': 'Express', 'access-control-allow-origin': '*', 'content-type': 'application/json; charset=utf-8', 'content-length': '306', 'etag': 'W/"132-lk0nSS75edfFg2lOoCwEv3Ucgd8"', 'date': 'Tue, 07 Oct 2025 17:37:12 GMT', 'connection': 'close'} 
 body={"success":true,"data":{"_id":"68e437b095f05c1694d9548d","name":"User Example","email":"example@example.com","role":"user","token":"eyJhbGciOiJIUzI1NiIsInR5cCI6IkpXVCJ9.eyJpZCI6IjY4ZTQzN2IwOTVmMDVjMTY5NGQ5NTQ4ZCIsImlhdCI6MTc1OTg1ODYzMiwiZXhwIjoxNzU5OTQ1MDMyfQ.g8fi7K4NkvDeioa0B5bsRNcAm-yYVsz_RLKlFRWaJ8g"}} 
 </msg>
<msg time="2025-10-07T14:37:12.875993" level="INFO">${response} = &lt;Response [200]&gt;</msg>
<var>${response}</var>
<arg>CinemaApp</arg>
<arg>/auth/login</arg>
<arg>json=${body}</arg>
<doc>Sends a POST request on a previously created HTTP Session.</doc>
<status status="PASS" start="2025-10-07T14:37:12.767019" elapsed="0.109033"/>
</kw>
<kw name="Should Be Equal As Integers" owner="BuiltIn">
<msg time="2025-10-07T14:37:12.876357" level="INFO">Argument types are:
&lt;class 'int'&gt;
&lt;class 'str'&gt;</msg>
<arg>${response.status_code}</arg>
<arg>200</arg>
<doc>Fails if objects are unequal after converting them to integers.</doc>
<status status="PASS" start="2025-10-07T14:37:12.876132" elapsed="0.000249"/>
</kw>
<kw name="Set Variable" owner="BuiltIn">
<msg time="2025-10-07T14:37:12.876602" level="INFO">${json} = {'success': True, 'data': {'_id': '68e437b095f05c1694d9548d', 'name': 'User Example', 'email': 'example@example.com', 'role': 'user', 'token': 'eyJhbGciOiJIUzI1NiIsInR5cCI6IkpXVCJ9.eyJpZCI6IjY4ZTQzN2I...</msg>
<var>${json}</var>
<arg>${response.json()}</arg>
<doc>Returns the given values which can then be assigned to a variables.</doc>
<status status="PASS" start="2025-10-07T14:37:12.876431" elapsed="0.000182"/>
</kw>
<kw name="Set Variable" owner="BuiltIn">
<msg time="2025-10-07T14:37:12.876806" level="INFO">${authorization} = eyJhbGciOiJIUzI1NiIsInR5cCI6IkpXVCJ9.eyJpZCI6IjY4ZTQzN2IwOTVmMDVjMTY5NGQ5NTQ4ZCIsImlhdCI6MTc1OTg1ODYzMiwiZXhwIjoxNzU5OTQ1MDMyfQ.g8fi7K4NkvDeioa0B5bsRNcAm-yYVsz_RLKlFRWaJ8g</msg>
<var>${authorization}</var>
<arg>${json['data']['token']}</arg>
<doc>Returns the given values which can then be assigned to a variables.</doc>
<status status="PASS" start="2025-10-07T14:37:12.876657" elapsed="0.000160"/>
</kw>
<kw name="Set Variable" owner="BuiltIn">
<msg time="2025-10-07T14:37:12.876919" level="INFO">${TOKEN} = eyJhbGciOiJIUzI1NiIsInR5cCI6IkpXVCJ9.eyJpZCI6IjY4ZTQzN2IwOTVmMDVjMTY5NGQ5NTQ4ZCIsImlhdCI6MTc1OTg1ODYzMiwiZXhwIjoxNzU5OTQ1MDMyfQ.g8fi7K4NkvDeioa0B5bsRNcAm-yYVsz_RLKlFRWaJ8g</msg>
<var>${TOKEN}</var>
<arg>${authorization}</arg>
<doc>Returns the given values which can then be assigned to a variables.</doc>
<status status="PASS" start="2025-10-07T14:37:12.876859" elapsed="0.000070"/>
</kw>
<return>
<value>${TOKEN}</value>
<status status="PASS" start="2025-10-07T14:37:12.876951" elapsed="0.000030"/>
</return>
<msg time="2025-10-07T14:37:12.877028" level="INFO">${BEARER} = eyJhbGciOiJIUzI1NiIsInR5cCI6IkpXVCJ9.eyJpZCI6IjY4ZTQzN2IwOTVmMDVjMTY5NGQ5NTQ4ZCIsImlhdCI6MTc1OTg1ODYzMiwiZXhwIjoxNzU5OTQ1MDMyfQ.g8fi7K4NkvDeioa0B5bsRNcAm-yYVsz_RLKlFRWaJ8g</msg>
<var>${BEARER}</var>
<status status="PASS" start="2025-10-07T14:37:12.766668" elapsed="0.110369"/>
</kw>
<status status="PASS" start="2025-10-07T14:37:12.766555" elapsed="0.110499"/>
</branch>
<branch type="ELSE IF" condition="'${testcase}' == 'token_valid'">
<kw name="Set Variable" owner="BuiltIn">
<var>${BEARER}</var>
<arg>'34u83873894'</arg>
<doc>Returns the given values which can then be assigned to a variables.</doc>
<status status="NOT RUN" start="2025-10-07T14:37:12.877133" elapsed="0.000017"/>
</kw>
<status status="NOT RUN" start="2025-10-07T14:37:12.877074" elapsed="0.000091"/>
</branch>
<status status="PASS" start="2025-10-07T14:37:12.766543" elapsed="0.110635"/>
</if>
<kw name="Create Session" owner="RequestsLibrary">
<msg time="2025-10-07T14:37:12.877271" level="INFO">Creating Session using : alias=CinemaApp, url=http://localhost:4173/api/v1, headers={},                     cookies={}, auth=None, timeout=None, proxies=None, verify=False,                     debug=0 </msg>
<arg>CinemaApp</arg>
<arg>${BASEURL}</arg>
<doc>Create Session: create a HTTP session to a server</doc>
<status status="PASS" start="2025-10-07T14:37:12.877212" elapsed="0.000106"/>
</kw>
<kw name="Create Dictionary" owner="BuiltIn">
<msg time="2025-10-07T14:37:12.877445" level="INFO">${headers} = {'Authorization': 'Bearer eyJhbGciOiJIUzI1NiIsInR5cCI6IkpXVCJ9.eyJpZCI6IjY4ZTQzN2IwOTVmMDVjMTY5NGQ5NTQ4ZCIsImlhdCI6MTc1OTg1ODYzMiwiZXhwIjoxNzU5OTQ1MDMyfQ.g8fi7K4NkvDeioa0B5bsRNcAm-yYVsz_RLKlFRWaJ8g'}</msg>
<var>${headers}</var>
<arg>Authorization=Bearer ${BEARER}</arg>
<doc>Creates and returns a dictionary based on the given ``items``.</doc>
<status status="PASS" start="2025-10-07T14:37:12.877361" elapsed="0.000094"/>
</kw>
<kw name="GET On Session" owner="RequestsLibrary">
<msg time="2025-10-07T14:37:12.973599" level="INFO">GET Request : url=http://localhost:4173/api/v1/auth/me 
 path_url=/api/v1/auth/me 
 headers={'User-Agent': 'python-requests/2.32.5', 'Accept-Encoding': 'gzip, deflate', 'Accept': '*/*', 'Connection': 'keep-alive', 'Authorization': 'Bearer eyJhbGciOiJIUzI1NiIsInR5cCI6IkpXVCJ9.eyJpZCI6IjY4ZTQzN2IwOTVmMDVjMTY5NGQ5NTQ4ZCIsImlhdCI6MTc1OTg1ODYzMiwiZXhwIjoxNzU5OTQ1MDMyfQ.g8fi7K4NkvDeioa0B5bsRNcAm-yYVsz_RLKlFRWaJ8g'} 
 body=None 
 </msg>
<msg time="2025-10-07T14:37:12.973640" level="INFO">GET Response : url=http://localhost:4173/api/v1/auth/me 
 status=200, reason=OK 
 headers={'Vary': 'Origin', 'x-powered-by': 'Express', 'access-control-allow-origin': '*', 'content-type': 'application/json; charset=utf-8', 'content-length': '124', 'etag': 'W/"7c-nIc6EsCSKiCmEtXLcdJ1e2khqH4"', 'date': 'Tue, 07 Oct 2025 17:37:12 GMT', 'connection': 'close'} 
 body={"success":true,"data":{"_id":"68e437b095f05c1694d9548d","name":"User Example","email":"example@example.com","role":"user"}} 
 </msg>
<msg time="2025-10-07T14:37:12.973696" level="INFO">${response} = &lt;Response [200]&gt;</msg>
<var>${response}</var>
<arg>CinemaApp</arg>
<arg>/auth/me</arg>
<arg>headers=${headers}</arg>
<arg>expected_status=any</arg>
<doc>Sends a GET request on a previously created HTTP Session.</doc>
<status status="PASS" start="2025-10-07T14:37:12.877499" elapsed="0.096213"/>
</kw>
<kw name="Run Keyword If" owner="BuiltIn">
<kw name="Validar Sucesso na Requisição" owner="auth_me_keywords">
<kw name="Run Keyword And Continue On Failure" owner="BuiltIn">
<kw name="Should Be Equal As Integers" owner="BuiltIn">
<msg time="2025-10-07T14:37:12.974514" level="INFO">Argument types are:
&lt;class 'int'&gt;
&lt;class 'str'&gt;</msg>
<arg>${response.status_code}</arg>
<arg>200</arg>
<doc>Fails if objects are unequal after converting them to integers.</doc>
<status status="PASS" start="2025-10-07T14:37:12.974271" elapsed="0.000275"/>
</kw>
<arg>Should Be Equal As Integers</arg>
<arg>${response.status_code}</arg>
<arg>200</arg>
<doc>Runs the keyword and continues execution even if a failure occurs.</doc>
<status status="PASS" start="2025-10-07T14:37:12.974182" elapsed="0.000399"/>
</kw>
<arg>${response}</arg>
<status status="PASS" start="2025-10-07T14:37:12.974015" elapsed="0.000601"/>
</kw>
<arg>'${testcase}' == 'token_valid'</arg>
<arg>Validar Sucesso na Requisição</arg>
<arg>${response}</arg>
<arg>ELSE IF</arg>
<arg>'${testcase}' != 'token_valid'</arg>
<arg>Validar Falha na Requisição</arg>
<arg>${response}</arg>
<doc>Runs the given keyword with the given arguments, if ``condition`` is true.</doc>
<status status="PASS" start="2025-10-07T14:37:12.973804" elapsed="0.000840"/>
</kw>
<kw name="Log" owner="BuiltIn">
<msg time="2025-10-07T14:37:12.974984" level="INFO">Mensagem de status: {'success': True, 'data': {'_id': '68e437b095f05c1694d9548d', 'name': 'User Example', 'email': 'example@example.com', 'role': 'user'}}</msg>
<arg>Mensagem de status: ${response.json()}</arg>
<arg>console=True</arg>
<doc>Logs the given message with the given level.</doc>
<status status="PASS" start="2025-10-07T14:37:12.974714" elapsed="0.000315"/>
</kw>
<kw name="Log To Console" owner="BuiltIn">
<arg>Status code: ${response.status_code}</arg>
<doc>Logs the given message to the console.</doc>
<status status="PASS" start="2025-10-07T14:37:12.975095" elapsed="0.000222"/>
</kw>
<arg>token_valid</arg>
<status status="PASS" start="2025-10-07T14:37:12.766314" elapsed="0.209040"/>
</kw>
<tag>200</tag>
<tag>user_info</tag>
<tag>valid</tag>
<tag>with_token</tag>
<status status="PASS" start="2025-10-07T14:37:12.765485" elapsed="0.209947"/>
</test>
<test id="s1-t6" name="CT-AUTH-006" line="37">
<kw name="Obter Informações do Usuário" owner="auth_me_keywords">
<kw name="Set Variable" owner="BuiltIn">
<msg time="2025-10-07T14:37:12.979358" level="INFO">${BEARER} = ''</msg>
<var>${BEARER}</var>
<arg>''</arg>
<doc>Returns the given values which can then be assigned to a variables.</doc>
<status status="PASS" start="2025-10-07T14:37:12.979274" elapsed="0.000132"/>
</kw>
<if>
<branch type="IF" condition="'${testcase}' == 'token_valid'">
<kw name="Gerar Novo Token" owner="token">
<var>${BEARER}</var>
<status status="NOT RUN" start="2025-10-07T14:37:12.979615" elapsed="0.000031"/>
</kw>
<status status="NOT RUN" start="2025-10-07T14:37:12.979461" elapsed="0.000210"/>
</branch>
<branch type="ELSE IF" condition="'${testcase}' == 'token_valid'">
<kw name="Set Variable" owner="BuiltIn">
<var>${BEARER}</var>
<arg>'34u83873894'</arg>
<doc>Returns the given values which can then be assigned to a variables.</doc>
<status status="NOT RUN" start="2025-10-07T14:37:12.979796" elapsed="0.000026"/>
</kw>
<status status="NOT RUN" start="2025-10-07T14:37:12.979693" elapsed="0.000153"/>
</branch>
<status status="PASS" start="2025-10-07T14:37:12.979448" elapsed="0.000416"/>
</if>
<kw name="Create Session" owner="RequestsLibrary">
<msg time="2025-10-07T14:37:12.979996" level="INFO">Creating Session using : alias=CinemaApp, url=http://localhost:4173/api/v1, headers={},                     cookies={}, auth=None, timeout=None, proxies=None, verify=False,                     debug=0 </msg>
<arg>CinemaApp</arg>
<arg>${BASEURL}</arg>
<doc>Create Session: create a HTTP session to a server</doc>
<status status="PASS" start="2025-10-07T14:37:12.979915" elapsed="0.000151"/>
</kw>
<kw name="Create Dictionary" owner="BuiltIn">
<msg time="2025-10-07T14:37:12.980258" level="INFO">${headers} = {'Authorization': "Bearer ''"}</msg>
<var>${headers}</var>
<arg>Authorization=Bearer ${BEARER}</arg>
<doc>Creates and returns a dictionary based on the given ``items``.</doc>
<status status="PASS" start="2025-10-07T14:37:12.980132" elapsed="0.000141"/>
</kw>
<kw name="GET On Session" owner="RequestsLibrary">
<msg time="2025-10-07T14:37:12.982437" level="INFO">GET Request : url=http://localhost:4173/api/v1/auth/me 
 path_url=/api/v1/auth/me 
 headers={'User-Agent': 'python-requests/2.32.5', 'Accept-Encoding': 'gzip, deflate', 'Accept': '*/*', 'Connection': 'keep-alive', 'Authorization': "Bearer ''"} 
 body=None 
 </msg>
<msg time="2025-10-07T14:37:12.982472" level="INFO">GET Response : url=http://localhost:4173/api/v1/auth/me 
 status=401, reason=Unauthorized 
 headers={'Vary': 'Origin', 'x-powered-by': 'Express', 'access-control-allow-origin': '*', 'content-type': 'application/json; charset=utf-8', 'content-length': '65', 'etag': 'W/"41-TJq3LYiwj1On+7IZ17oLU5tM1Zs"', 'date': 'Tue, 07 Oct 2025 17:37:12 GMT', 'connection': 'close'} 
 body={"success":false,"message":"Not authorized to access this route"} 
 </msg>
<msg time="2025-10-07T14:37:12.982525" level="INFO">${response} = &lt;Response [401]&gt;</msg>
<var>${response}</var>
<arg>CinemaApp</arg>
<arg>/auth/me</arg>
<arg>headers=${headers}</arg>
<arg>expected_status=any</arg>
<doc>Sends a GET request on a previously created HTTP Session.</doc>
<status status="PASS" start="2025-10-07T14:37:12.980334" elapsed="0.002205"/>
</kw>
<kw name="Run Keyword If" owner="BuiltIn">
<kw name="Validar Falha na Requisição" owner="auth_me_keywords">
<kw name="Convert To Integer" owner="BuiltIn">
<msg time="2025-10-07T14:37:12.983179" level="INFO">${status_code} = 401</msg>
<var>${status_code}</var>
<arg>${response.status_code}</arg>
<doc>Converts the given item to an integer number.</doc>
<status status="PASS" start="2025-10-07T14:37:12.982950" elapsed="0.000243"/>
</kw>
<kw name="Run Keyword And Continue On Failure" owner="BuiltIn">
<kw name="Should Be True" owner="BuiltIn">
<arg>${status_code} in [400, 401]</arg>
<doc>Fails if the given condition is not true.</doc>
<status status="PASS" start="2025-10-07T14:37:12.983342" elapsed="0.000095"/>
</kw>
<arg>Should Be True</arg>
<arg>${status_code} in [400, 401]</arg>
<doc>Runs the keyword and continues execution even if a failure occurs.</doc>
<status status="PASS" start="2025-10-07T14:37:12.983257" elapsed="0.000209"/>
</kw>
<arg>${response}</arg>
<status status="PASS" start="2025-10-07T14:37:12.982798" elapsed="0.000697"/>
</kw>
<arg>'${testcase}' == 'token_valid'</arg>
<arg>Validar Sucesso na Requisição</arg>
<arg>${response}</arg>
<arg>ELSE IF</arg>
<arg>'${testcase}' != 'token_valid'</arg>
<arg>Validar Falha na Requisição</arg>
<arg>${response}</arg>
<doc>Runs the given keyword with the given arguments, if ``condition`` is true.</doc>
<status status="PASS" start="2025-10-07T14:37:12.982619" elapsed="0.000901"/>
</kw>
<kw name="Log" owner="BuiltIn">
<msg time="2025-10-07T14:37:12.983814" level="INFO">Mensagem de status: {'success': False, 'message': 'Not authorized to access this route'}</msg>
<arg>Mensagem de status: ${response.json()}</arg>
<arg>console=True</arg>
<doc>Logs the given message with the given level.</doc>
<status status="PASS" start="2025-10-07T14:37:12.983582" elapsed="0.000264"/>
</kw>
<kw name="Log To Console" owner="BuiltIn">
<arg>Status code: ${response.status_code}</arg>
<doc>Logs the given message to the console.</doc>
<status status="PASS" start="2025-10-07T14:37:12.983906" elapsed="0.000203"/>
</kw>
<arg>token_invalid</arg>
<status status="PASS" start="2025-10-07T14:37:12.979095" elapsed="0.005048"/>
</kw>
<tag>401</tag>
<tag>invalid</tag>
<tag>user_info</tag>
<tag>without_token</tag>
<status status="PASS" start="2025-10-07T14:37:12.978143" elapsed="0.006061"/>
</test>
<test id="s1-t7" name="CT-AUTH-007" line="41">
<kw name="Obter Informações do Usuário" owner="auth_me_keywords">
<kw name="Set Variable" owner="BuiltIn">
<msg time="2025-10-07T14:37:12.986698" level="INFO">${BEARER} = ''</msg>
<var>${BEARER}</var>
<arg>''</arg>
<doc>Returns the given values which can then be assigned to a variables.</doc>
<status status="PASS" start="2025-10-07T14:37:12.986631" elapsed="0.000081"/>
</kw>
<if>
<branch type="IF" condition="'${testcase}' == 'token_valid'">
<kw name="Gerar Novo Token" owner="token">
<var>${BEARER}</var>
<status status="NOT RUN" start="2025-10-07T14:37:12.986868" elapsed="0.000027"/>
</kw>
<status status="NOT RUN" start="2025-10-07T14:37:12.986750" elapsed="0.000166"/>
</branch>
<branch type="ELSE IF" condition="'${testcase}' == 'token_valid'">
<kw name="Set Variable" owner="BuiltIn">
<var>${BEARER}</var>
<arg>'34u83873894'</arg>
<doc>Returns the given values which can then be assigned to a variables.</doc>
<status status="NOT RUN" start="2025-10-07T14:37:12.987022" elapsed="0.000022"/>
</kw>
<status status="NOT RUN" start="2025-10-07T14:37:12.986934" elapsed="0.000130"/>
</branch>
<status status="PASS" start="2025-10-07T14:37:12.986741" elapsed="0.000339"/>
</if>
<kw name="Create Session" owner="RequestsLibrary">
<msg time="2025-10-07T14:37:12.987194" level="INFO">Creating Session using : alias=CinemaApp, url=http://localhost:4173/api/v1, headers={},                     cookies={}, auth=None, timeout=None, proxies=None, verify=False,                     debug=0 </msg>
<arg>CinemaApp</arg>
<arg>${BASEURL}</arg>
<doc>Create Session: create a HTTP session to a server</doc>
<status status="PASS" start="2025-10-07T14:37:12.987124" elapsed="0.000126"/>
</kw>
<kw name="Create Dictionary" owner="BuiltIn">
<msg time="2025-10-07T14:37:12.987419" level="INFO">${headers} = {'Authorization': "Bearer ''"}</msg>
<var>${headers}</var>
<arg>Authorization=Bearer ${BEARER}</arg>
<doc>Creates and returns a dictionary based on the given ``items``.</doc>
<status status="PASS" start="2025-10-07T14:37:12.987310" elapsed="0.000122"/>
</kw>
<kw name="GET On Session" owner="RequestsLibrary">
<msg time="2025-10-07T14:37:12.989270" level="INFO">GET Request : url=http://localhost:4173/api/v1/auth/me 
 path_url=/api/v1/auth/me 
 headers={'User-Agent': 'python-requests/2.32.5', 'Accept-Encoding': 'gzip, deflate', 'Accept': '*/*', 'Connection': 'keep-alive', 'Authorization': "Bearer ''"} 
 body=None 
 </msg>
<msg time="2025-10-07T14:37:12.989299" level="INFO">GET Response : url=http://localhost:4173/api/v1/auth/me 
 status=401, reason=Unauthorized 
 headers={'Vary': 'Origin', 'x-powered-by': 'Express', 'access-control-allow-origin': '*', 'content-type': 'application/json; charset=utf-8', 'content-length': '65', 'etag': 'W/"41-TJq3LYiwj1On+7IZ17oLU5tM1Zs"', 'date': 'Tue, 07 Oct 2025 17:37:12 GMT', 'connection': 'close'} 
 body={"success":false,"message":"Not authorized to access this route"} 
 </msg>
<msg time="2025-10-07T14:37:12.989369" level="INFO">${response} = &lt;Response [401]&gt;</msg>
<var>${response}</var>
<arg>CinemaApp</arg>
<arg>/auth/me</arg>
<arg>headers=${headers}</arg>
<arg>expected_status=any</arg>
<doc>Sends a GET request on a previously created HTTP Session.</doc>
<status status="PASS" start="2025-10-07T14:37:12.987487" elapsed="0.001896"/>
</kw>
<kw name="Run Keyword If" owner="BuiltIn">
<kw name="Validar Falha na Requisição" owner="auth_me_keywords">
<kw name="Convert To Integer" owner="BuiltIn">
<msg time="2025-10-07T14:37:12.989947" level="INFO">${status_code} = 401</msg>
<var>${status_code}</var>
<arg>${response.status_code}</arg>
<doc>Converts the given item to an integer number.</doc>
<status status="PASS" start="2025-10-07T14:37:12.989745" elapsed="0.000215"/>
</kw>
<kw name="Run Keyword And Continue On Failure" owner="BuiltIn">
<kw name="Should Be True" owner="BuiltIn">
<arg>${status_code} in [400, 401]</arg>
<doc>Fails if the given condition is not true.</doc>
<status status="PASS" start="2025-10-07T14:37:12.990095" elapsed="0.000087"/>
</kw>
<arg>Should Be True</arg>
<arg>${status_code} in [400, 401]</arg>
<doc>Runs the keyword and continues execution even if a failure occurs.</doc>
<status status="PASS" start="2025-10-07T14:37:12.990019" elapsed="0.000190"/>
</kw>
<arg>${response}</arg>
<status status="PASS" start="2025-10-07T14:37:12.989609" elapsed="0.000626"/>
</kw>
<arg>'${testcase}' == 'token_valid'</arg>
<arg>Validar Sucesso na Requisição</arg>
<arg>${response}</arg>
<arg>ELSE IF</arg>
<arg>'${testcase}' != 'token_valid'</arg>
<arg>Validar Falha na Requisição</arg>
<arg>${response}</arg>
<doc>Runs the given keyword with the given arguments, if ``condition`` is true.</doc>
<status status="PASS" start="2025-10-07T14:37:12.989453" elapsed="0.000805"/>
</kw>
<kw name="Log" owner="BuiltIn">
<msg time="2025-10-07T14:37:12.990524" level="INFO">Mensagem de status: {'success': False, 'message': 'Not authorized to access this route'}</msg>
<arg>Mensagem de status: ${response.json()}</arg>
<arg>console=True</arg>
<doc>Logs the given message with the given level.</doc>
<status status="PASS" start="2025-10-07T14:37:12.990316" elapsed="0.000236"/>
</kw>
<kw name="Log To Console" owner="BuiltIn">
<arg>Status code: ${response.status_code}</arg>
<doc>Logs the given message to the console.</doc>
<status status="PASS" start="2025-10-07T14:37:12.990606" elapsed="0.000172"/>
</kw>
<arg>token_wrong</arg>
<status status="PASS" start="2025-10-07T14:37:12.986497" elapsed="0.004309"/>
</kw>
<tag>403</tag>
<tag>invalid</tag>
<tag>user_info</tag>
<tag>with_wrong_token</tag>
<status status="PASS" start="2025-10-07T14:37:12.985680" elapsed="0.005180"/>
</test>
<status status="FAIL" start="2025-10-07T14:37:10.820021" elapsed="2.172510"/>
</suite>
<statistics>
<total>
<stat pass="6" fail="1" skip="0">All Tests</stat>
</total>
<tag>
<stat pass="2" fail="0" skip="0">200</stat>
<stat pass="1" fail="0" skip="0">201</stat>
<stat pass="1" fail="1" skip="0">400</stat>
<stat pass="1" fail="0" skip="0">401</stat>
<stat pass="1" fail="0" skip="0">403</stat>
<stat pass="2" fail="1" skip="0">invalid</stat>
<stat pass="1" fail="1" skip="0">login</stat>
<stat pass="2" fail="0" skip="0">register</stat>
<stat pass="1" fail="0" skip="0">repeated</stat>
<stat pass="3" fail="0" skip="0">user_info</stat>
<stat pass="3" fail="0" skip="0">valid</stat>
<stat pass="1" fail="0" skip="0">without_token</stat>
<stat pass="1" fail="0" skip="0">with_token</stat>
<stat pass="1" fail="0" skip="0">with_wrong_token</stat>
</tag>
<suite>
<stat name="Api Test" id="s1" pass="6" fail="1" skip="0">Api Test</stat>
</suite>
</statistics>
<errors>
</errors>
</robot>
